0 -0.180348 3 0.000014
1 -0.176879 10 0.000048
2 -0.173411 16 0.000077
3 -0.169943 25 0.000120
4 -0.166475 26 0.000125
5 -0.163007 59 0.000284
6 -0.159538 59 0.000284
7 -0.156070 65 0.000313
8 -0.152602 41 0.000198
9 -0.149134 35 0.000169
10 -0.145665 31 0.000149
11 -0.142197 34 0.000164
12 -0.138729 86 0.000414
13 -0.135261 65 0.000313
14 -0.131793 78 0.000376
15 -0.128324 66 0.000318
16 -0.124856 67 0.000323
17 -0.121388 48 0.000231
18 -0.117920 100 0.000482
19 -0.114451 73 0.000352
20 -0.110983 55 0.000265
21 -0.107515 62 0.000299
22 -0.104047 58 0.000279
23 -0.100578 73 0.000352
24 -0.097110 169 0.000814
25 -0.093642 296 0.001426
26 -0.090174 213 0.001026
27 -0.086706 199 0.000959
28 -0.083237 435 0.002096
29 -0.079769 346 0.001667
30 -0.076301 256 0.001233
31 -0.072833 327 0.001575
32 -0.069364 292 0.001407
33 -0.065896 526 0.002534
34 -0.062428 508 0.002448
35 -0.058960 609 0.002934
36 -0.055491 1011 0.004871
37 -0.052023 1214 0.005849
38 -0.048555 1521 0.007328
39 -0.045087 1679 0.008089
40 -0.041619 2342 0.011284
41 -0.038150 2465 0.011876
42 -0.034682 2279 0.010980
43 -0.031214 3197 0.015403
44 -0.027746 4006 0.019301
45 -0.024277 5019 0.024181
46 -0.020809 8001 0.038549
47 -0.017341 11628 0.056023
48 -0.013873 14629 0.070482
49 -0.010404 16271 0.078393
50 -0.006936 17066 0.082224
51 -0.003468 19146 0.092245
52 0.000000 18845 0.090795
53 0.003468 14203 0.068430
54 0.006937 12071 0.058158
55 0.010405 10668 0.051398
56 0.013873 7088 0.034150
57 0.017341 4828 0.023261
58 0.020810 4243 0.020443
59 0.024278 3387 0.016318
60 0.027746 2920 0.014068
61 0.031214 2280 0.010985
62 0.034682 1773 0.008542
63 0.038151 924 0.004452
64 0.041619 652 0.003141
65 0.045087 785 0.003782
66 0.048555 507 0.002443
67 0.052024 510 0.002457
68 0.055492 494 0.002380
69 0.058960 488 0.002351
70 0.062428 273 0.001315
71 0.065897 266 0.001282
72 0.069365 262 0.001262
73 0.072833 222 0.001070
74 0.076301 195 0.000940
75 0.079769 226 0.001089
76 0.083238 244 0.001176
77 0.086706 252 0.001214
78 0.090174 217 0.001046
79 0.093642 167 0.000805
80 0.097111 160 0.000771
81 0.100579 128 0.000617
82 0.104047 121 0.000583
83 0.107515 116 0.000559
84 0.110984 129 0.000622
85 0.114452 128 0.000617
86 0.117920 107 0.000516
87 0.121388 63 0.000304
88 0.124856 71 0.000342
89 0.128325 73 0.000352
90 0.131793 104 0.000501
91 0.135261 128 0.000617
92 0.138729 78 0.000376
93 0.142198 88 0.000424
94 0.145666 63 0.000304
95 0.149134 64 0.000308
96 0.152602 9 0.000043
97 0.156071 14 0.000067
98 0.159539 35 0.000169
99 0.163007 2 0.000010
