0 -0.507790 3 0.000014
1 -0.497689 1 0.000005
2 -0.487588 1 0.000005
3 -0.477486 1 0.000005
4 -0.467385 2 0.000010
5 -0.457284 0 0.000000
6 -0.447182 0 0.000000
7 -0.437081 0 0.000000
8 -0.426980 0 0.000000
9 -0.416878 5 0.000024
10 -0.406777 3 0.000014
11 -0.396676 4 0.000019
12 -0.386574 34 0.000164
13 -0.376473 6 0.000029
14 -0.366372 0 0.000000
15 -0.356270 1 0.000005
16 -0.346169 0 0.000000
17 -0.336068 1 0.000005
18 -0.325967 2 0.000010
19 -0.315865 20 0.000096
20 -0.305764 49 0.000236
21 -0.295663 75 0.000361
22 -0.285561 87 0.000419
23 -0.275460 17 0.000082
24 -0.265359 32 0.000154
25 -0.255257 5 0.000024
26 -0.245156 8 0.000039
27 -0.235055 6 0.000029
28 -0.224953 22 0.000106
29 -0.214852 122 0.000588
30 -0.204751 286 0.001378
31 -0.194649 580 0.002794
32 -0.184548 507 0.002443
33 -0.174447 973 0.004688
34 -0.164345 527 0.002539
35 -0.154244 537 0.002587
36 -0.144143 1149 0.005536
37 -0.134041 2379 0.011462
38 -0.123940 1889 0.009101
39 -0.113839 1840 0.008865
40 -0.103737 2209 0.010643
41 -0.093636 2729 0.013148
42 -0.083535 5811 0.027997
43 -0.073433 6334 0.030517
44 -0.063332 2860 0.013779
45 -0.053231 2596 0.012507
46 -0.043129 4830 0.023271
47 -0.033028 6361 0.030647
48 -0.022927 5625 0.027101
49 -0.012825 25369 0.122227
50 -0.002724 79953 0.385212
51 0.007377 5446 0.026239
52 0.017478 5690 0.027414
53 0.027580 5873 0.028296
54 0.037681 3554 0.017123
55 0.047782 2900 0.013972
56 0.057884 3608 0.017383
57 0.067985 5499 0.026494
58 0.078086 2882 0.013885
59 0.088188 2444 0.011775
60 0.098289 2082 0.010031
61 0.108390 1549 0.007463
62 0.118492 3934 0.018954
63 0.128593 1749 0.008427
64 0.138694 514 0.002476
65 0.148796 554 0.002669
66 0.158897 743 0.003580
67 0.168998 1234 0.005945
68 0.179100 582 0.002804
69 0.189201 395 0.001903
70 0.199302 182 0.000877
71 0.209404 17 0.000082
72 0.219505 6 0.000029
73 0.229606 4 0.000019
74 0.239708 5 0.000024
75 0.249809 5 0.000024
76 0.259910 23 0.000111
77 0.270012 30 0.000145
78 0.280113 58 0.000279
79 0.290214 82 0.000395
80 0.300315 23 0.000111
81 0.310417 0 0.000000
82 0.320518 0 0.000000
83 0.330619 0 0.000000
84 0.340721 3 0.000014
85 0.350822 1 0.000005
86 0.360923 10 0.000048
87 0.371025 5 0.000024
88 0.381126 6 0.000029
89 0.391227 9 0.000043
90 0.401329 1 0.000005
91 0.411430 0 0.000000
92 0.421531 0 0.000000
93 0.431633 0 0.000000
94 0.441734 0 0.000000
95 0.451835 0 0.000000
96 0.461937 0 0.000000
97 0.472038 1 0.000005
98 0.482139 0 0.000000
99 0.492241 2 0.000010
