0 -0.507790 3 0.000005
1 -0.497689 1 0.000002
2 -0.487588 1 0.000002
3 -0.477486 1 0.000002
4 -0.467385 2 0.000003
5 -0.457284 0 0.000000
6 -0.447182 0 0.000000
7 -0.437081 0 0.000000
8 -0.426980 0 0.000000
9 -0.416878 5 0.000008
10 -0.406777 3 0.000005
11 -0.396676 4 0.000006
12 -0.386574 34 0.000055
13 -0.376473 6 0.000010
14 -0.366372 0 0.000000
15 -0.356270 1 0.000002
16 -0.346169 0 0.000000
17 -0.336068 1 0.000002
18 -0.325967 2 0.000003
19 -0.315865 20 0.000032
20 -0.305764 49 0.000079
21 -0.295663 75 0.000120
22 -0.285561 87 0.000140
23 -0.275460 17 0.000027
24 -0.265359 32 0.000051
25 -0.255257 5 0.000008
26 -0.245156 8 0.000013
27 -0.235055 6 0.000010
28 -0.224953 22 0.000035
29 -0.214852 159 0.000255
30 -0.204751 401 0.000644
31 -0.194649 702 0.001127
32 -0.184548 603 0.000968
33 -0.174447 1155 0.001855
34 -0.164345 791 0.001270
35 -0.154244 962 0.001545
36 -0.144143 1669 0.002680
37 -0.134041 3012 0.004837
38 -0.123940 2751 0.004418
39 -0.113839 2870 0.004609
40 -0.103737 3407 0.005472
41 -0.093636 4452 0.007150
42 -0.083535 8082 0.012980
43 -0.073433 8964 0.014396
44 -0.063332 7255 0.011651
45 -0.053231 10482 0.016834
46 -0.043129 17268 0.027732
47 -0.033028 27827 0.044690
48 -0.022927 57592 0.092492
49 -0.012825 119759 0.192332
50 -0.002724 175462 0.281791
51 0.007377 60973 0.097922
52 0.017478 29557 0.047468
53 0.027580 19475 0.031277
54 0.037681 9333 0.014989
55 0.047782 6845 0.010993
56 0.057884 6475 0.010399
57 0.067985 7457 0.011976
58 0.078086 4675 0.007508
59 0.088188 3905 0.006271
60 0.098289 3139 0.005041
61 0.108390 2323 0.003731
62 0.118492 4382 0.007037
63 0.128593 2262 0.003633
64 0.138694 900 0.001445
65 0.148796 741 0.001190
66 0.158897 880 0.001413
67 0.168998 1346 0.002162
68 0.179100 685 0.001100
69 0.189201 524 0.000842
70 0.199302 267 0.000429
71 0.209404 163 0.000262
72 0.219505 63 0.000101
73 0.229606 24 0.000039
74 0.239708 5 0.000008
75 0.249809 5 0.000008
76 0.259910 23 0.000037
77 0.270012 30 0.000048
78 0.280113 58 0.000093
79 0.290214 82 0.000132
80 0.300315 23 0.000037
81 0.310417 0 0.000000
82 0.320518 0 0.000000
83 0.330619 0 0.000000
84 0.340721 3 0.000005
85 0.350822 1 0.000002
86 0.360923 10 0.000016
87 0.371025 5 0.000008
88 0.381126 6 0.000010
89 0.391227 9 0.000014
90 0.401329 1 0.000002
91 0.411430 0 0.000000
92 0.421531 0 0.000000
93 0.431633 0 0.000000
94 0.441734 0 0.000000
95 0.451835 0 0.000000
96 0.461937 0 0.000000
97 0.472038 1 0.000002
98 0.482139 0 0.000000
99 0.492241 2 0.000003
