0 0.000000 282368 0.941227
1 0.006028 8894 0.029647
2 0.012056 3736 0.012453
3 0.018085 1880 0.006267
4 0.024113 1128 0.003760
5 0.030141 656 0.002187
6 0.036169 432 0.001440
7 0.042197 278 0.000927
8 0.048225 170 0.000567
9 0.054254 132 0.000440
10 0.060282 89 0.000297
11 0.066310 57 0.000190
12 0.072338 47 0.000157
13 0.078366 37 0.000123
14 0.084394 18 0.000060
15 0.090423 17 0.000057
16 0.096451 9 0.000030
17 0.102479 7 0.000023
18 0.108507 10 0.000033
19 0.114535 6 0.000020
20 0.120563 4 0.000013
21 0.126592 3 0.000010
22 0.132620 2 0.000007
23 0.138648 3 0.000010
24 0.144676 2 0.000007
25 0.150704 2 0.000007
26 0.156732 3 0.000010
27 0.162761 0 0.000000
28 0.168789 0 0.000000
29 0.174817 0 0.000000
30 0.180845 1 0.000003
31 0.186873 0 0.000000
32 0.192902 2 0.000007
33 0.198930 0 0.000000
34 0.204958 2 0.000007
35 0.210986 0 0.000000
36 0.217014 2 0.000007
37 0.223042 0 0.000000
38 0.229071 0 0.000000
39 0.235099 0 0.000000
40 0.241127 0 0.000000
41 0.247155 1 0.000003
42 0.253183 0 0.000000
43 0.259211 1 0.000003
44 0.265240 0 0.000000
45 0.271268 0 0.000000
46 0.277296 0 0.000000
47 0.283324 0 0.000000
48 0.289352 0 0.000000
49 0.295380 0 0.000000
50 0.301409 0 0.000000
51 0.307437 0 0.000000
52 0.313465 0 0.000000
53 0.319493 0 0.000000
54 0.325521 0 0.000000
55 0.331550 0 0.000000
56 0.337578 0 0.000000
57 0.343606 0 0.000000
58 0.349634 0 0.000000
59 0.355662 0 0.000000
60 0.361690 0 0.000000
61 0.367719 0 0.000000
62 0.373747 0 0.000000
63 0.379775 0 0.000000
64 0.385803 0 0.000000
65 0.391831 0 0.000000
66 0.397859 0 0.000000
67 0.403888 0 0.000000
68 0.409916 0 0.000000
69 0.415944 0 0.000000
70 0.421972 0 0.000000
71 0.428000 0 0.000000
72 0.434028 0 0.000000
73 0.440057 0 0.000000
74 0.446085 0 0.000000
75 0.452113 0 0.000000
76 0.458141 0 0.000000
77 0.464169 0 0.000000
78 0.470197 0 0.000000
79 0.476226 0 0.000000
80 0.482254 0 0.000000
81 0.488282 0 0.000000
82 0.494310 0 0.000000
83 0.500338 0 0.000000
84 0.506367 0 0.000000
85 0.512395 0 0.000000
86 0.518423 0 0.000000
87 0.524451 0 0.000000
88 0.530479 0 0.000000
89 0.536507 0 0.000000
90 0.542536 0 0.000000
91 0.548564 0 0.000000
92 0.554592 0 0.000000
93 0.560620 0 0.000000
94 0.566648 0 0.000000
95 0.572676 0 0.000000
96 0.578705 0 0.000000
97 0.584733 0 0.000000
98 0.590761 0 0.000000
99 0.596789 1 0.000003
