0 -0.193305 4 0.000040
1 -0.189379 7 0.000070
2 -0.185453 1 0.000010
3 -0.181527 2 0.000020
4 -0.177601 2 0.000020
5 -0.173675 4 0.000040
6 -0.169750 12 0.000120
7 -0.165824 10 0.000100
8 -0.161898 7 0.000070
9 -0.157972 11 0.000110
10 -0.154046 3 0.000030
11 -0.150121 11 0.000110
12 -0.146195 11 0.000110
13 -0.142269 10 0.000100
14 -0.138343 7 0.000070
15 -0.134417 10 0.000100
16 -0.130492 7 0.000070
17 -0.126566 12 0.000120
18 -0.122640 21 0.000210
19 -0.118714 14 0.000140
20 -0.114788 19 0.000190
21 -0.110862 30 0.000300
22 -0.106937 32 0.000320
23 -0.103011 17 0.000170
24 -0.099085 51 0.000510
25 -0.095159 60 0.000600
26 -0.091233 75 0.000750
27 -0.087308 86 0.000860
28 -0.083382 118 0.001180
29 -0.079456 155 0.001550
30 -0.075530 173 0.001730
31 -0.071604 206 0.002060
32 -0.067679 283 0.002830
33 -0.063753 332 0.003320
34 -0.059827 367 0.003670
35 -0.055901 444 0.004440
36 -0.051975 576 0.005760
37 -0.048050 762 0.007620
38 -0.044124 862 0.008620
39 -0.040198 1066 0.010660
40 -0.036272 1457 0.014570
41 -0.032346 1811 0.018110
42 -0.028420 2196 0.021960
43 -0.024495 2889 0.028890
44 -0.020569 3727 0.037270
45 -0.016643 5464 0.054640
46 -0.012717 8468 0.084680
47 -0.008791 11272 0.112720
48 -0.004866 12332 0.123320
49 -0.000940 11996 0.119960
50 0.002986 8695 0.086950
51 0.006912 5879 0.058790
52 0.010838 4024 0.040240
53 0.014763 2854 0.028540
54 0.018689 2223 0.022230
55 0.022615 1609 0.016090
56 0.026541 1249 0.012490
57 0.030467 1072 0.010720
58 0.034392 904 0.009040
59 0.038318 684 0.006840
60 0.042244 523 0.005230
61 0.046170 461 0.004610
62 0.050096 419 0.004190
63 0.054022 336 0.003360
64 0.057947 286 0.002860
65 0.061873 216 0.002160
66 0.065799 207 0.002070
67 0.069725 152 0.001520
68 0.073651 109 0.001090
69 0.077576 81 0.000810
70 0.081502 85 0.000850
71 0.085428 85 0.000850
72 0.089354 65 0.000650
73 0.093280 65 0.000650
74 0.097205 40 0.000400
75 0.101131 25 0.000250
76 0.105057 32 0.000320
77 0.108983 15 0.000150
78 0.112909 11 0.000110
79 0.116834 16 0.000160
80 0.120760 13 0.000130
81 0.124686 13 0.000130
82 0.128612 11 0.000110
83 0.132538 11 0.000110
84 0.136464 12 0.000120
85 0.140389 9 0.000090
86 0.144315 7 0.000070
87 0.148241 1 0.000010
88 0.152167 3 0.000030
89 0.156093 0 0.000000
90 0.160018 0 0.000000
91 0.163944 3 0.000030
92 0.167870 2 0.000020
93 0.171796 0 0.000000
94 0.175722 0 0.000000
95 0.179647 0 0.000000
96 0.183573 0 0.000000
97 0.187499 0 0.000000
98 0.191425 0 0.000000
99 0.195351 1 0.000010
