0 0.000000 7 0.000007
1 0.010101 67 0.000069
2 0.020202 162 0.000168
3 0.030303 149 0.000154
4 0.040404 164 0.000170
5 0.050505 257 0.000266
6 0.060606 179 0.000186
7 0.070707 160 0.000166
8 0.080808 245 0.000254
9 0.090909 191 0.000198
10 0.101010 219 0.000227
11 0.111111 183 0.000190
12 0.121212 247 0.000256
13 0.131313 215 0.000223
14 0.141414 193 0.000200
15 0.151515 272 0.000282
16 0.161616 293 0.000304
17 0.171717 315 0.000327
18 0.181818 374 0.000388
19 0.191919 354 0.000367
20 0.202020 555 0.000575
21 0.212121 684 0.000709
22 0.222222 689 0.000714
23 0.232323 561 0.000582
24 0.242424 730 0.000757
25 0.252525 1026 0.001064
26 0.262626 1112 0.001153
27 0.272727 1358 0.001408
28 0.282828 1462 0.001516
29 0.292929 1690 0.001752
30 0.303030 2109 0.002186
31 0.313131 3856 0.003997
32 0.323232 4845 0.005022
33 0.333333 5254 0.005446
34 0.343434 3788 0.003927
35 0.353535 4420 0.004582
36 0.363636 5876 0.006091
37 0.373737 8171 0.008470
38 0.383838 6346 0.006578
39 0.393939 6707 0.006953
40 0.404040 9429 0.009774
41 0.414141 11863 0.012297
42 0.424242 23456 0.024315
43 0.434343 14919 0.015465
44 0.444444 15108 0.015661
45 0.454545 20833 0.021596
46 0.464646 30424 0.031538
47 0.474747 33284 0.034503
48 0.484848 53428 0.055385
49 0.494949 123126 0.127636
50 0.505050 55214 0.057236
51 0.515152 35689 0.036996
52 0.525253 37522 0.038896
53 0.535354 23956 0.024833
54 0.545455 20914 0.021680
55 0.555556 22297 0.023114
56 0.565657 29726 0.030815
57 0.575758 38657 0.040073
58 0.585859 51371 0.053253
59 0.595960 44938 0.046584
60 0.606061 24529 0.025427
61 0.616162 19956 0.020687
62 0.626263 18544 0.019223
63 0.636364 9597 0.009949
64 0.646465 7918 0.008208
65 0.656566 7312 0.007580
66 0.666667 6690 0.006935
67 0.676768 5502 0.005704
68 0.686869 3996 0.004142
69 0.696970 3847 0.003988
70 0.707071 3333 0.003455
71 0.717172 2947 0.003055
72 0.727273 2846 0.002950
73 0.737374 3179 0.003295
74 0.747475 2985 0.003094
75 0.757576 2939 0.003047
76 0.767677 3359 0.003482
77 0.777778 3013 0.003123
78 0.787879 3147 0.003262
79 0.797980 2540 0.002633
80 0.808081 2897 0.003003
81 0.818182 3611 0.003743
82 0.828283 3953 0.004098
83 0.838384 3810 0.003950
84 0.848485 4914 0.005094
85 0.858586 6914 0.007167
86 0.868687 6224 0.006452
87 0.878788 6504 0.006742
88 0.888889 3961 0.004106
89 0.898990 3810 0.003950
90 0.909091 4412 0.004574
91 0.919192 4964 0.005146
92 0.929293 3720 0.003856
93 0.939394 2479 0.002570
94 0.949495 927 0.000961
95 0.959596 656 0.000680
96 0.969697 703 0.000729
97 0.979798 272 0.000282
98 0.989899 118 0.000122
99 1.000000 1 0.000001
