0 0.011166 5 0.000050
1 0.021115 4 0.000040
2 0.031063 7 0.000070
3 0.041011 21 0.000210
4 0.050960 24 0.000240
5 0.060908 23 0.000230
6 0.070856 15 0.000150
7 0.080805 12 0.000120
8 0.090753 26 0.000260
9 0.100701 31 0.000310
10 0.110649 31 0.000310
11 0.120598 37 0.000370
12 0.130546 49 0.000490
13 0.140494 48 0.000480
14 0.150443 35 0.000350
15 0.160391 40 0.000400
16 0.170339 57 0.000570
17 0.180288 49 0.000490
18 0.190236 43 0.000430
19 0.200184 36 0.000360
20 0.210133 64 0.000640
21 0.220081 78 0.000780
22 0.230029 79 0.000790
23 0.239977 83 0.000830
24 0.249926 229 0.002290
25 0.259874 215 0.002150
26 0.269822 320 0.003200
27 0.279771 288 0.002880
28 0.289719 271 0.002710
29 0.299667 274 0.002740
30 0.309616 253 0.002530
31 0.319564 304 0.003040
32 0.329512 448 0.004480
33 0.339461 474 0.004740
34 0.349409 642 0.006420
35 0.359357 637 0.006370
36 0.369305 811 0.008110
37 0.379254 801 0.008010
38 0.389202 902 0.009020
39 0.399150 1123 0.011230
40 0.409099 1243 0.012430
41 0.419047 1310 0.013100
42 0.428995 1691 0.016910
43 0.438944 1771 0.017710
44 0.448892 2996 0.029960
45 0.458840 3527 0.035270
46 0.468789 6316 0.063160
47 0.478737 9664 0.096640
48 0.488685 11209 0.112090
49 0.498633 11994 0.119940
50 0.508582 8963 0.089630
51 0.518530 5641 0.056410
52 0.528478 4779 0.047790
53 0.538427 3347 0.033470
54 0.548375 2371 0.023710
55 0.558323 2081 0.020810
56 0.568272 1559 0.015590
57 0.578220 1261 0.012610
58 0.588168 1004 0.010040
59 0.598117 858 0.008580
60 0.608065 811 0.008110
61 0.618013 696 0.006960
62 0.627961 668 0.006680
63 0.637910 573 0.005730
64 0.647858 549 0.005490
65 0.657806 439 0.004390
66 0.667755 420 0.004200
67 0.677703 341 0.003410
68 0.687651 287 0.002870
69 0.697600 298 0.002980
70 0.707548 312 0.003120
71 0.717496 219 0.002190
72 0.727445 162 0.001620
73 0.737393 141 0.001410
74 0.747341 139 0.001390
75 0.757289 132 0.001320
76 0.767238 152 0.001520
77 0.777186 90 0.000900
78 0.787134 98 0.000980
79 0.797083 89 0.000890
80 0.807031 91 0.000910
81 0.816979 105 0.001050
82 0.826928 123 0.001230
83 0.836876 93 0.000930
84 0.846824 63 0.000630
85 0.856773 57 0.000570
86 0.866721 67 0.000670
87 0.876669 20 0.000200
88 0.886617 36 0.000360
89 0.896566 38 0.000380
90 0.906514 25 0.000250
91 0.916462 21 0.000210
92 0.926411 20 0.000200
93 0.936359 17 0.000170
94 0.946307 33 0.000330
95 0.956256 47 0.000470
96 0.966204 17 0.000170
97 0.976152 15 0.000150
98 0.986100 21 0.000210
99 0.996049 1 0.000010
