0 0.159970 141 0.000226
1 0.168776 64 0.000103
2 0.177582 310 0.000498
3 0.186388 174 0.000279
4 0.195195 318 0.000511
5 0.204001 581 0.000933
6 0.212807 424 0.000681
7 0.221614 344 0.000552
8 0.230420 450 0.000723
9 0.239226 288 0.000463
10 0.248032 426 0.000684
11 0.256839 611 0.000981
12 0.265645 598 0.000960
13 0.274451 713 0.001145
14 0.283257 1124 0.001805
15 0.292064 1123 0.001804
16 0.300870 1839 0.002953
17 0.309676 2434 0.003909
18 0.318482 2456 0.003944
19 0.327289 2034 0.003267
20 0.336095 2131 0.003422
21 0.344901 1393 0.002237
22 0.353707 1418 0.002277
23 0.362514 1711 0.002748
24 0.371320 2027 0.003255
25 0.380126 2020 0.003244
26 0.388932 2129 0.003419
27 0.397739 2675 0.004296
28 0.406545 2500 0.004015
29 0.415351 3276 0.005261
30 0.424157 3766 0.006048
31 0.432964 4083 0.006557
32 0.441770 4237 0.006805
33 0.450576 4913 0.007890
34 0.459382 5960 0.009572
35 0.468189 8154 0.013095
36 0.476995 10111 0.016238
37 0.485801 17862 0.028686
38 0.494607 135644 0.217843
39 0.503414 117645 0.188937
40 0.512220 20618 0.033112
41 0.521026 12601 0.020237
42 0.529832 8159 0.013103
43 0.538639 7530 0.012093
44 0.547445 7256 0.011653
45 0.556251 6709 0.010775
46 0.565058 9028 0.014499
47 0.573864 9646 0.015491
48 0.582670 14302 0.022969
49 0.591476 21657 0.034781
50 0.600283 20745 0.033316
51 0.609089 14881 0.023899
52 0.617895 14663 0.023549
53 0.626701 11625 0.018670
54 0.635508 7977 0.012811
55 0.644314 6779 0.010887
56 0.653120 4921 0.007903
57 0.661926 3475 0.005581
58 0.670733 2829 0.004543
59 0.679539 2705 0.004344
60 0.688345 2435 0.003911
61 0.697151 2658 0.004269
62 0.705958 2317 0.003721
63 0.714764 1984 0.003186
64 0.723570 1978 0.003177
65 0.732376 1887 0.003031
66 0.741183 1796 0.002884
67 0.749989 1717 0.002757
68 0.758795 1826 0.002933
69 0.767601 2134 0.003427
70 0.776408 2118 0.003401
71 0.785214 2114 0.003395
72 0.794020 1842 0.002958
73 0.802826 1670 0.002682
74 0.811633 1635 0.002626
75 0.820439 1712 0.002749
76 0.829245 1769 0.002841
77 0.838051 1604 0.002576
78 0.846858 2025 0.003252
79 0.855664 1618 0.002598
80 0.864470 1641 0.002635
81 0.873276 2063 0.003313
82 0.882083 2018 0.003241
83 0.890889 2159 0.003467
84 0.899695 1863 0.002992
85 0.908502 1731 0.002780
86 0.917308 2313 0.003715
87 0.926114 2513 0.004036
88 0.934920 1806 0.002900
89 0.943727 1925 0.003092
90 0.952533 1750 0.002810
91 0.961339 1497 0.002404
92 0.970145 924 0.001484
93 0.978952 713 0.001145
94 0.987758 181 0.000291
95 0.996564 241 0.000387
96 1.005370 52 0.000084
97 1.014177 72 0.000116
98 1.022983 153 0.000246
99 1.031789 1 0.000002
