0 0.008426 28 0.000087
1 0.018442 86 0.000267
2 0.028458 72 0.000224
3 0.038473 92 0.000286
4 0.048489 84 0.000261
5 0.058505 35 0.000109
6 0.068521 41 0.000128
7 0.078537 81 0.000252
8 0.088553 67 0.000208
9 0.098569 47 0.000146
10 0.108585 53 0.000165
11 0.118601 35 0.000109
12 0.128617 61 0.000190
13 0.138633 45 0.000140
14 0.148648 41 0.000128
15 0.158664 49 0.000152
16 0.168680 45 0.000140
17 0.178696 46 0.000143
18 0.188712 64 0.000199
19 0.198728 118 0.000367
20 0.208744 78 0.000243
21 0.218760 95 0.000295
22 0.228776 126 0.000392
23 0.238792 201 0.000625
24 0.248807 476 0.001480
25 0.258823 490 0.001524
26 0.268839 447 0.001390
27 0.278855 649 0.002018
28 0.288871 475 0.001477
29 0.298887 485 0.001508
30 0.308903 1710 0.005318
31 0.318919 1240 0.003856
32 0.328935 3125 0.009718
33 0.338951 1767 0.005495
34 0.348966 823 0.002559
35 0.358982 200 0.000622
36 0.368998 303 0.000942
37 0.379014 265 0.000824
38 0.389030 259 0.000805
39 0.399046 321 0.000998
40 0.409062 436 0.001356
41 0.419078 460 0.001431
42 0.429094 432 0.001343
43 0.439110 554 0.001723
44 0.449125 865 0.002690
45 0.459141 806 0.002507
46 0.469157 1139 0.003542
47 0.479173 1238 0.003850
48 0.489189 1812 0.005635
49 0.499205 1758 0.005467
50 0.509221 2051 0.006378
51 0.519237 2546 0.007918
52 0.529253 3442 0.010704
53 0.539269 4103 0.012760
54 0.549284 6150 0.019126
55 0.559300 8245 0.025641
56 0.569316 13814 0.042960
57 0.579332 34070 0.105954
58 0.589348 44820 0.139385
59 0.599364 29387 0.091390
60 0.609380 15009 0.046676
61 0.619396 13097 0.040730
62 0.629412 8158 0.025370
63 0.639428 5668 0.017627
64 0.649443 4629 0.014396
65 0.659459 3980 0.012377
66 0.669475 3391 0.010546
67 0.679491 3065 0.009532
68 0.689507 2780 0.008645
69 0.699523 2655 0.008257
70 0.709539 2344 0.007290
71 0.719555 2316 0.007202
72 0.729571 2361 0.007342
73 0.739587 2603 0.008095
74 0.749602 2505 0.007790
75 0.759618 2492 0.007750
76 0.769634 2786 0.008664
77 0.779650 2452 0.007625
78 0.789666 2648 0.008235
79 0.799682 2163 0.006727
80 0.809698 2739 0.008518
81 0.819714 3543 0.011018
82 0.829730 3494 0.010866
83 0.839746 3622 0.011264
84 0.849761 4817 0.014980
85 0.859777 7002 0.021775
86 0.869793 5826 0.018118
87 0.879809 6036 0.018771
88 0.889825 3852 0.011979
89 0.899841 3651 0.011354
90 0.909857 4150 0.012906
91 0.919873 4773 0.014843
92 0.929889 3434 0.010679
93 0.939905 2240 0.006966
94 0.949920 849 0.002640
95 0.959936 603 0.001875
96 0.969952 592 0.001841
97 0.979968 266 0.000827
98 0.989984 111 0.000345
99 1.000000 1 0.000003
