0 0.492714 61 0.000294
1 0.492915 43 0.000207
2 0.493116 25 0.000120
3 0.493318 26 0.000125
4 0.493519 22 0.000106
5 0.493720 26 0.000125
6 0.493921 20 0.000096
7 0.494123 25 0.000120
8 0.494324 22 0.000106
9 0.494525 19 0.000092
10 0.494726 24 0.000116
11 0.494927 13 0.000063
12 0.495129 5 0.000024
13 0.495330 8 0.000039
14 0.495531 10 0.000048
15 0.495732 9 0.000043
16 0.495934 8 0.000039
17 0.496135 57 0.000275
18 0.496336 218 0.001050
19 0.496537 280 0.001349
20 0.496739 344 0.001657
21 0.496940 477 0.002298
22 0.497141 822 0.003960
23 0.497342 856 0.004124
24 0.497544 754 0.003633
25 0.497745 1108 0.005338
26 0.497946 1037 0.004996
27 0.498147 1577 0.007598
28 0.498349 2047 0.009862
29 0.498550 1225 0.005902
30 0.498751 1706 0.008219
31 0.498952 2180 0.010503
32 0.499154 3113 0.014998
33 0.499355 3829 0.018448
34 0.499556 3683 0.017745
35 0.499757 4732 0.022799
36 0.499959 4671 0.022505
37 0.500160 6058 0.029187
38 0.500361 4548 0.021912
39 0.500562 4632 0.022317
40 0.500763 4413 0.021262
41 0.500965 3468 0.016709
42 0.501166 3869 0.018641
43 0.501367 4590 0.022115
44 0.501568 5585 0.026908
45 0.501770 5399 0.026012
46 0.501971 6013 0.028970
47 0.502172 4653 0.022418
48 0.502373 4959 0.023892
49 0.502575 4869 0.023459
50 0.502776 5000 0.024090
51 0.502977 4584 0.022086
52 0.503178 5108 0.024610
53 0.503380 4399 0.021194
54 0.503581 5466 0.026335
55 0.503782 4960 0.023897
56 0.503983 4653 0.022418
57 0.504185 3206 0.015446
58 0.504386 3344 0.016111
59 0.504587 3754 0.018087
60 0.504788 3678 0.017721
61 0.504990 3248 0.015649
62 0.505191 2799 0.013486
63 0.505392 4587 0.022100
64 0.505593 4128 0.019889
65 0.505795 3758 0.018106
66 0.505996 3273 0.015769
67 0.506197 2617 0.012609
68 0.506398 2192 0.010561
69 0.506599 1699 0.008186
70 0.506801 1913 0.009217
71 0.507002 2072 0.009983
72 0.507203 1792 0.008634
73 0.507404 1963 0.009458
74 0.507606 2022 0.009742
75 0.507807 2665 0.012840
76 0.508008 2313 0.011144
77 0.508209 1951 0.009400
78 0.508411 2026 0.009761
79 0.508612 1797 0.008658
80 0.508813 1233 0.005941
81 0.509014 1117 0.005382
82 0.509216 1601 0.007714
83 0.509417 1183 0.005700
84 0.509618 1200 0.005782
85 0.509819 798 0.003845
86 0.510021 913 0.004399
87 0.510222 1102 0.005309
88 0.510423 703 0.003387
89 0.510624 301 0.001450
90 0.510826 269 0.001296
91 0.511027 227 0.001094
92 0.511228 282 0.001359
93 0.511429 396 0.001908
94 0.511631 256 0.001233
95 0.511832 381 0.001836
96 0.512033 185 0.000891
97 0.512234 264 0.001272
98 0.512435 39 0.000188
99 0.512637 1 0.000005
