0 0.001706 3 0.000014
1 0.011790 1 0.000005
2 0.021874 1 0.000005
3 0.031958 1 0.000005
4 0.042041 2 0.000010
5 0.052125 0 0.000000
6 0.062209 0 0.000000
7 0.072293 0 0.000000
8 0.082377 0 0.000000
9 0.092460 6 0.000029
10 0.102544 2 0.000010
11 0.112628 5 0.000024
12 0.122712 35 0.000169
13 0.132795 4 0.000019
14 0.142879 0 0.000000
15 0.152963 1 0.000005
16 0.163047 0 0.000000
17 0.173131 1 0.000005
18 0.183214 4 0.000019
19 0.193298 22 0.000106
20 0.203382 52 0.000251
21 0.213466 73 0.000352
22 0.223549 89 0.000429
23 0.233633 26 0.000125
24 0.243717 17 0.000082
25 0.253801 5 0.000024
26 0.263884 7 0.000034
27 0.273968 7 0.000034
28 0.284052 34 0.000164
29 0.294136 139 0.000670
30 0.304220 327 0.001575
31 0.314303 675 0.003252
32 0.324387 910 0.004384
33 0.334471 676 0.003257
34 0.344555 529 0.002549
35 0.354638 1215 0.005854
36 0.364722 2051 0.009882
37 0.374806 1828 0.008807
38 0.384890 1743 0.008398
39 0.394974 1510 0.007275
40 0.405057 2256 0.010869
41 0.415141 3755 0.018092
42 0.425225 8429 0.040611
43 0.435309 3461 0.016675
44 0.445392 2582 0.012440
45 0.455476 4432 0.021353
46 0.465560 6024 0.029023
47 0.475644 5466 0.026335
48 0.485728 6756 0.032550
49 0.495811 93509 0.450524
50 0.505895 8453 0.040726
51 0.515979 5511 0.026552
52 0.526063 7784 0.037503
53 0.536146 3832 0.018462
54 0.546230 3241 0.015615
55 0.556314 4119 0.019845
56 0.566398 5446 0.026239
57 0.576481 2872 0.013837
58 0.586565 2609 0.012570
59 0.596649 1876 0.009039
60 0.606733 1988 0.009578
61 0.616817 2287 0.011019
62 0.626900 3563 0.017166
63 0.636984 1093 0.005266
64 0.647068 508 0.002448
65 0.657152 903 0.004351
66 0.667235 1167 0.005623
67 0.677319 520 0.002505
68 0.687403 330 0.001590
69 0.697487 293 0.001412
70 0.707571 204 0.000983
71 0.717654 13 0.000063
72 0.727738 8 0.000039
73 0.737822 5 0.000024
74 0.747906 4 0.000019
75 0.757989 2 0.000010
76 0.768073 25 0.000120
77 0.778157 29 0.000140
78 0.788241 56 0.000270
79 0.798325 81 0.000390
80 0.808408 25 0.000120
81 0.818492 0 0.000000
82 0.828576 0 0.000000
83 0.838660 0 0.000000
84 0.848743 0 0.000000
85 0.858827 4 0.000019
86 0.868911 9 0.000043
87 0.878995 7 0.000034
88 0.889078 3 0.000014
89 0.899162 11 0.000053
90 0.909246 1 0.000005
91 0.919330 0 0.000000
92 0.929414 0 0.000000
93 0.939497 0 0.000000
94 0.949581 0 0.000000
95 0.959665 0 0.000000
96 0.969749 0 0.000000
97 0.979832 1 0.000005
98 0.989916 0 0.000000
99 1.000000 2 0.000010
