0 0.159970 114 0.000549
1 0.166559 56 0.000270
2 0.173148 45 0.000217
3 0.179738 43 0.000207
4 0.186327 30 0.000145
5 0.192917 22 0.000106
6 0.199506 184 0.000887
7 0.206095 230 0.001108
8 0.212685 167 0.000805
9 0.219274 115 0.000554
10 0.225863 114 0.000549
11 0.232453 155 0.000747
12 0.239042 144 0.000694
13 0.245631 143 0.000689
14 0.252221 197 0.000949
15 0.258810 359 0.001730
16 0.265400 354 0.001706
17 0.271989 395 0.001903
18 0.278578 370 0.001783
19 0.285168 508 0.002448
20 0.291757 477 0.002298
21 0.298346 372 0.001792
22 0.304936 404 0.001946
23 0.311525 452 0.002178
24 0.318114 676 0.003257
25 0.324704 954 0.004596
26 0.331293 701 0.003377
27 0.337882 840 0.004047
28 0.344472 807 0.003888
29 0.351061 1057 0.005093
30 0.357651 921 0.004437
31 0.364240 1204 0.005801
32 0.370829 1351 0.006509
33 0.377419 1263 0.006085
34 0.384008 1381 0.006654
35 0.390597 1451 0.006991
36 0.397187 1794 0.008643
37 0.403776 1751 0.008436
38 0.410365 1873 0.009024
39 0.416955 2336 0.011255
40 0.423544 2711 0.013062
41 0.430134 2637 0.012705
42 0.436723 3038 0.014637
43 0.443312 3066 0.014772
44 0.449902 3223 0.015528
45 0.456491 3805 0.018332
46 0.463080 4431 0.021348
47 0.469670 5863 0.028248
48 0.476259 6543 0.031524
49 0.482848 9213 0.044388
50 0.489438 14778 0.071200
51 0.496027 16150 0.077810
52 0.502617 16981 0.081814
53 0.509206 15820 0.076220
54 0.515795 14184 0.068338
55 0.522385 7713 0.037161
56 0.528974 4819 0.023218
57 0.535563 4822 0.023232
58 0.542153 3979 0.019171
59 0.548742 3476 0.016747
60 0.555331 3376 0.016265
61 0.561921 2865 0.013804
62 0.568510 2215 0.010672
63 0.575100 2261 0.010893
64 0.581689 2609 0.012570
65 0.588278 1907 0.009188
66 0.594868 1185 0.005709
67 0.601457 1057 0.005093
68 0.608046 1149 0.005536
69 0.614636 1174 0.005656
70 0.621225 1082 0.005213
71 0.627814 1287 0.006201
72 0.634404 1044 0.005030
73 0.640993 858 0.004134
74 0.647583 979 0.004717
75 0.654172 908 0.004375
76 0.660761 649 0.003127
77 0.667351 578 0.002785
78 0.673940 462 0.002226
79 0.680529 464 0.002236
80 0.687119 498 0.002399
81 0.693708 605 0.002915
82 0.700297 788 0.003797
83 0.706887 574 0.002766
84 0.713476 353 0.001701
85 0.720065 333 0.001604
86 0.726655 350 0.001686
87 0.733244 327 0.001575
88 0.739834 211 0.001017
89 0.746423 238 0.001147
90 0.753012 189 0.000911
91 0.759602 218 0.001050
92 0.766191 299 0.001441
93 0.772780 404 0.001946
94 0.779370 252 0.001214
95 0.785959 411 0.001980
96 0.792548 172 0.000829
97 0.799138 50 0.000241
98 0.805727 111 0.000535
99 0.812317 2 0.000010
