0 0.184691 139 0.000432
1 0.193637 141 0.000438
2 0.202582 81 0.000252
3 0.211528 88 0.000274
4 0.220474 85 0.000264
5 0.229420 88 0.000274
6 0.238366 241 0.000749
7 0.247312 268 0.000833
8 0.256257 262 0.000815
9 0.265203 530 0.001648
10 0.274149 591 0.001838
11 0.283095 635 0.001975
12 0.292041 987 0.003069
13 0.300987 1008 0.003135
14 0.309932 1240 0.003856
15 0.318878 2004 0.006232
16 0.327824 1571 0.004886
17 0.336770 1299 0.004040
18 0.345716 573 0.001782
19 0.354662 624 0.001941
20 0.363607 293 0.000911
21 0.372553 359 0.001116
22 0.381499 373 0.001160
23 0.390445 377 0.001172
24 0.399391 278 0.000865
25 0.408337 290 0.000902
26 0.417282 258 0.000802
27 0.426228 236 0.000734
28 0.435174 252 0.000784
29 0.444120 478 0.001487
30 0.453066 435 0.001353
31 0.462012 473 0.001471
32 0.470957 1022 0.003178
33 0.479903 1338 0.004161
34 0.488849 1581 0.004917
35 0.497795 1521 0.004730
36 0.506741 2754 0.008565
37 0.515687 3771 0.011727
38 0.524632 4271 0.013282
39 0.533578 6474 0.020133
40 0.542524 7774 0.024176
41 0.551470 12058 0.037499
42 0.560416 14106 0.043868
43 0.569362 14017 0.043591
44 0.578308 22841 0.071033
45 0.587253 19319 0.060080
46 0.596199 15920 0.049509
47 0.605145 12879 0.040052
48 0.614091 13335 0.041470
49 0.623037 14208 0.044185
50 0.631983 10175 0.031643
51 0.640928 8305 0.025828
52 0.649874 5912 0.018386
53 0.658820 5315 0.016529
54 0.667766 3943 0.012262
55 0.676712 3641 0.011323
56 0.685658 3408 0.010598
57 0.694603 4227 0.013145
58 0.703549 3322 0.010331
59 0.712495 3526 0.010965
60 0.721441 3184 0.009902
61 0.730387 3075 0.009563
62 0.739333 3132 0.009740
63 0.748278 3272 0.010176
64 0.757224 3607 0.011217
65 0.766170 3501 0.010888
66 0.775116 3343 0.010396
67 0.784062 2843 0.008841
68 0.793008 3113 0.009681
69 0.801953 3052 0.009491
70 0.810899 3156 0.009815
71 0.819845 3263 0.010148
72 0.828791 3315 0.010309
73 0.837737 3460 0.010760
74 0.846683 3307 0.010284
75 0.855628 3342 0.010393
76 0.864574 3725 0.011584
77 0.873520 3590 0.011164
78 0.882466 3388 0.010536
79 0.891412 3090 0.009610
80 0.900358 2559 0.007958
81 0.909303 2493 0.007753
82 0.918249 2546 0.007918
83 0.927195 1682 0.005231
84 0.936141 1568 0.004876
85 0.945087 1890 0.005878
86 0.954033 2077 0.006459
87 0.962978 1033 0.003213
88 0.971924 1161 0.003611
89 0.980870 647 0.002012
90 0.989816 252 0.000784
91 0.998762 28 0.000087
92 1.007708 27 0.000084
93 1.016653 31 0.000096
94 1.025599 36 0.000112
95 1.034545 41 0.000128
96 1.043491 37 0.000115
97 1.052437 30 0.000093
98 1.061383 138 0.000429
99 1.070328 2 0.000006
