initializing
training size    : 800000
testing size     : 100000
epoch count      : 10
sub epoch size   : 5

epoch_learning_rate_decay   : 8
learning_rate_decay         : 0.250000

training



epoch [0 0] from [10 5]
training time per iterations 0.780262[ms]
testing on 100000 items
testing done
average error 0.004950
min error     0.000000
max error     0.333434
saving best net
best net saved to experiment_2/trained/, with error 0.004950



epoch [0 1] from [10 5]
training time per iterations 0.779081[ms]
testing on 100000 items
testing done
average error 0.004116
min error     0.000000
max error     0.352942
saving best net
best net saved to experiment_2/trained/, with error 0.004116



epoch [0 2] from [10 5]
training time per iterations 0.778000[ms]
testing on 100000 items
testing done
average error 0.003754
min error     0.000000
max error     0.384267
saving best net
best net saved to experiment_2/trained/, with error 0.003754



epoch [0 3] from [10 5]
training time per iterations 0.780581[ms]
testing on 100000 items
testing done
average error 0.003296
min error     0.000000
max error     0.375742
saving best net
best net saved to experiment_2/trained/, with error 0.003296



epoch [0 4] from [10 5]
training time per iterations 0.779725[ms]
testing on 100000 items
testing done
average error 0.002958
min error     0.000000
max error     0.355934
saving best net
best net saved to experiment_2/trained/, with error 0.002958



epoch [1 0] from [10 5]
training time per iterations 0.780138[ms]
testing on 100000 items
testing done
average error 0.002800
min error     0.000000
max error     0.383898
saving best net
best net saved to experiment_2/trained/, with error 0.002800



epoch [1 1] from [10 5]
training time per iterations 0.771800[ms]
testing on 100000 items
testing done
average error 0.002663
min error     0.000000
max error     0.385865
saving best net
best net saved to experiment_2/trained/, with error 0.002663



epoch [1 2] from [10 5]
training time per iterations 0.781419[ms]
testing on 100000 items
testing done
average error 0.002430
min error     0.000000
max error     0.338515
saving best net
best net saved to experiment_2/trained/, with error 0.002430



epoch [1 3] from [10 5]
training time per iterations 0.778388[ms]
testing on 100000 items
testing done
average error 0.002313
min error     0.000000
max error     0.352268
saving best net
best net saved to experiment_2/trained/, with error 0.002313



epoch [1 4] from [10 5]
training time per iterations 0.776581[ms]
testing on 100000 items
testing done
average error 0.002127
min error     0.000000
max error     0.336004
saving best net
best net saved to experiment_2/trained/, with error 0.002127



epoch [2 0] from [10 5]
training time per iterations 0.781012[ms]
testing on 100000 items
testing done
average error 0.002044
min error     0.000000
max error     0.364637
saving best net
best net saved to experiment_2/trained/, with error 0.002044



epoch [2 1] from [10 5]
training time per iterations 0.776487[ms]
testing on 100000 items
testing done
average error 0.002001
min error     0.000000
max error     0.373066
saving best net
best net saved to experiment_2/trained/, with error 0.002001



epoch [2 2] from [10 5]
training time per iterations 0.782706[ms]
testing on 100000 items
testing done
average error 0.001935
min error     0.000000
max error     0.355482
saving best net
best net saved to experiment_2/trained/, with error 0.001935



epoch [2 3] from [10 5]
training time per iterations 0.781731[ms]
testing on 100000 items
testing done
average error 0.001904
min error     0.000000
max error     0.367327
saving best net
best net saved to experiment_2/trained/, with error 0.001904



epoch [2 4] from [10 5]
training time per iterations 0.781000[ms]
testing on 100000 items
testing done
average error 0.001954
min error     0.000000
max error     0.379857



epoch [3 0] from [10 5]
training time per iterations 0.783200[ms]
testing on 100000 items
testing done
average error 0.001781
min error     0.000000
max error     0.352749
saving best net
best net saved to experiment_2/trained/, with error 0.001781



epoch [3 1] from [10 5]
training time per iterations 0.780025[ms]
testing on 100000 items
testing done
average error 0.001850
min error     0.000000
max error     0.355779



epoch [3 2] from [10 5]
training time per iterations 0.782500[ms]
testing on 100000 items
testing done
average error 0.001738
min error     0.000000
max error     0.354348
saving best net
best net saved to experiment_2/trained/, with error 0.001738



epoch [3 3] from [10 5]
training time per iterations 0.780112[ms]
testing on 100000 items
testing done
average error 0.001799
min error     0.000000
max error     0.367365



epoch [3 4] from [10 5]
training time per iterations 0.779669[ms]
testing on 100000 items
testing done
average error 0.001829
min error     0.000000
max error     0.367718



epoch [4 0] from [10 5]
training time per iterations 0.779856[ms]
testing on 100000 items
testing done
average error 0.001818
min error     0.000000
max error     0.361918



epoch [4 1] from [10 5]
training time per iterations 0.779581[ms]
testing on 100000 items
testing done
average error 0.001686
min error     0.000000
max error     0.366861
saving best net
best net saved to experiment_2/trained/, with error 0.001686



epoch [4 2] from [10 5]
training time per iterations 0.781956[ms]
testing on 100000 items
testing done
average error 0.001648
min error     0.000000
max error     0.357357
saving best net
best net saved to experiment_2/trained/, with error 0.001648



epoch [4 3] from [10 5]
training time per iterations 0.781131[ms]
testing on 100000 items
testing done
average error 0.001704
min error     0.000000
max error     0.355094



epoch [4 4] from [10 5]
training time per iterations 0.777856[ms]
testing on 100000 items
testing done
average error 0.001781
min error     0.000000
max error     0.363575



epoch [5 0] from [10 5]
training time per iterations 0.779631[ms]
testing on 100000 items
testing done
average error 0.001656
min error     0.000000
max error     0.349808



epoch [5 1] from [10 5]
training time per iterations 0.782887[ms]
testing on 100000 items
testing done
average error 0.001687
min error     0.000000
max error     0.358222



epoch [5 2] from [10 5]
training time per iterations 0.781131[ms]
testing on 100000 items
testing done
average error 0.001729
min error     0.000000
max error     0.373751



epoch [5 3] from [10 5]
training time per iterations 0.781469[ms]
testing on 100000 items
testing done
average error 0.001671
min error     0.000000
max error     0.363457



epoch [5 4] from [10 5]
training time per iterations 0.780694[ms]
testing on 100000 items
testing done
average error 0.001639
min error     0.000000
max error     0.359246
saving best net
best net saved to experiment_2/trained/, with error 0.001639



epoch [6 0] from [10 5]
training time per iterations 0.781506[ms]
testing on 100000 items
testing done
average error 0.001619
min error     0.000000
max error     0.369064
saving best net
best net saved to experiment_2/trained/, with error 0.001619



epoch [6 1] from [10 5]
training time per iterations 0.780737[ms]
testing on 100000 items
testing done
average error 0.001597
min error     0.000000
max error     0.357756
saving best net
best net saved to experiment_2/trained/, with error 0.001597



epoch [6 2] from [10 5]
training time per iterations 0.782269[ms]
testing on 100000 items
testing done
average error 0.001606
min error     0.000000
max error     0.354518



epoch [6 3] from [10 5]
training time per iterations 0.779644[ms]
testing on 100000 items
testing done
average error 0.001643
min error     0.000000
max error     0.336206



epoch [6 4] from [10 5]
training time per iterations 0.778406[ms]
testing on 100000 items
testing done
average error 0.001584
min error     0.000000
max error     0.353067
saving best net
best net saved to experiment_2/trained/, with error 0.001584



epoch [7 0] from [10 5]
training time per iterations 0.776737[ms]
testing on 100000 items
testing done
average error 0.001569
min error     0.000000
max error     0.346421
saving best net
best net saved to experiment_2/trained/, with error 0.001569



epoch [7 1] from [10 5]
training time per iterations 0.778800[ms]
testing on 100000 items
testing done
average error 0.001594
min error     0.000000
max error     0.355332



epoch [7 2] from [10 5]
training time per iterations 0.779737[ms]
testing on 100000 items
testing done
average error 0.001648
min error     0.000000
max error     0.359455



epoch [7 3] from [10 5]
training time per iterations 0.781381[ms]
testing on 100000 items
testing done
average error 0.001571
min error     0.000000
max error     0.371045



epoch [7 4] from [10 5]
training time per iterations 0.778806[ms]
testing on 100000 items
testing done
average error 0.001535
min error     0.000000
max error     0.356501
saving best net
best net saved to experiment_2/trained/, with error 0.001535
setting learning rate to 0.000050



epoch [8 0] from [10 5]
training time per iterations 0.778094[ms]
testing on 100000 items
testing done
average error 0.001600
min error     0.000000
max error     0.377984



epoch [8 1] from [10 5]
training time per iterations 0.781119[ms]
testing on 100000 items
testing done
average error 0.001546
min error     0.000000
max error     0.358332



epoch [8 2] from [10 5]
training time per iterations 0.779925[ms]
testing on 100000 items
testing done
average error 0.001601
min error     0.000000
max error     0.361184



epoch [8 3] from [10 5]
training time per iterations 0.778256[ms]
testing on 100000 items
testing done
average error 0.001539
min error     0.000000
max error     0.351695



epoch [8 4] from [10 5]
training time per iterations 0.779850[ms]
testing on 100000 items
testing done
average error 0.001542
min error     0.000000
max error     0.362577



epoch [9 0] from [10 5]
training time per iterations 0.777025[ms]
testing on 100000 items
testing done
average error 0.001551
min error     0.000000
max error     0.365657



epoch [9 1] from [10 5]
training time per iterations 0.779256[ms]
testing on 100000 items
testing done
average error 0.001534
min error     0.000000
max error     0.360973
saving best net
best net saved to experiment_2/trained/, with error 0.001534



epoch [9 2] from [10 5]
training time per iterations 0.774988[ms]
testing on 100000 items
testing done
average error 0.001598
min error     0.000000
max error     0.359827



epoch [9 3] from [10 5]
training time per iterations 0.780781[ms]
testing on 100000 items
testing done
average error 0.001561
min error     0.000000
max error     0.354171



epoch [9 4] from [10 5]
training time per iterations 0.779012[ms]
testing on 100000 items
testing done
average error 0.001573
min error     0.000000
max error     0.362199
training done
