0.000000 0 0 0.004950 0.000000 0.333434 0.004970 0.000000 0.510347
0.200000 0 1 0.004116 0.000000 0.352942 0.004125 0.000000 0.268206
0.400000 0 2 0.003754 0.000000 0.384267 0.003788 0.000000 0.587599
0.600000 0 3 0.003296 0.000000 0.375742 0.003311 0.000000 0.602597
0.800000 0 4 0.002958 0.000000 0.355934 0.002975 0.000000 0.238501
1.000000 1 0 0.002800 0.000000 0.383898 0.002814 0.000000 0.692874
1.200000 1 1 0.002663 0.000000 0.385865 0.002682 0.000000 0.702003
1.400000 1 2 0.002430 0.000000 0.338515 0.002423 0.000000 0.333448
1.600000 1 3 0.002313 0.000000 0.352268 0.002317 0.000000 0.681899
1.800000 1 4 0.002127 0.000000 0.336004 0.002143 0.000000 0.452576
2.000000 2 0 0.002044 0.000000 0.364637 0.002059 0.000000 0.715014
2.200000 2 1 0.002001 0.000000 0.373066 0.002005 0.000000 0.240269
2.400000 2 2 0.001935 0.000000 0.355482 0.001951 0.000000 0.710310
2.600000 2 3 0.001904 0.000000 0.367327 0.001903 0.000000 0.263841
2.800000 2 4 0.001954 0.000000 0.379857 0.001978 0.000000 0.686349
3.000000 3 0 0.001781 0.000000 0.352749 0.001765 0.000000 0.234607
3.200000 3 1 0.001850 0.000000 0.355779 0.001861 0.000000 0.675627
3.400000 3 2 0.001738 0.000000 0.354348 0.001739 0.000000 0.659642
3.600000 3 3 0.001799 0.000000 0.367365 0.001818 0.000000 0.490544
3.800000 3 4 0.001829 0.000000 0.367718 0.001812 0.000000 0.491475
4.000000 4 0 0.001818 0.000000 0.361918 0.001834 0.000000 0.755155
4.200000 4 1 0.001686 0.000000 0.366861 0.001677 0.000000 0.209279
4.400000 4 2 0.001648 0.000000 0.357357 0.001646 0.000000 0.255679
4.600000 4 3 0.001704 0.000000 0.355094 0.001705 0.000000 0.233641
4.800000 4 4 0.001781 0.000000 0.363575 0.001796 0.000000 0.720691
5.000000 5 0 0.001656 0.000000 0.349808 0.001664 0.000000 0.226369
5.200000 5 1 0.001687 0.000000 0.358222 0.001669 0.000000 0.279765
5.400000 5 2 0.001729 0.000000 0.373751 0.001729 0.000000 0.672154
5.600000 5 3 0.001671 0.000000 0.363457 0.001667 0.000000 0.653200
5.800000 5 4 0.001639 0.000000 0.359246 0.001647 0.000000 0.478763
6.000000 6 0 0.001619 0.000000 0.369064 0.001627 0.000000 0.661004
6.200000 6 1 0.001597 0.000000 0.357756 0.001605 0.000000 0.637758
6.400000 6 2 0.001606 0.000000 0.354518 0.001611 0.000000 0.635006
6.600000 6 3 0.001643 0.000000 0.336206 0.001657 0.000000 0.249822
6.800000 6 4 0.001584 0.000000 0.353067 0.001586 0.000000 0.464607
7.000000 7 0 0.001569 0.000000 0.346421 0.001566 0.000000 0.269421
7.200000 7 1 0.001594 0.000000 0.355332 0.001586 0.000000 0.222409
7.400000 7 2 0.001648 0.000000 0.359455 0.001636 0.000000 0.230797
7.600000 7 3 0.001571 0.000000 0.371045 0.001563 0.000000 0.756937
7.800000 7 4 0.001535 0.000000 0.356501 0.001519 0.000000 0.757935
8.000000 8 0 0.001600 0.000000 0.377984 0.001591 0.000000 0.484009
8.200000 8 1 0.001546 0.000000 0.358332 0.001545 0.000000 0.634364
8.400000 8 2 0.001601 0.000000 0.361184 0.001608 0.000000 0.770737
8.600000 8 3 0.001539 0.000000 0.351695 0.001540 0.000000 0.468115
8.800000 8 4 0.001542 0.000000 0.362577 0.001559 0.000000 0.639626
9.000000 9 0 0.001551 0.000000 0.365657 0.001556 0.000000 0.645790
9.200000 9 1 0.001534 0.000000 0.360973 0.001534 0.000000 0.468285
9.400000 9 2 0.001598 0.000000 0.359827 0.001589 0.000000 0.638552
9.600000 9 3 0.001561 0.000000 0.354171 0.001561 0.000000 0.227023
9.800000 9 4 0.001573 0.000000 0.362199 0.001576 0.000000 0.209030
