0 -0.506461 6 0.000019
1 -0.496564 1 0.000003
2 -0.486668 0 0.000000
3 -0.476771 1 0.000003
4 -0.466874 0 0.000000
5 -0.456977 3 0.000009
6 -0.447080 0 0.000000
7 -0.437183 0 0.000000
8 -0.427286 0 0.000000
9 -0.417389 5 0.000016
10 -0.407492 4 0.000012
11 -0.397596 5 0.000016
12 -0.387699 33 0.000103
13 -0.377802 20 0.000062
14 -0.367905 0 0.000000
15 -0.358008 0 0.000000
16 -0.348111 0 0.000000
17 -0.338214 0 0.000000
18 -0.328317 0 0.000000
19 -0.318420 8 0.000025
20 -0.308524 30 0.000093
21 -0.298627 66 0.000205
22 -0.288730 115 0.000358
23 -0.278833 51 0.000159
24 -0.268936 24 0.000075
25 -0.259039 18 0.000056
26 -0.249142 9 0.000028
27 -0.239245 16 0.000050
28 -0.229348 17 0.000053
29 -0.219452 69 0.000215
30 -0.209555 266 0.000827
31 -0.199658 524 0.001630
32 -0.189761 713 0.002217
33 -0.179864 1438 0.004472
34 -0.169967 747 0.002323
35 -0.160070 1006 0.003129
36 -0.150173 1809 0.005626
37 -0.140276 2566 0.007980
38 -0.130379 4884 0.015189
39 -0.120483 3556 0.011059
40 -0.110586 3208 0.009976
41 -0.100689 4518 0.014050
42 -0.090792 8108 0.025215
43 -0.080895 13652 0.042456
44 -0.070998 7676 0.023871
45 -0.061101 5472 0.017017
46 -0.051204 7099 0.022077
47 -0.041307 10913 0.033938
48 -0.031411 13718 0.042661
49 -0.021514 10829 0.033677
50 -0.011617 78493 0.244104
51 -0.001720 34562 0.107484
52 0.008177 12133 0.037732
53 0.018074 15062 0.046841
54 0.027971 11696 0.036373
55 0.037868 7190 0.022360
56 0.047765 7068 0.021981
57 0.057661 7919 0.024627
58 0.067558 10772 0.033500
59 0.077455 5714 0.017770
60 0.087352 4053 0.012604
61 0.097249 4019 0.012499
62 0.107146 3777 0.011746
63 0.117043 6210 0.019312
64 0.126940 2444 0.007601
65 0.136837 991 0.003082
66 0.146733 1133 0.003523
67 0.156630 1412 0.004391
68 0.166527 1478 0.004596
69 0.176424 1084 0.003371
70 0.186321 428 0.001331
71 0.196218 343 0.001067
72 0.206115 68 0.000211
73 0.216012 6 0.000019
74 0.225909 8 0.000025
75 0.235805 13 0.000040
76 0.245702 17 0.000053
77 0.255599 23 0.000072
78 0.265496 24 0.000075
79 0.275393 39 0.000121
80 0.285290 60 0.000187
81 0.295187 62 0.000193
82 0.305084 10 0.000031
83 0.314981 0 0.000000
84 0.324877 0 0.000000
85 0.334774 0 0.000000
86 0.344671 0 0.000000
87 0.354568 6 0.000019
88 0.364465 14 0.000044
89 0.374362 9 0.000028
90 0.384259 5 0.000016
91 0.394156 5 0.000016
92 0.404053 1 0.000003
93 0.413949 0 0.000000
94 0.423846 0 0.000000
95 0.433743 0 0.000000
96 0.443640 0 0.000000
97 0.453537 0 0.000000
98 0.463434 0 0.000000
99 0.473331 2 0.000006
