0 0.000000 783713 0.812417
1 0.002591 64952 0.067331
2 0.005182 41570 0.043093
3 0.007773 17501 0.018142
4 0.010364 11570 0.011994
5 0.012955 13278 0.013764
6 0.015546 9137 0.009472
7 0.018137 4524 0.004690
8 0.020728 3075 0.003188
9 0.023318 2999 0.003109
10 0.025909 2068 0.002144
11 0.028500 2732 0.002832
12 0.031091 2060 0.002135
13 0.033682 1227 0.001272
14 0.036273 994 0.001030
15 0.038864 773 0.000801
16 0.041455 475 0.000492
17 0.044046 240 0.000249
18 0.046637 135 0.000140
19 0.049228 102 0.000106
20 0.051819 110 0.000114
21 0.054410 104 0.000108
22 0.057001 72 0.000075
23 0.059592 93 0.000096
24 0.062183 80 0.000083
25 0.064773 104 0.000108
26 0.067364 109 0.000113
27 0.069955 88 0.000091
28 0.072546 67 0.000069
29 0.075137 67 0.000069
30 0.077728 139 0.000144
31 0.080319 130 0.000135
32 0.082910 106 0.000110
33 0.085501 57 0.000059
34 0.088092 43 0.000045
35 0.090683 36 0.000037
36 0.093274 6 0.000006
37 0.095865 10 0.000010
38 0.098456 2 0.000002
39 0.101047 0 0.000000
40 0.103638 0 0.000000
41 0.106229 0 0.000000
42 0.108819 0 0.000000
43 0.111410 0 0.000000
44 0.114001 0 0.000000
45 0.116592 0 0.000000
46 0.119183 0 0.000000
47 0.121774 0 0.000000
48 0.124365 0 0.000000
49 0.126956 4 0.000004
50 0.129547 2 0.000002
51 0.132138 5 0.000005
52 0.134729 9 0.000009
53 0.137320 4 0.000004
54 0.139911 15 0.000016
55 0.142502 23 0.000024
56 0.145093 12 0.000012
57 0.147684 12 0.000012
58 0.150275 2 0.000002
59 0.152865 2 0.000002
60 0.155456 3 0.000003
61 0.158047 4 0.000004
62 0.160638 2 0.000002
63 0.163229 3 0.000003
64 0.165820 0 0.000000
65 0.168411 3 0.000003
66 0.171002 2 0.000002
67 0.173593 0 0.000000
68 0.176184 0 0.000000
69 0.178775 0 0.000000
70 0.181366 0 0.000000
71 0.183957 0 0.000000
72 0.186548 0 0.000000
73 0.189139 0 0.000000
74 0.191730 0 0.000000
75 0.194321 0 0.000000
76 0.196911 0 0.000000
77 0.199502 3 0.000003
78 0.202093 0 0.000000
79 0.204684 0 0.000000
80 0.207275 0 0.000000
81 0.209866 0 0.000000
82 0.212457 0 0.000000
83 0.215048 0 0.000000
84 0.217639 0 0.000000
85 0.220230 0 0.000000
86 0.222821 3 0.000003
87 0.225412 0 0.000000
88 0.228003 0 0.000000
89 0.230594 0 0.000000
90 0.233185 0 0.000000
91 0.235776 0 0.000000
92 0.238366 0 0.000000
93 0.240957 0 0.000000
94 0.243548 1 0.000001
95 0.246139 0 0.000000
96 0.248730 0 0.000000
97 0.251321 4 0.000004
98 0.253912 0 0.000000
99 0.256503 2 0.000002
