0 -0.219038 4 0.000012
1 -0.214833 14 0.000044
2 -0.210628 53 0.000165
3 -0.206424 45 0.000140
4 -0.202219 84 0.000261
5 -0.198014 64 0.000199
6 -0.193809 82 0.000255
7 -0.189605 109 0.000339
8 -0.185400 86 0.000267
9 -0.181195 97 0.000302
10 -0.176991 47 0.000146
11 -0.172786 54 0.000168
12 -0.168581 58 0.000180
13 -0.164377 100 0.000311
14 -0.160172 91 0.000283
15 -0.155967 117 0.000364
16 -0.151763 91 0.000283
17 -0.147558 124 0.000386
18 -0.143353 106 0.000330
19 -0.139149 203 0.000631
20 -0.134944 143 0.000445
21 -0.130739 145 0.000451
22 -0.126534 266 0.000827
23 -0.122330 277 0.000861
24 -0.118125 600 0.001866
25 -0.113920 340 0.001057
26 -0.109716 526 0.001636
27 -0.105511 476 0.001480
28 -0.101306 587 0.001825
29 -0.097102 545 0.001695
30 -0.092897 595 0.001850
31 -0.088692 791 0.002460
32 -0.084488 946 0.002942
33 -0.080283 1064 0.003309
34 -0.076078 1244 0.003869
35 -0.071874 1467 0.004562
36 -0.067669 2270 0.007059
37 -0.063464 3259 0.010135
38 -0.059259 4657 0.014483
39 -0.055055 5309 0.016510
40 -0.050850 7364 0.022901
41 -0.046645 10021 0.031164
42 -0.042441 12885 0.040071
43 -0.038236 14060 0.043725
44 -0.034031 17198 0.053484
45 -0.029827 18855 0.058637
46 -0.025622 16127 0.050153
47 -0.021417 18242 0.056730
48 -0.017213 18653 0.058009
49 -0.013008 18269 0.056814
50 -0.008803 18841 0.058593
51 -0.004599 20339 0.063252
52 -0.000394 17418 0.054168
53 0.003811 16047 0.049904
54 0.008016 10683 0.033223
55 0.012220 9602 0.029861
56 0.016425 9283 0.028869
57 0.020630 7551 0.023483
58 0.024834 7521 0.023389
59 0.029039 5220 0.016234
60 0.033244 3119 0.009700
61 0.037448 3312 0.010300
62 0.041653 2729 0.008487
63 0.045858 2336 0.007265
64 0.050062 1893 0.005887
65 0.054267 1339 0.004164
66 0.058472 659 0.002049
67 0.062676 622 0.001934
68 0.066881 516 0.001605
69 0.071086 420 0.001306
70 0.075291 463 0.001440
71 0.079495 282 0.000877
72 0.083700 273 0.000849
73 0.087905 222 0.000690
74 0.092109 241 0.000749
75 0.096314 181 0.000563
76 0.100519 195 0.000606
77 0.104723 163 0.000507
78 0.108928 121 0.000376
79 0.113133 125 0.000389
80 0.117337 134 0.000417
81 0.121542 154 0.000479
82 0.125747 89 0.000277
83 0.129952 104 0.000323
84 0.134156 73 0.000227
85 0.138361 49 0.000152
86 0.142566 33 0.000103
87 0.146770 42 0.000131
88 0.150975 34 0.000106
89 0.155180 47 0.000146
90 0.159384 55 0.000171
91 0.163589 50 0.000155
92 0.167794 20 0.000062
93 0.171998 14 0.000044
94 0.176203 12 0.000037
95 0.180408 18 0.000056
96 0.184612 26 0.000081
97 0.188817 17 0.000053
98 0.193022 58 0.000180
99 0.197226 1 0.000003
