0 -0.291899 42 0.000131
1 -0.286050 66 0.000205
2 -0.280200 28 0.000087
3 -0.274351 24 0.000075
4 -0.268502 27 0.000084
5 -0.262653 48 0.000149
6 -0.256803 31 0.000096
7 -0.250954 31 0.000096
8 -0.245105 25 0.000078
9 -0.239255 40 0.000124
10 -0.233406 41 0.000128
11 -0.227557 31 0.000096
12 -0.221707 37 0.000115
13 -0.215858 65 0.000202
14 -0.210009 72 0.000224
15 -0.204159 69 0.000215
16 -0.198310 77 0.000239
17 -0.192461 87 0.000271
18 -0.186612 74 0.000230
19 -0.180762 84 0.000261
20 -0.174913 68 0.000211
21 -0.169064 122 0.000379
22 -0.163214 202 0.000628
23 -0.157365 164 0.000510
24 -0.151516 252 0.000784
25 -0.145666 284 0.000883
26 -0.139817 269 0.000837
27 -0.133968 310 0.000964
28 -0.128119 230 0.000715
29 -0.122269 352 0.001095
30 -0.116420 391 0.001216
31 -0.110571 455 0.001415
32 -0.104721 425 0.001322
33 -0.098872 473 0.001471
34 -0.093023 582 0.001810
35 -0.087173 644 0.002003
36 -0.081324 883 0.002746
37 -0.075475 922 0.002867
38 -0.069625 1240 0.003856
39 -0.063776 1453 0.004519
40 -0.057927 2506 0.007793
41 -0.052078 2714 0.008440
42 -0.046228 3718 0.011563
43 -0.040379 3941 0.012256
44 -0.034530 5092 0.015835
45 -0.028680 7559 0.023508
46 -0.022831 11161 0.034709
47 -0.016982 18461 0.057411
48 -0.011132 31306 0.097358
49 -0.005283 54981 0.170984
50 0.000566 48431 0.150615
51 0.006415 42810 0.133134
52 0.012265 22820 0.070967
53 0.018114 15246 0.047413
54 0.023963 10142 0.031540
55 0.029813 6360 0.019779
56 0.035662 4724 0.014691
57 0.041511 3401 0.010577
58 0.047361 2245 0.006982
59 0.053210 2077 0.006459
60 0.059059 1367 0.004251
61 0.064908 1174 0.003651
62 0.070758 1146 0.003564
63 0.076607 1099 0.003418
64 0.082456 764 0.002376
65 0.088306 716 0.002227
66 0.094155 444 0.001381
67 0.100004 378 0.001176
68 0.105854 411 0.001278
69 0.111703 330 0.001026
70 0.117552 306 0.000952
71 0.123401 255 0.000793
72 0.129251 333 0.001036
73 0.135100 193 0.000600
74 0.140949 183 0.000569
75 0.146799 173 0.000538
76 0.152648 181 0.000563
77 0.158497 212 0.000659
78 0.164347 239 0.000743
79 0.170196 131 0.000407
80 0.176045 125 0.000389
81 0.181895 64 0.000199
82 0.187744 84 0.000261
83 0.193593 59 0.000183
84 0.199442 72 0.000224
85 0.205292 80 0.000249
86 0.211141 88 0.000274
87 0.216990 61 0.000190
88 0.222840 57 0.000177
89 0.228689 48 0.000149
90 0.234538 62 0.000193
91 0.240388 54 0.000168
92 0.246237 46 0.000143
93 0.252086 45 0.000140
94 0.257935 50 0.000155
95 0.263785 58 0.000180
96 0.269634 18 0.000056
97 0.275483 10 0.000031
98 0.281333 24 0.000075
99 0.287182 1 0.000003
