0 -0.506461 6 0.000006
1 -0.496564 1 0.000001
2 -0.486668 0 0.000000
3 -0.476771 1 0.000001
4 -0.466874 0 0.000000
5 -0.456977 3 0.000003
6 -0.447080 0 0.000000
7 -0.437183 0 0.000000
8 -0.427286 0 0.000000
9 -0.417389 5 0.000005
10 -0.407492 4 0.000004
11 -0.397596 5 0.000005
12 -0.387699 33 0.000034
13 -0.377802 20 0.000021
14 -0.367905 0 0.000000
15 -0.358008 0 0.000000
16 -0.348111 0 0.000000
17 -0.338214 0 0.000000
18 -0.328317 0 0.000000
19 -0.318420 8 0.000008
20 -0.308524 30 0.000031
21 -0.298627 89 0.000092
22 -0.288730 205 0.000213
23 -0.278833 97 0.000101
24 -0.268936 82 0.000085
25 -0.259039 73 0.000076
26 -0.249142 59 0.000061
27 -0.239245 89 0.000092
28 -0.229348 70 0.000073
29 -0.219452 189 0.000196
30 -0.209555 530 0.000549
31 -0.199658 842 0.000873
32 -0.189761 1066 0.001105
33 -0.179864 1713 0.001776
34 -0.169967 1132 0.001173
35 -0.160070 1599 0.001658
36 -0.150173 2510 0.002602
37 -0.140276 3462 0.003589
38 -0.130379 5797 0.006009
39 -0.120483 5272 0.005465
40 -0.110586 5101 0.005288
41 -0.100689 6726 0.006972
42 -0.090792 10997 0.011400
43 -0.080895 17841 0.018494
44 -0.070998 15020 0.015570
45 -0.061101 20222 0.020963
46 -0.051204 33469 0.034695
47 -0.041307 52491 0.054414
48 -0.031411 67174 0.069634
49 -0.021514 79726 0.082646
50 -0.011617 187698 0.194573
51 -0.001720 162039 0.167974
52 0.008177 86268 0.089428
53 0.018074 56859 0.058942
54 0.027971 33223 0.034440
55 0.037868 20351 0.021096
56 0.047765 15004 0.015554
57 0.057661 11853 0.012287
58 0.067558 13841 0.014348
59 0.077455 8039 0.008333
60 0.087352 5682 0.005890
61 0.097249 5062 0.005247
62 0.107146 4724 0.004897
63 0.117043 7027 0.007284
64 0.126940 3146 0.003261
65 0.136837 1407 0.001459
66 0.146733 1497 0.001552
67 0.156630 1901 0.001971
68 0.166527 1831 0.001898
69 0.176424 1289 0.001336
70 0.186321 623 0.000646
71 0.196218 482 0.000500
72 0.206115 208 0.000216
73 0.216012 113 0.000117
74 0.225909 101 0.000105
75 0.235805 110 0.000114
76 0.245702 90 0.000093
77 0.255599 114 0.000118
78 0.265496 79 0.000082
79 0.275393 63 0.000065
80 0.285290 71 0.000074
81 0.295187 62 0.000064
82 0.305084 10 0.000010
83 0.314981 0 0.000000
84 0.324877 0 0.000000
85 0.334774 0 0.000000
86 0.344671 0 0.000000
87 0.354568 6 0.000006
88 0.364465 14 0.000015
89 0.374362 9 0.000009
90 0.384259 5 0.000005
91 0.394156 5 0.000005
92 0.404053 1 0.000001
93 0.413949 0 0.000000
94 0.423846 0 0.000000
95 0.433743 0 0.000000
96 0.443640 0 0.000000
97 0.453537 0 0.000000
98 0.463434 0 0.000000
99 0.473331 2 0.000002
