0 0.496344 111 0.000345
1 0.496557 96 0.000299
2 0.496770 101 0.000314
3 0.496983 92 0.000286
4 0.497196 59 0.000183
5 0.497409 230 0.000715
6 0.497622 1313 0.004083
7 0.497836 2926 0.009100
8 0.498049 3246 0.010095
9 0.498262 2359 0.007336
10 0.498475 3025 0.009407
11 0.498688 2279 0.007087
12 0.498901 2577 0.008014
13 0.499114 2856 0.008882
14 0.499327 1417 0.004407
15 0.499540 2989 0.009295
16 0.499753 2017 0.006273
17 0.499967 1777 0.005526
18 0.500180 1770 0.005504
19 0.500393 3363 0.010459
20 0.500606 5987 0.018619
21 0.500819 7055 0.021940
22 0.501032 8970 0.027896
23 0.501245 7400 0.023013
24 0.501458 3967 0.012337
25 0.501671 3943 0.012262
26 0.501884 6394 0.019885
27 0.502098 6101 0.018973
28 0.502311 3792 0.011793
29 0.502524 5831 0.018134
30 0.502737 5921 0.018414
31 0.502950 4790 0.014896
32 0.503163 4067 0.012648
33 0.503376 5385 0.016747
34 0.503589 6195 0.019266
35 0.503802 7793 0.024235
36 0.504015 7024 0.021844
37 0.504229 7704 0.023959
38 0.504442 8051 0.025038
39 0.504655 6384 0.019853
40 0.504868 8604 0.026757
41 0.505081 11248 0.034980
42 0.505294 10895 0.033882
43 0.505507 9219 0.028670
44 0.505720 8600 0.026745
45 0.505933 7414 0.023057
46 0.506146 8989 0.027955
47 0.506360 8822 0.027435
48 0.506573 8867 0.027575
49 0.506786 6421 0.019969
50 0.506999 5746 0.017869
51 0.507212 6672 0.020749
52 0.507425 4956 0.015413
53 0.507638 4116 0.012800
54 0.507851 3995 0.012424
55 0.508064 5078 0.015792
56 0.508277 4710 0.014648
57 0.508491 4351 0.013531
58 0.508704 3497 0.010875
59 0.508917 3775 0.011740
60 0.509130 3659 0.011379
61 0.509343 3032 0.009429
62 0.509556 2930 0.009112
63 0.509769 2724 0.008471
64 0.509982 2017 0.006273
65 0.510195 1677 0.005215
66 0.510408 1796 0.005585
67 0.510621 1169 0.003635
68 0.510835 1197 0.003723
69 0.511048 855 0.002659
70 0.511261 884 0.002749
71 0.511474 1149 0.003573
72 0.511687 739 0.002298
73 0.511900 700 0.002177
74 0.512113 433 0.001347
75 0.512326 441 0.001371
76 0.512539 236 0.000734
77 0.512752 249 0.000774
78 0.512966 154 0.000479
79 0.513179 196 0.000610
80 0.513392 180 0.000560
81 0.513605 233 0.000725
82 0.513818 307 0.000955
83 0.514031 90 0.000280
84 0.514244 98 0.000305
85 0.514457 117 0.000364
86 0.514670 73 0.000227
87 0.514883 86 0.000267
88 0.515097 113 0.000351
89 0.515310 113 0.000351
90 0.515523 55 0.000171
91 0.515736 57 0.000177
92 0.515949 67 0.000208
93 0.516162 153 0.000476
94 0.516375 36 0.000112
95 0.516588 101 0.000314
96 0.516801 31 0.000096
97 0.517014 32 0.000100
98 0.517228 44 0.000137
99 0.517441 1 0.000003
