0 0.179542 170 0.000176
1 0.188090 107 0.000111
2 0.196637 278 0.000288
3 0.205185 275 0.000285
4 0.213733 308 0.000319
5 0.222281 499 0.000517
6 0.230829 663 0.000687
7 0.239377 1010 0.001047
8 0.247924 828 0.000858
9 0.256472 931 0.000965
10 0.265020 838 0.000869
11 0.273568 1292 0.001339
12 0.282116 1736 0.001800
13 0.290663 2028 0.002102
14 0.299211 3173 0.003289
15 0.307759 2387 0.002474
16 0.316307 2508 0.002600
17 0.324855 2485 0.002576
18 0.333402 2420 0.002509
19 0.341950 2505 0.002597
20 0.350498 2432 0.002521
21 0.359046 2346 0.002432
22 0.367594 2010 0.002084
23 0.376141 2827 0.002931
24 0.384689 3162 0.003278
25 0.393237 2895 0.003001
26 0.401785 3609 0.003741
27 0.410333 4079 0.004228
28 0.418881 4156 0.004308
29 0.427428 4717 0.004890
30 0.435976 6116 0.006340
31 0.444524 7846 0.008133
32 0.453072 11101 0.011508
33 0.461620 13899 0.014408
34 0.470167 16443 0.017045
35 0.478715 25541 0.026476
36 0.487263 32381 0.033567
37 0.495811 182045 0.188713
38 0.504359 205804 0.213342
39 0.512906 20330 0.021075
40 0.521454 13329 0.013817
41 0.530002 10833 0.011230
42 0.538550 10095 0.010465
43 0.547098 11331 0.011746
44 0.555645 12029 0.012470
45 0.564193 13383 0.013873
46 0.572741 20461 0.021210
47 0.581289 20189 0.020928
48 0.589837 21471 0.022257
49 0.598384 19081 0.019780
50 0.606932 20478 0.021228
51 0.615480 19691 0.020412
52 0.624028 19795 0.020520
53 0.632576 16339 0.016937
54 0.641124 12287 0.012737
55 0.649671 9618 0.009970
56 0.658219 8060 0.008355
57 0.666767 6960 0.007215
58 0.675315 6121 0.006345
59 0.683863 5002 0.005185
60 0.692410 3968 0.004113
61 0.700958 3580 0.003711
62 0.709506 3487 0.003615
63 0.718054 3482 0.003610
64 0.726602 3466 0.003593
65 0.735149 3135 0.003250
66 0.743697 2963 0.003072
67 0.752245 3063 0.003175
68 0.760793 2959 0.003067
69 0.769341 2920 0.003027
70 0.777889 2926 0.003033
71 0.786436 3055 0.003167
72 0.794984 3403 0.003528
73 0.803532 3217 0.003335
74 0.812080 3014 0.003124
75 0.820628 3295 0.003416
76 0.829175 3142 0.003257
77 0.837723 3300 0.003421
78 0.846271 3487 0.003615
79 0.854819 3803 0.003942
80 0.863367 3404 0.003529
81 0.871914 4059 0.004208
82 0.880462 4262 0.004418
83 0.889010 4575 0.004743
84 0.897558 4093 0.004243
85 0.906106 3861 0.004002
86 0.914653 3756 0.003894
87 0.923201 3033 0.003144
88 0.931749 2647 0.002744
89 0.940297 2020 0.002094
90 0.948845 1942 0.002013
91 0.957393 1580 0.001638
92 0.965940 877 0.000909
93 0.974488 714 0.000740
94 0.983036 525 0.000544
95 0.991584 372 0.000386
96 1.000131 171 0.000177
97 1.008679 142 0.000147
98 1.017227 234 0.000243
99 1.025775 3 0.000003
