0 0.000000 6 0.000019
1 0.009919 1 0.000003
2 0.019839 0 0.000000
3 0.029758 1 0.000003
4 0.039678 0 0.000000
5 0.049597 3 0.000009
6 0.059517 0 0.000000
7 0.069436 0 0.000000
8 0.079356 0 0.000000
9 0.089275 5 0.000016
10 0.099195 6 0.000019
11 0.109114 3 0.000009
12 0.119033 36 0.000112
13 0.128953 17 0.000053
14 0.138872 0 0.000000
15 0.148792 0 0.000000
16 0.158711 0 0.000000
17 0.168631 0 0.000000
18 0.178550 0 0.000000
19 0.188470 8 0.000025
20 0.198389 29 0.000090
21 0.208309 55 0.000171
22 0.218228 138 0.000429
23 0.228147 36 0.000112
24 0.238067 34 0.000106
25 0.247986 11 0.000034
26 0.257906 10 0.000031
27 0.267825 17 0.000053
28 0.277745 16 0.000050
29 0.287664 66 0.000205
30 0.297584 257 0.000799
31 0.307503 531 0.001651
32 0.317423 847 0.002634
33 0.327342 1391 0.004326
34 0.337261 852 0.002650
35 0.347181 1178 0.003663
36 0.357100 2594 0.008067
37 0.367020 4654 0.014473
38 0.376939 3103 0.009650
39 0.386859 3184 0.009902
40 0.396778 3273 0.010179
41 0.406698 4997 0.015540
42 0.416617 7858 0.024437
43 0.426537 15315 0.047628
44 0.436456 6596 0.020513
45 0.446375 6311 0.019626
46 0.456295 9568 0.029755
47 0.466214 13623 0.042366
48 0.476134 9570 0.029762
49 0.486053 10884 0.033848
50 0.495973 97790 0.304115
51 0.505892 13593 0.042273
52 0.515812 11441 0.035580
53 0.525731 18261 0.056789
54 0.535651 8958 0.027858
55 0.545570 7571 0.023545
56 0.555489 8349 0.025964
57 0.565409 10747 0.033422
58 0.575328 6420 0.019965
59 0.585248 5120 0.015923
60 0.595167 3683 0.011454
61 0.605087 3864 0.012017
62 0.615006 3244 0.010088
63 0.624926 6753 0.021001
64 0.634845 1771 0.005508
65 0.644765 1120 0.003483
66 0.654684 1768 0.005498
67 0.664604 1334 0.004149
68 0.674523 1299 0.004040
69 0.684442 414 0.001287
70 0.694362 322 0.001001
71 0.704281 309 0.000961
72 0.714201 40 0.000124
73 0.724120 4 0.000012
74 0.734040 13 0.000040
75 0.743959 16 0.000050
76 0.753879 12 0.000037
77 0.763798 19 0.000059
78 0.773718 24 0.000075
79 0.783637 42 0.000131
80 0.793556 63 0.000196
81 0.803476 57 0.000177
82 0.813395 9 0.000028
83 0.823315 0 0.000000
84 0.833234 0 0.000000
85 0.843154 0 0.000000
86 0.853073 0 0.000000
87 0.862993 6 0.000019
88 0.872912 16 0.000050
89 0.882832 7 0.000022
90 0.892751 6 0.000019
91 0.902670 4 0.000012
92 0.912590 1 0.000003
93 0.922509 0 0.000000
94 0.932429 0 0.000000
95 0.942348 0 0.000000
96 0.952268 0 0.000000
97 0.962187 0 0.000000
98 0.972107 2 0.000006
99 0.982026 0 0.000000
