0 0.008426 39 0.000121
1 0.018440 91 0.000283
2 0.028453 90 0.000280
3 0.038467 89 0.000277
4 0.048481 73 0.000227
5 0.058495 47 0.000146
6 0.068508 45 0.000140
7 0.078522 83 0.000258
8 0.088536 80 0.000249
9 0.098550 59 0.000183
10 0.108563 56 0.000174
11 0.118577 47 0.000146
12 0.128591 49 0.000152
13 0.138604 44 0.000137
14 0.148618 59 0.000183
15 0.158632 43 0.000134
16 0.168646 53 0.000165
17 0.178659 43 0.000134
18 0.188673 37 0.000115
19 0.198687 42 0.000131
20 0.208701 40 0.000124
21 0.218714 28 0.000087
22 0.228728 34 0.000106
23 0.238742 135 0.000420
24 0.248756 465 0.001446
25 0.258769 480 0.001493
26 0.268783 366 0.001138
27 0.278797 581 0.001807
28 0.288811 465 0.001446
29 0.298824 446 0.001387
30 0.308838 1662 0.005169
31 0.318852 1261 0.003922
32 0.328866 2768 0.008608
33 0.338879 1510 0.004696
34 0.348893 874 0.002718
35 0.358907 311 0.000967
36 0.368921 329 0.001023
37 0.378934 287 0.000893
38 0.388948 300 0.000933
39 0.398962 385 0.001197
40 0.408976 501 0.001558
41 0.418989 527 0.001639
42 0.429003 520 0.001617
43 0.439017 704 0.002189
44 0.449031 878 0.002730
45 0.459044 916 0.002849
46 0.469058 1222 0.003800
47 0.479072 1339 0.004164
48 0.489086 1880 0.005847
49 0.499099 1980 0.006158
50 0.509113 1953 0.006074
51 0.519127 2631 0.008182
52 0.529141 3157 0.009818
53 0.539154 3963 0.012324
54 0.549168 5955 0.018519
55 0.559182 7179 0.022326
56 0.569196 11816 0.036746
57 0.579209 28219 0.087758
58 0.589223 38753 0.120517
59 0.599237 26494 0.082393
60 0.609251 19969 0.062101
61 0.619264 18417 0.057275
62 0.629278 12909 0.040145
63 0.639292 6541 0.020342
64 0.649306 5017 0.015602
65 0.659319 4118 0.012806
66 0.669333 3711 0.011541
67 0.679347 3177 0.009880
68 0.689360 2861 0.008897
69 0.699374 2661 0.008275
70 0.709388 2480 0.007712
71 0.719402 2447 0.007610
72 0.729415 2426 0.007545
73 0.739429 2567 0.007983
74 0.749443 2557 0.007952
75 0.759457 2438 0.007582
76 0.769470 2875 0.008941
77 0.779484 2472 0.007688
78 0.789498 2765 0.008599
79 0.799512 2471 0.007685
80 0.809525 2773 0.008624
81 0.819539 3556 0.011059
82 0.829553 3467 0.010782
83 0.839567 3642 0.011326
84 0.849580 4526 0.014075
85 0.859594 6672 0.020749
86 0.869608 5679 0.017661
87 0.879622 6009 0.018687
88 0.889635 3944 0.012265
89 0.899649 3831 0.011914
90 0.909663 4454 0.013851
91 0.919677 5277 0.016411
92 0.929690 3367 0.010471
93 0.939704 2273 0.007069
94 0.949718 925 0.002877
95 0.959732 665 0.002068
96 0.969745 640 0.001990
97 0.979759 357 0.001110
98 0.989773 132 0.000411
99 0.999787 5 0.000016
