0 0.179542 114 0.000355
1 0.186042 113 0.000351
2 0.192542 103 0.000320
3 0.199043 240 0.000746
4 0.205543 204 0.000634
5 0.212043 213 0.000662
6 0.218543 263 0.000818
7 0.225044 218 0.000678
8 0.231544 238 0.000740
9 0.238044 571 0.001776
10 0.244544 489 0.001521
11 0.251045 570 0.001773
12 0.257545 479 0.001490
13 0.264045 524 0.001630
14 0.270545 684 0.002127
15 0.277045 898 0.002793
16 0.283546 994 0.003091
17 0.290046 960 0.002985
18 0.296546 959 0.002982
19 0.303046 890 0.002768
20 0.309547 732 0.002276
21 0.316047 714 0.002220
22 0.322547 667 0.002074
23 0.329047 947 0.002945
24 0.335548 1210 0.003763
25 0.342048 1112 0.003458
26 0.348548 1142 0.003551
27 0.355048 1417 0.004407
28 0.361549 1346 0.004186
29 0.368049 1271 0.003953
30 0.374549 1636 0.005088
31 0.381049 2157 0.006708
32 0.387550 2293 0.007131
33 0.394050 2002 0.006226
34 0.400550 2288 0.007115
35 0.407050 2756 0.008571
36 0.413550 3000 0.009330
37 0.420051 2956 0.009193
38 0.426551 3178 0.009883
39 0.433051 4071 0.012660
40 0.439551 4372 0.013596
41 0.446052 5995 0.018644
42 0.452552 7340 0.022827
43 0.459052 10137 0.031525
44 0.465552 10317 0.032085
45 0.472053 12339 0.038373
46 0.478553 17722 0.055113
47 0.485053 21577 0.067102
48 0.491553 26848 0.083494
49 0.498054 32518 0.101127
50 0.504554 19763 0.061461
51 0.511054 14097 0.043840
52 0.517554 11674 0.036305
53 0.524055 7987 0.024839
54 0.530555 6571 0.020435
55 0.537055 5800 0.018037
56 0.543555 5298 0.016476
57 0.550056 5395 0.016778
58 0.556556 4712 0.014654
59 0.563056 4237 0.013177
60 0.569556 3607 0.011217
61 0.576056 3222 0.010020
62 0.582557 3064 0.009529
63 0.589057 2734 0.008502
64 0.595557 2081 0.006472
65 0.602057 2075 0.006453
66 0.608558 2103 0.006540
67 0.615058 2089 0.006497
68 0.621558 1755 0.005458
69 0.628058 1235 0.003841
70 0.634559 1294 0.004024
71 0.641059 1184 0.003682
72 0.647559 1029 0.003200
73 0.654059 949 0.002951
74 0.660560 938 0.002917
75 0.667060 801 0.002491
76 0.673560 835 0.002597
77 0.680060 927 0.002883
78 0.686561 937 0.002914
79 0.693061 575 0.001788
80 0.699561 491 0.001527
81 0.706061 548 0.001704
82 0.712562 591 0.001838
83 0.719062 576 0.001791
84 0.725562 681 0.002118
85 0.732062 627 0.001950
86 0.738563 471 0.001465
87 0.745063 362 0.001126
88 0.751563 426 0.001325
89 0.758063 406 0.001263
90 0.764564 292 0.000908
91 0.771064 254 0.000790
92 0.777564 185 0.000575
93 0.784064 290 0.000902
94 0.790564 241 0.000749
95 0.797065 190 0.000591
96 0.803565 80 0.000249
97 0.810065 29 0.000090
98 0.816565 63 0.000196
99 0.823066 1 0.000003
