0 0.000000 36 0.000112
1 0.010101 68 0.000211
2 0.020202 84 0.000261
3 0.030303 93 0.000289
4 0.040404 96 0.000299
5 0.050505 191 0.000594
6 0.060606 174 0.000541
7 0.070707 123 0.000383
8 0.080808 184 0.000572
9 0.090909 157 0.000488
10 0.101010 181 0.000563
11 0.111111 160 0.000498
12 0.121212 170 0.000529
13 0.131313 178 0.000554
14 0.141414 186 0.000578
15 0.151515 220 0.000684
16 0.161616 246 0.000765
17 0.171717 371 0.001154
18 0.181818 447 0.001390
19 0.191919 342 0.001064
20 0.202020 495 0.001539
21 0.212121 540 0.001679
22 0.222222 535 0.001664
23 0.232323 413 0.001284
24 0.242424 427 0.001328
25 0.252525 622 0.001934
26 0.262626 635 0.001975
27 0.272727 758 0.002357
28 0.282828 926 0.002880
29 0.292929 1070 0.003328
30 0.303030 1181 0.003673
31 0.313131 1149 0.003573
32 0.323232 1413 0.004394
33 0.333333 1408 0.004379
34 0.343434 1410 0.004385
35 0.353535 1502 0.004671
36 0.363636 2251 0.007000
37 0.373737 2069 0.006434
38 0.383838 2512 0.007812
39 0.393939 3118 0.009697
40 0.404040 3743 0.011640
41 0.414141 3984 0.012390
42 0.424242 4936 0.015350
43 0.434343 5618 0.017471
44 0.444444 7153 0.022245
45 0.454545 9418 0.029289
46 0.464646 13406 0.041691
47 0.474748 19569 0.060857
48 0.484849 38895 0.120959
49 0.494950 56476 0.175633
50 0.505051 37261 0.115877
51 0.515152 19529 0.060733
52 0.525253 12471 0.038783
53 0.535354 8646 0.026888
54 0.545455 6294 0.019574
55 0.555556 5930 0.018442
56 0.565657 5524 0.017179
57 0.575758 4666 0.014511
58 0.585859 3111 0.009675
59 0.595960 2678 0.008328
60 0.606061 2361 0.007342
61 0.616162 2385 0.007417
62 0.626263 1898 0.005903
63 0.636364 1673 0.005203
64 0.646465 1846 0.005741
65 0.656566 1358 0.004223
66 0.666667 1403 0.004363
67 0.676768 1430 0.004447
68 0.686869 910 0.002830
69 0.696970 824 0.002563
70 0.707071 648 0.002015
71 0.717172 599 0.001863
72 0.727273 487 0.001515
73 0.737374 486 0.001511
74 0.747475 474 0.001474
75 0.757576 443 0.001378
76 0.767677 530 0.001648
77 0.777778 383 0.001191
78 0.787879 358 0.001113
79 0.797980 287 0.000893
80 0.808081 289 0.000899
81 0.818182 275 0.000855
82 0.828283 267 0.000830
83 0.838384 282 0.000877
84 0.848485 265 0.000824
85 0.858586 155 0.000482
86 0.868687 176 0.000547
87 0.878788 186 0.000578
88 0.888889 155 0.000482
89 0.898990 184 0.000572
90 0.909091 172 0.000535
91 0.919192 184 0.000572
92 0.929293 252 0.000784
93 0.939394 107 0.000333
94 0.949495 70 0.000218
95 0.959596 84 0.000261
96 0.969697 134 0.000417
97 0.979798 39 0.000121
98 0.989899 47 0.000146
99 1.000000 1 0.000003
