0 0.000000 44 0.000046
1 0.010101 117 0.000121
2 0.020202 181 0.000188
3 0.030303 178 0.000185
4 0.040404 193 0.000200
5 0.050505 265 0.000275
6 0.060606 214 0.000222
7 0.070707 175 0.000181
8 0.080808 276 0.000286
9 0.090909 238 0.000247
10 0.101010 234 0.000243
11 0.111111 223 0.000231
12 0.121212 261 0.000271
13 0.131313 238 0.000247
14 0.141414 222 0.000230
15 0.151515 278 0.000288
16 0.161616 294 0.000305
17 0.171717 423 0.000438
18 0.181818 489 0.000507
19 0.191919 397 0.000412
20 0.202020 564 0.000585
21 0.212121 670 0.000695
22 0.222222 683 0.000708
23 0.232323 492 0.000510
24 0.242424 725 0.000752
25 0.252525 1093 0.001133
26 0.262626 1073 0.001112
27 0.272727 1289 0.001336
28 0.282828 1477 0.001531
29 0.292929 1696 0.001758
30 0.303030 2230 0.002312
31 0.313131 3782 0.003921
32 0.323232 4735 0.004908
33 0.333333 4561 0.004728
34 0.343434 3741 0.003878
35 0.353535 4407 0.004568
36 0.363636 5668 0.005876
37 0.373737 6747 0.006994
38 0.383838 6022 0.006243
39 0.393939 6412 0.006647
40 0.404040 8853 0.009177
41 0.414141 11154 0.011563
42 0.424242 21339 0.022121
43 0.434343 13849 0.014356
44 0.444444 14190 0.014710
45 0.454545 19664 0.020384
46 0.464646 27803 0.028821
47 0.474747 30924 0.032057
48 0.484848 51582 0.053471
49 0.494949 155659 0.161360
50 0.505050 53746 0.055715
51 0.515152 33533 0.034761
52 0.525253 33919 0.035161
53 0.535354 21321 0.022102
54 0.545455 19556 0.020272
55 0.555556 20765 0.021526
56 0.565657 26309 0.027273
57 0.575758 32833 0.034036
58 0.585859 44326 0.045949
59 0.595960 39484 0.040930
60 0.606061 26835 0.027818
61 0.616162 25817 0.026763
62 0.626263 23857 0.024731
63 0.636364 10995 0.011398
64 0.646465 8395 0.008702
65 0.656566 7454 0.007727
66 0.666667 6779 0.007027
67 0.676768 5828 0.006041
68 0.686869 4148 0.004300
69 0.696970 3916 0.004059
70 0.707071 3412 0.003537
71 0.717172 3070 0.003182
72 0.727273 2829 0.002933
73 0.737374 3189 0.003306
74 0.747475 3042 0.003153
75 0.757576 2909 0.003016
76 0.767677 3411 0.003536
77 0.777778 2986 0.003095
78 0.787879 3185 0.003302
79 0.797980 2841 0.002945
80 0.808081 3090 0.003203
81 0.818182 3538 0.003668
82 0.828283 4084 0.004234
83 0.838384 3757 0.003895
84 0.848485 4845 0.005022
85 0.858586 6498 0.006736
86 0.868687 6254 0.006483
87 0.878788 6326 0.006558
88 0.888889 4081 0.004230
89 0.898990 4062 0.004211
90 0.909091 4710 0.004883
91 0.919192 5381 0.005578
92 0.929293 3736 0.003873
93 0.939394 2473 0.002564
94 0.949495 994 0.001030
95 0.959596 759 0.000787
96 0.969697 783 0.000812
97 0.979798 398 0.000413
98 0.989899 184 0.000191
99 1.000000 1 0.000001
