0 0.223708 293 0.000911
1 0.231809 272 0.000846
2 0.239911 169 0.000526
3 0.248013 159 0.000494
4 0.256114 271 0.000843
5 0.264216 82 0.000255
6 0.272318 134 0.000417
7 0.280419 439 0.001365
8 0.288521 501 0.001558
9 0.296623 1511 0.004699
10 0.304724 1738 0.005405
11 0.312826 1223 0.003803
12 0.320928 1583 0.004923
13 0.329030 1119 0.003480
14 0.337131 955 0.002970
15 0.345233 915 0.002846
16 0.353335 665 0.002068
17 0.361436 331 0.001029
18 0.369538 326 0.001014
19 0.377640 235 0.000731
20 0.385741 233 0.000725
21 0.393843 206 0.000641
22 0.401945 255 0.000793
23 0.410046 247 0.000768
24 0.418148 295 0.000917
25 0.426250 280 0.000871
26 0.434352 269 0.000837
27 0.442453 294 0.000914
28 0.450555 317 0.000986
29 0.458657 337 0.001048
30 0.466758 535 0.001664
31 0.474860 869 0.002702
32 0.482962 916 0.002849
33 0.491063 879 0.002734
34 0.499165 1207 0.003754
35 0.507267 907 0.002821
36 0.515368 1065 0.003312
37 0.523470 1655 0.005147
38 0.531572 2253 0.007007
39 0.539673 2583 0.008033
40 0.547775 4117 0.012803
41 0.555877 5419 0.016852
42 0.563979 7534 0.023430
43 0.572080 14994 0.046630
44 0.580182 15054 0.046816
45 0.588284 16961 0.052747
46 0.596385 15960 0.049634
47 0.604487 18043 0.056112
48 0.612589 15145 0.047099
49 0.620690 16661 0.051814
50 0.628792 15309 0.047609
51 0.636894 12254 0.038108
52 0.644995 8820 0.027429
53 0.653097 7231 0.022488
54 0.661199 6328 0.019679
55 0.669300 5455 0.016964
56 0.677402 4397 0.013674
57 0.685504 3346 0.010406
58 0.693606 2952 0.009180
59 0.701707 2817 0.008761
60 0.709809 2557 0.007952
61 0.717911 2566 0.007980
62 0.726012 2447 0.007610
63 0.734114 2341 0.007280
64 0.742216 2338 0.007271
65 0.750317 2333 0.007255
66 0.758419 2389 0.007429
67 0.766521 2491 0.007747
68 0.774622 2421 0.007529
69 0.782724 2487 0.007734
70 0.790826 2688 0.008359
71 0.798928 3030 0.009423
72 0.807029 2957 0.009196
73 0.815131 3059 0.009513
74 0.823233 3056 0.009504
75 0.831334 2845 0.008848
76 0.839436 3185 0.009905
77 0.847538 3270 0.010169
78 0.855639 3684 0.011457
79 0.863741 3191 0.009924
80 0.871843 3852 0.011979
81 0.879945 3973 0.012356
82 0.888046 4323 0.013444
83 0.896148 3942 0.012259
84 0.904250 3675 0.011429
85 0.912351 3618 0.011252
86 0.920453 3140 0.009765
87 0.928555 2989 0.009295
88 0.936656 1874 0.005828
89 0.944758 1833 0.005700
90 0.952860 1636 0.005088
91 0.960961 1429 0.004444
92 0.969063 716 0.002227
93 0.977165 614 0.001909
94 0.985266 460 0.001431
95 0.993368 304 0.000945
96 1.001470 159 0.000494
97 1.009572 141 0.000438
98 1.017673 220 0.000684
99 1.025775 3 0.000009
