0 -0.495807 6 0.000010
1 -0.485923 0 0.000000
2 -0.476040 3 0.000005
3 -0.466156 1 0.000002
4 -0.456273 0 0.000000
5 -0.446389 0 0.000000
6 -0.436506 0 0.000000
7 -0.426622 0 0.000000
8 -0.416739 30 0.000048
9 -0.406855 33 0.000053
10 -0.396972 73 0.000117
11 -0.387088 41 0.000066
12 -0.377204 125 0.000201
13 -0.367321 67 0.000108
14 -0.357437 49 0.000079
15 -0.347554 65 0.000104
16 -0.337670 101 0.000162
17 -0.327787 79 0.000127
18 -0.317903 56 0.000090
19 -0.308020 75 0.000120
20 -0.298136 96 0.000154
21 -0.288253 180 0.000289
22 -0.278369 198 0.000318
23 -0.268486 144 0.000231
24 -0.258602 180 0.000289
25 -0.248719 305 0.000490
26 -0.238835 581 0.000933
27 -0.228951 514 0.000825
28 -0.219068 455 0.000731
29 -0.209184 491 0.000789
30 -0.199301 864 0.001388
31 -0.189417 1291 0.002073
32 -0.179534 1755 0.002819
33 -0.169650 1258 0.002020
34 -0.159767 1341 0.002154
35 -0.149883 1278 0.002052
36 -0.140000 2159 0.003467
37 -0.130116 3821 0.006136
38 -0.120233 3196 0.005133
39 -0.110349 3258 0.005232
40 -0.100466 3843 0.006172
41 -0.090582 6553 0.010524
42 -0.080698 10869 0.017456
43 -0.070815 7707 0.012377
44 -0.060931 10894 0.017496
45 -0.051048 18229 0.029276
46 -0.041164 24872 0.039944
47 -0.031281 36044 0.057886
48 -0.021397 40204 0.064567
49 -0.011514 82530 0.132543
50 -0.001630 104450 0.167746
51 0.008253 43549 0.069939
52 0.018137 45937 0.073774
53 0.028020 40069 0.064351
54 0.037904 28902 0.046416
55 0.047787 20191 0.032427
56 0.057671 17659 0.028360
57 0.067555 14573 0.023404
58 0.077438 7657 0.012297
59 0.087322 5256 0.008441
60 0.097205 4641 0.007453
61 0.107089 3994 0.006414
62 0.116972 5134 0.008245
63 0.126856 2660 0.004272
64 0.136739 1661 0.002668
65 0.146623 1355 0.002176
66 0.156506 1678 0.002695
67 0.166390 1487 0.002388
68 0.176273 1224 0.001966
69 0.186157 885 0.001421
70 0.196040 638 0.001025
71 0.205924 466 0.000748
72 0.215807 182 0.000292
73 0.225691 218 0.000350
74 0.235575 241 0.000387
75 0.245458 199 0.000320
76 0.255342 115 0.000185
77 0.265225 160 0.000257
78 0.275109 196 0.000315
79 0.284992 215 0.000345
80 0.294876 239 0.000384
81 0.304759 138 0.000222
82 0.314643 110 0.000177
83 0.324526 70 0.000112
84 0.334410 80 0.000128
85 0.344293 131 0.000210
86 0.354177 51 0.000082
87 0.364060 71 0.000114
88 0.373944 95 0.000153
89 0.383828 53 0.000085
90 0.393711 38 0.000061
91 0.403595 27 0.000043
92 0.413478 18 0.000029
93 0.423362 38 0.000061
94 0.433245 0 0.000000
95 0.443129 0 0.000000
96 0.453012 0 0.000000
97 0.462896 0 0.000000
98 0.472779 1 0.000002
99 0.482663 2 0.000003
