0 -0.253975 3 0.000014
1 -0.249250 0 0.000000
2 -0.244526 25 0.000120
3 -0.239802 19 0.000092
4 -0.235078 73 0.000352
5 -0.230353 68 0.000328
6 -0.225629 76 0.000366
7 -0.220905 58 0.000279
8 -0.216180 46 0.000222
9 -0.211456 30 0.000145
10 -0.206732 17 0.000082
11 -0.202007 13 0.000063
12 -0.197283 13 0.000063
13 -0.192559 92 0.000443
14 -0.187835 92 0.000443
15 -0.183110 68 0.000328
16 -0.178386 79 0.000381
17 -0.173662 69 0.000332
18 -0.168937 109 0.000525
19 -0.164213 131 0.000631
20 -0.159489 112 0.000540
21 -0.154765 133 0.000641
22 -0.150040 90 0.000434
23 -0.145316 82 0.000395
24 -0.140592 61 0.000294
25 -0.135867 62 0.000299
26 -0.131143 130 0.000626
27 -0.126419 125 0.000602
28 -0.121694 118 0.000569
29 -0.116970 117 0.000564
30 -0.112246 322 0.001551
31 -0.107522 305 0.001469
32 -0.102797 229 0.001103
33 -0.098073 330 0.001590
34 -0.093349 396 0.001908
35 -0.088624 311 0.001498
36 -0.083900 327 0.001575
37 -0.079176 558 0.002688
38 -0.074451 623 0.003002
39 -0.069727 469 0.002260
40 -0.065003 764 0.003681
41 -0.060279 1171 0.005642
42 -0.055554 1249 0.006018
43 -0.050830 1428 0.006880
44 -0.046106 1635 0.007877
45 -0.041381 1576 0.007593
46 -0.036657 2044 0.009848
47 -0.031933 3266 0.015736
48 -0.027208 4132 0.019908
49 -0.022484 5513 0.026562
50 -0.017760 6452 0.031086
51 -0.013036 7084 0.034131
52 -0.008311 8186 0.039440
53 -0.003587 10801 0.052039
54 0.001137 12441 0.059940
55 0.005862 12113 0.058360
56 0.010586 10298 0.049616
57 0.015310 10670 0.051408
58 0.020034 12018 0.057902
59 0.024759 12623 0.060817
60 0.029483 12348 0.059492
61 0.034207 10642 0.051273
62 0.038932 9431 0.045438
63 0.043656 6927 0.033374
64 0.048380 6310 0.030401
65 0.053105 5123 0.024682
66 0.057829 5336 0.025709
67 0.062553 3677 0.017716
68 0.067277 3302 0.015909
69 0.072002 3138 0.015119
70 0.076726 1573 0.007579
71 0.081450 1186 0.005714
72 0.086175 977 0.004707
73 0.090899 743 0.003580
74 0.095623 663 0.003194
75 0.100348 599 0.002886
76 0.105072 574 0.002766
77 0.109796 377 0.001816
78 0.114520 340 0.001638
79 0.119245 301 0.001450
80 0.123969 201 0.000968
81 0.128693 233 0.001123
82 0.133418 258 0.001243
83 0.138142 232 0.001118
84 0.142866 227 0.001094
85 0.147590 201 0.000968
86 0.152315 196 0.000944
87 0.157039 192 0.000925
88 0.161763 156 0.000752
89 0.166488 84 0.000405
90 0.171212 66 0.000318
91 0.175936 53 0.000255
92 0.180661 59 0.000284
93 0.185385 54 0.000260
94 0.190109 134 0.000646
95 0.194833 46 0.000222
96 0.199558 56 0.000270
97 0.204282 46 0.000222
98 0.209006 49 0.000236
99 0.213731 1 0.000005
