0 0.000000 467649 0.751041
1 0.002483 57612 0.092524
2 0.004966 32449 0.052113
3 0.007449 13187 0.021178
4 0.009932 9120 0.014647
5 0.012415 8560 0.013747
6 0.014898 7471 0.011998
7 0.017382 3793 0.006092
8 0.019865 2406 0.003864
9 0.022348 2040 0.003276
10 0.024831 2508 0.004028
11 0.027314 2027 0.003255
12 0.029797 2363 0.003795
13 0.032280 1683 0.002703
14 0.034763 1321 0.002122
15 0.037246 945 0.001518
16 0.039729 751 0.001206
17 0.042212 567 0.000911
18 0.044695 476 0.000764
19 0.047178 402 0.000646
20 0.049662 363 0.000583
21 0.052145 477 0.000766
22 0.054628 411 0.000660
23 0.057111 323 0.000519
24 0.059594 204 0.000328
25 0.062077 219 0.000352
26 0.064560 107 0.000172
27 0.067043 139 0.000223
28 0.069526 124 0.000199
29 0.072009 150 0.000241
30 0.074492 167 0.000268
31 0.076975 224 0.000360
32 0.079458 145 0.000233
33 0.081941 160 0.000257
34 0.084425 135 0.000217
35 0.086908 132 0.000212
36 0.089391 134 0.000215
37 0.091874 133 0.000214
38 0.094357 62 0.000100
39 0.096840 48 0.000077
40 0.099323 79 0.000127
41 0.101806 77 0.000124
42 0.104289 67 0.000108
43 0.106772 66 0.000106
44 0.109255 47 0.000075
45 0.111738 82 0.000132
46 0.114221 58 0.000093
47 0.116705 55 0.000088
48 0.119188 50 0.000080
49 0.121671 85 0.000137
50 0.124154 38 0.000061
51 0.126637 36 0.000058
52 0.129120 52 0.000084
53 0.131603 36 0.000058
54 0.134086 51 0.000082
55 0.136569 82 0.000132
56 0.139052 81 0.000130
57 0.141535 67 0.000108
58 0.144018 25 0.000040
59 0.146501 42 0.000067
60 0.148985 24 0.000039
61 0.151468 34 0.000055
62 0.153951 45 0.000072
63 0.156434 38 0.000061
64 0.158917 12 0.000019
65 0.161400 15 0.000024
66 0.163883 30 0.000048
67 0.166366 33 0.000053
68 0.168849 5 0.000008
69 0.171332 6 0.000010
70 0.173815 7 0.000011
71 0.176298 3 0.000005
72 0.178781 7 0.000011
73 0.181264 8 0.000013
74 0.183748 9 0.000014
75 0.186231 16 0.000026
76 0.188714 0 0.000000
77 0.191197 0 0.000000
78 0.193680 0 0.000000
79 0.196163 0 0.000000
80 0.198646 0 0.000000
81 0.201129 0 0.000000
82 0.203612 0 0.000000
83 0.206095 0 0.000000
84 0.208578 1 0.000002
85 0.211061 0 0.000000
86 0.213544 0 0.000000
87 0.216028 0 0.000000
88 0.218511 0 0.000000
89 0.220994 1 0.000002
90 0.223477 2 0.000003
91 0.225960 0 0.000000
92 0.228443 0 0.000000
93 0.230926 3 0.000005
94 0.233409 0 0.000000
95 0.235892 3 0.000005
96 0.238375 0 0.000000
97 0.240858 2 0.000003
98 0.243341 0 0.000000
99 0.245824 1 0.000002
