0 -0.495807 6 0.000029
1 -0.485923 0 0.000000
2 -0.476040 3 0.000014
3 -0.466156 1 0.000005
4 -0.456273 0 0.000000
5 -0.446389 0 0.000000
6 -0.436506 0 0.000000
7 -0.426622 0 0.000000
8 -0.416739 1 0.000005
9 -0.406855 5 0.000024
10 -0.396972 7 0.000034
11 -0.387088 11 0.000053
12 -0.377204 20 0.000096
13 -0.367321 7 0.000034
14 -0.357437 0 0.000000
15 -0.347554 0 0.000000
16 -0.337670 0 0.000000
17 -0.327787 2 0.000010
18 -0.317903 1 0.000005
19 -0.308020 15 0.000072
20 -0.298136 52 0.000251
21 -0.288253 111 0.000535
22 -0.278369 102 0.000491
23 -0.268486 13 0.000063
24 -0.258602 3 0.000014
25 -0.248719 10 0.000048
26 -0.238835 3 0.000014
27 -0.228951 18 0.000087
28 -0.219068 19 0.000092
29 -0.209184 145 0.000699
30 -0.199301 381 0.001836
31 -0.189417 737 0.003551
32 -0.179534 1215 0.005854
33 -0.169650 527 0.002539
34 -0.159767 520 0.002505
35 -0.149883 437 0.002105
36 -0.140000 1212 0.005839
37 -0.130116 2507 0.012079
38 -0.120233 1810 0.008721
39 -0.110349 1681 0.008099
40 -0.100466 2173 0.010469
41 -0.090582 4647 0.022389
42 -0.080698 8291 0.039946
43 -0.070815 3220 0.015514
44 -0.060931 1856 0.008942
45 -0.051048 2123 0.010229
46 -0.041164 5178 0.024947
47 -0.031281 6621 0.031900
48 -0.021397 4880 0.023512
49 -0.011514 46785 0.225409
50 -0.001630 59565 0.286983
51 0.008253 6278 0.030247
52 0.018137 7142 0.034410
53 0.028020 4319 0.020809
54 0.037904 2532 0.012199
55 0.047787 1938 0.009337
56 0.057671 3648 0.017576
57 0.067555 5172 0.024919
58 0.077438 2776 0.013375
59 0.087322 2295 0.011057
60 0.097205 2202 0.010609
61 0.107089 2430 0.011708
62 0.116972 3972 0.019137
63 0.126856 1529 0.007367
64 0.136739 422 0.002033
65 0.146623 344 0.001657
66 0.156506 813 0.003917
67 0.166390 882 0.004249
68 0.176273 792 0.003816
69 0.186157 364 0.001754
70 0.196040 340 0.001638
71 0.205924 161 0.000776
72 0.215807 9 0.000043
73 0.225691 4 0.000019
74 0.235575 4 0.000019
75 0.245458 2 0.000010
76 0.255342 3 0.000014
77 0.265225 26 0.000125
78 0.275109 32 0.000154
79 0.284992 45 0.000217
80 0.294876 96 0.000463
81 0.304759 23 0.000111
82 0.314643 0 0.000000
83 0.324526 0 0.000000
84 0.334410 0 0.000000
85 0.344293 0 0.000000
86 0.354177 0 0.000000
87 0.364060 4 0.000019
88 0.373944 11 0.000053
89 0.383828 9 0.000043
90 0.393711 7 0.000034
91 0.403595 6 0.000029
92 0.413478 0 0.000000
93 0.423362 0 0.000000
94 0.433245 0 0.000000
95 0.443129 0 0.000000
96 0.453012 0 0.000000
97 0.462896 0 0.000000
98 0.472779 1 0.000005
99 0.482663 2 0.000010
