0 -0.410157 49 0.000236
1 -0.401642 50 0.000241
2 -0.393128 32 0.000154
3 -0.384614 32 0.000154
4 -0.376099 90 0.000434
5 -0.367585 58 0.000279
6 -0.359071 45 0.000217
7 -0.350557 42 0.000202
8 -0.342042 90 0.000434
9 -0.333528 73 0.000352
10 -0.325014 63 0.000304
11 -0.316500 41 0.000198
12 -0.307985 52 0.000251
13 -0.299471 39 0.000188
14 -0.290957 34 0.000164
15 -0.282443 98 0.000472
16 -0.273928 75 0.000361
17 -0.265414 118 0.000569
18 -0.256900 166 0.000800
19 -0.248385 194 0.000935
20 -0.239871 390 0.001879
21 -0.231357 344 0.001657
22 -0.222843 313 0.001508
23 -0.214328 285 0.001373
24 -0.205814 294 0.001416
25 -0.197300 334 0.001609
26 -0.188786 328 0.001580
27 -0.180271 325 0.001566
28 -0.171757 373 0.001797
29 -0.163243 492 0.002370
30 -0.154729 450 0.002168
31 -0.146214 648 0.003122
32 -0.137700 777 0.003744
33 -0.129186 878 0.004230
34 -0.120671 920 0.004433
35 -0.112157 838 0.004037
36 -0.103643 829 0.003994
37 -0.095129 968 0.004664
38 -0.086614 1155 0.005565
39 -0.078100 1304 0.006283
40 -0.069586 2885 0.013900
41 -0.061072 5325 0.025656
42 -0.052557 10142 0.048864
43 -0.044043 11910 0.057382
44 -0.035529 16673 0.080330
45 -0.027014 18220 0.087784
46 -0.018500 19447 0.093695
47 -0.009986 16142 0.077772
48 -0.001472 17120 0.082484
49 0.007043 13323 0.064190
50 0.015557 12330 0.059406
51 0.024071 10264 0.049452
52 0.032585 8731 0.042066
53 0.041100 6962 0.033543
54 0.049614 4902 0.023618
55 0.058128 3914 0.018858
56 0.066642 2742 0.013211
57 0.075157 2236 0.010773
58 0.083671 1189 0.005729
59 0.092185 1055 0.005083
60 0.100700 846 0.004076
61 0.109214 573 0.002761
62 0.117728 532 0.002563
63 0.126242 537 0.002587
64 0.134757 630 0.003035
65 0.143271 608 0.002929
66 0.151785 372 0.001792
67 0.160299 452 0.002178
68 0.168814 383 0.001845
69 0.177328 256 0.001233
70 0.185842 311 0.001498
71 0.194356 170 0.000819
72 0.202871 177 0.000853
73 0.211385 184 0.000887
74 0.219899 149 0.000718
75 0.228414 219 0.001055
76 0.236928 179 0.000862
77 0.245442 176 0.000848
78 0.253956 98 0.000472
79 0.262471 103 0.000496
80 0.270985 125 0.000602
81 0.279499 158 0.000761
82 0.288013 140 0.000675
83 0.296528 124 0.000597
84 0.305042 98 0.000472
85 0.313556 106 0.000511
86 0.322070 69 0.000332
87 0.330585 56 0.000270
88 0.339099 80 0.000385
89 0.347613 99 0.000477
90 0.356128 48 0.000231
91 0.364642 57 0.000275
92 0.373156 85 0.000410
93 0.381670 39 0.000188
94 0.390185 33 0.000159
95 0.398699 15 0.000072
96 0.407213 19 0.000092
97 0.415727 17 0.000082
98 0.424242 35 0.000169
99 0.432756 0 0.000000
