0 0.247687 145 0.000233
1 0.255029 758 0.001217
2 0.262371 500 0.000803
3 0.269713 1742 0.002798
4 0.277056 1819 0.002921
5 0.284398 1241 0.001993
6 0.291740 946 0.001519
7 0.299082 534 0.000858
8 0.306424 510 0.000819
9 0.313767 475 0.000763
10 0.321109 314 0.000504
11 0.328451 344 0.000552
12 0.335793 758 0.001217
13 0.343135 250 0.000401
14 0.350478 151 0.000243
15 0.357820 177 0.000284
16 0.365162 417 0.000670
17 0.372504 581 0.000933
18 0.379846 1968 0.003161
19 0.387189 1711 0.002748
20 0.394531 1704 0.002737
21 0.401873 2312 0.003713
22 0.409215 3301 0.005301
23 0.416557 3267 0.005247
24 0.423900 4824 0.007747
25 0.431242 4989 0.008012
26 0.438584 6072 0.009752
27 0.445926 6909 0.011096
28 0.453268 6201 0.009959
29 0.460611 8690 0.013956
30 0.467953 8720 0.014004
31 0.475295 9666 0.015524
32 0.482637 12037 0.019331
33 0.489980 28417 0.045637
34 0.497322 113760 0.182698
35 0.504664 95749 0.153772
36 0.512006 21678 0.034815
37 0.519348 13745 0.022074
38 0.526690 15312 0.024591
39 0.534033 14603 0.023452
40 0.541375 13364 0.021462
41 0.548717 15782 0.025346
42 0.556059 14308 0.022979
43 0.563401 15404 0.024739
44 0.570744 14612 0.023467
45 0.578086 14343 0.023035
46 0.585428 13224 0.021238
47 0.592770 11252 0.018071
48 0.600112 10048 0.016137
49 0.607455 8110 0.013025
50 0.614797 7017 0.011269
51 0.622139 6785 0.010897
52 0.629481 4311 0.006923
53 0.636824 3879 0.006230
54 0.644166 2857 0.004588
55 0.651508 2667 0.004283
56 0.658850 2972 0.004773
57 0.666192 2372 0.003809
58 0.673535 2384 0.003829
59 0.680877 2021 0.003246
60 0.688219 1652 0.002653
61 0.695561 1665 0.002674
62 0.702903 1562 0.002509
63 0.710245 1511 0.002427
64 0.717588 1525 0.002449
65 0.724930 1734 0.002785
66 0.732272 1810 0.002907
67 0.739614 1590 0.002554
68 0.746957 1644 0.002640
69 0.754299 1868 0.003000
70 0.761641 1749 0.002809
71 0.768983 1811 0.002908
72 0.776325 1720 0.002762
73 0.783668 1843 0.002960
74 0.791010 1945 0.003124
75 0.798352 1880 0.003019
76 0.805694 1962 0.003151
77 0.813036 1973 0.003169
78 0.820379 1660 0.002666
79 0.827721 2128 0.003418
80 0.835063 2290 0.003678
81 0.842405 2060 0.003308
82 0.849747 1550 0.002489
83 0.857090 1592 0.002557
84 0.864432 1513 0.002430
85 0.871774 1532 0.002460
86 0.879116 1207 0.001938
87 0.886458 1363 0.002189
88 0.893800 1183 0.001900
89 0.901143 1159 0.001861
90 0.908485 1114 0.001789
91 0.915827 1060 0.001702
92 0.923169 1260 0.002024
93 0.930512 1011 0.001624
94 0.937854 875 0.001405
95 0.945196 558 0.000896
96 0.952538 629 0.001010
97 0.959880 213 0.000342
98 0.967223 257 0.000413
99 0.974565 1 0.000002
