0 0.000472 47 0.000226
1 0.010568 56 0.000270
2 0.020665 80 0.000385
3 0.030761 72 0.000347
4 0.040857 70 0.000337
5 0.050953 104 0.000501
6 0.061050 83 0.000400
7 0.071146 61 0.000294
8 0.081242 55 0.000265
9 0.091338 51 0.000246
10 0.101435 49 0.000236
11 0.111531 59 0.000284
12 0.121627 75 0.000361
13 0.131723 91 0.000438
14 0.141820 102 0.000491
15 0.151916 160 0.000771
16 0.162012 172 0.000829
17 0.172108 285 0.001373
18 0.182205 295 0.001421
19 0.192301 259 0.001248
20 0.202397 270 0.001301
21 0.212493 309 0.001489
22 0.222590 302 0.001455
23 0.232686 269 0.001296
24 0.242782 263 0.001267
25 0.252878 474 0.002284
26 0.262974 453 0.002183
27 0.273071 511 0.002462
28 0.283167 662 0.003190
29 0.293263 658 0.003170
30 0.303359 722 0.003479
31 0.313456 669 0.003223
32 0.323552 912 0.004394
33 0.333648 793 0.003821
34 0.343744 829 0.003994
35 0.353841 908 0.004375
36 0.363937 1239 0.005969
37 0.374033 1264 0.006090
38 0.384129 1655 0.007974
39 0.394226 1866 0.008990
40 0.404322 2376 0.011448
41 0.414418 2581 0.012435
42 0.424514 2903 0.013987
43 0.434611 3182 0.015331
44 0.444707 4252 0.020486
45 0.454803 5548 0.026730
46 0.464899 8517 0.041035
47 0.474996 13304 0.064098
48 0.485092 26817 0.129204
49 0.495188 37717 0.181720
50 0.505284 24519 0.118132
51 0.515381 12483 0.060143
52 0.525477 7565 0.036448
53 0.535573 5320 0.025632
54 0.545669 4020 0.019368
55 0.555766 3776 0.018193
56 0.565862 3789 0.018255
57 0.575958 2866 0.013808
58 0.586054 2099 0.010113
59 0.596150 1606 0.007738
60 0.606247 1576 0.007593
61 0.616343 1652 0.007959
62 0.626439 1196 0.005762
63 0.636535 1028 0.004953
64 0.646632 1067 0.005141
65 0.656728 916 0.004413
66 0.666824 876 0.004221
67 0.676920 879 0.004235
68 0.687017 595 0.002867
69 0.697113 550 0.002650
70 0.707209 357 0.001720
71 0.717305 273 0.001315
72 0.727401 292 0.001407
73 0.737498 286 0.001378
74 0.747594 277 0.001335
75 0.757690 278 0.001339
76 0.767787 313 0.001508
77 0.777883 178 0.000858
78 0.787979 226 0.001089
79 0.798075 180 0.000867
80 0.808172 194 0.000935
81 0.818268 168 0.000809
82 0.828364 159 0.000766
83 0.838460 166 0.000800
84 0.848556 204 0.000983
85 0.858653 84 0.000405
86 0.868749 101 0.000487
87 0.878845 112 0.000540
88 0.888941 87 0.000419
89 0.899038 91 0.000438
90 0.909134 92 0.000443
91 0.919230 113 0.000544
92 0.929326 106 0.000511
93 0.939423 52 0.000251
94 0.949519 69 0.000332
95 0.959615 81 0.000390
96 0.969711 114 0.000549
97 0.979808 37 0.000178
98 0.989904 36 0.000173
99 1.000000 1 0.000005
