0 0.001706 3 0.000014
1 0.011648 3 0.000014
2 0.021590 2 0.000010
3 0.031532 1 0.000005
4 0.041474 1 0.000005
5 0.051416 0 0.000000
6 0.061358 0 0.000000
7 0.071299 0 0.000000
8 0.081241 0 0.000000
9 0.091183 7 0.000034
10 0.101125 6 0.000029
11 0.111067 3 0.000014
12 0.121009 22 0.000106
13 0.130951 13 0.000063
14 0.140892 0 0.000000
15 0.150834 0 0.000000
16 0.160776 0 0.000000
17 0.170718 2 0.000010
18 0.180660 1 0.000005
19 0.190602 10 0.000048
20 0.200544 42 0.000202
21 0.210485 73 0.000352
22 0.220427 121 0.000583
23 0.230369 32 0.000154
24 0.240311 17 0.000082
25 0.250253 4 0.000019
26 0.260195 8 0.000039
27 0.270137 13 0.000063
28 0.280079 12 0.000058
29 0.290020 72 0.000347
30 0.299962 247 0.001190
31 0.309904 525 0.002529
32 0.319846 702 0.003382
33 0.329788 935 0.004505
34 0.339730 574 0.002766
35 0.349672 675 0.003252
36 0.359613 1313 0.006326
37 0.369555 2755 0.013274
38 0.379497 1421 0.006846
39 0.389439 1576 0.007593
40 0.399381 1730 0.008335
41 0.409323 2725 0.013129
42 0.419265 5528 0.026634
43 0.429206 6690 0.032232
44 0.439148 3141 0.015133
45 0.449090 2794 0.013461
46 0.459032 4600 0.022163
47 0.468974 6489 0.031264
48 0.478916 5048 0.024321
49 0.488858 8258 0.039787
50 0.498799 93750 0.451685
51 0.508741 6667 0.032121
52 0.518683 6183 0.029790
53 0.528625 6515 0.031389
54 0.538567 3893 0.018756
55 0.548509 3151 0.015181
56 0.558451 3788 0.018250
57 0.568393 5378 0.025911
58 0.578334 2705 0.013033
59 0.588276 2279 0.010980
60 0.598218 1927 0.009284
61 0.608160 1992 0.009597
62 0.618102 2723 0.013119
63 0.628044 3132 0.015090
64 0.637986 1064 0.005126
65 0.647927 555 0.002674
66 0.657869 874 0.004211
67 0.667811 1201 0.005786
68 0.677753 512 0.002467
69 0.687695 330 0.001590
70 0.697637 261 0.001257
71 0.707579 197 0.000949
72 0.717520 10 0.000048
73 0.727462 5 0.000024
74 0.737404 3 0.000014
75 0.747346 4 0.000019
76 0.757288 2 0.000010
77 0.767230 30 0.000145
78 0.777172 34 0.000164
79 0.787113 40 0.000193
80 0.797055 93 0.000448
81 0.806997 24 0.000116
82 0.816939 0 0.000000
83 0.826881 0 0.000000
84 0.836823 0 0.000000
85 0.846765 0 0.000000
86 0.856707 1 0.000005
87 0.866648 8 0.000039
88 0.876590 7 0.000034
89 0.886532 8 0.000039
90 0.896474 9 0.000043
91 0.906416 4 0.000019
92 0.916358 0 0.000000
93 0.926300 0 0.000000
94 0.936241 0 0.000000
95 0.946183 0 0.000000
96 0.956125 0 0.000000
97 0.966067 0 0.000000
98 0.976009 1 0.000005
99 0.985951 2 0.000010
