0 0.364332 144 0.000694
1 0.367320 98 0.000472
2 0.370307 100 0.000482
3 0.373295 74 0.000357
4 0.376283 293 0.001412
5 0.379270 491 0.002366
6 0.382258 716 0.003450
7 0.385245 932 0.004490
8 0.388233 566 0.002727
9 0.391220 692 0.003334
10 0.394208 582 0.002804
11 0.397195 636 0.003064
12 0.400183 713 0.003435
13 0.403170 721 0.003474
14 0.406158 1155 0.005565
15 0.409145 1509 0.007270
16 0.412133 1222 0.005888
17 0.415121 919 0.004428
18 0.418108 1306 0.006292
19 0.421096 1431 0.006895
20 0.424083 1878 0.009048
21 0.427071 1976 0.009520
22 0.430058 1825 0.008793
23 0.433046 1805 0.008696
24 0.436033 2329 0.011221
25 0.439021 2513 0.012108
26 0.442008 2315 0.011154
27 0.444996 2625 0.012647
28 0.447983 2817 0.013572
29 0.450971 2440 0.011756
30 0.453959 2133 0.010277
31 0.456946 2755 0.013274
32 0.459934 3159 0.015220
33 0.462921 3533 0.017022
34 0.465909 3526 0.016988
35 0.468896 3139 0.015124
36 0.471884 3542 0.017065
37 0.474871 3584 0.017268
38 0.477859 3839 0.018496
39 0.480846 3864 0.018617
40 0.483834 4553 0.021936
41 0.486821 4714 0.022712
42 0.489809 4710 0.022693
43 0.492797 4875 0.023488
44 0.495784 4678 0.022538
45 0.498772 5551 0.026745
46 0.501759 5369 0.025868
47 0.504747 4616 0.022240
48 0.507734 4388 0.021141
49 0.510722 4984 0.024013
50 0.513709 4002 0.019282
51 0.516697 5220 0.025150
52 0.519684 5512 0.026557
53 0.522672 4376 0.021083
54 0.525660 4493 0.021647
55 0.528647 4502 0.021691
56 0.531635 5302 0.025545
57 0.534622 4792 0.023088
58 0.537610 4360 0.021006
59 0.540597 3635 0.017513
60 0.543585 3076 0.014820
61 0.546572 3226 0.015543
62 0.549560 3633 0.017504
63 0.552547 2654 0.012787
64 0.555535 2489 0.011992
65 0.558522 2275 0.010961
66 0.561510 1843 0.008880
67 0.564497 2030 0.009780
68 0.567485 2078 0.010012
69 0.570473 1624 0.007824
70 0.573460 1833 0.008831
71 0.576448 1694 0.008162
72 0.579435 1286 0.006196
73 0.582423 1263 0.006085
74 0.585410 1627 0.007839
75 0.588398 1548 0.007458
76 0.591385 870 0.004192
77 0.594373 741 0.003570
78 0.597360 777 0.003744
79 0.600348 1328 0.006398
80 0.603335 507 0.002443
81 0.606323 369 0.001778
82 0.609311 495 0.002385
83 0.612298 378 0.001821
84 0.615286 415 0.001999
85 0.618273 439 0.002115
86 0.621261 553 0.002664
87 0.624248 682 0.003286
88 0.627236 169 0.000814
89 0.630223 193 0.000930
90 0.633211 128 0.000617
91 0.636198 112 0.000540
92 0.639186 124 0.000597
93 0.642174 29 0.000140
94 0.645161 39 0.000188
95 0.648149 23 0.000111
96 0.651136 26 0.000125
97 0.654124 68 0.000328
98 0.657111 382 0.001840
99 0.660099 1 0.000005
