0 0.010651 5 0.000017
1 0.020626 12 0.000040
2 0.030601 17 0.000057
3 0.040575 26 0.000087
4 0.050550 43 0.000143
5 0.060525 49 0.000163
6 0.070499 69 0.000230
7 0.080474 52 0.000173
8 0.090449 69 0.000230
9 0.100424 52 0.000173
10 0.110398 81 0.000270
11 0.120373 84 0.000280
12 0.130348 102 0.000340
13 0.140323 83 0.000277
14 0.150297 69 0.000230
15 0.160272 88 0.000293
16 0.170247 98 0.000327
17 0.180221 112 0.000373
18 0.190196 95 0.000317
19 0.200171 104 0.000347
20 0.210146 129 0.000430
21 0.220120 136 0.000453
22 0.230095 179 0.000597
23 0.240070 214 0.000713
24 0.250045 321 0.001070
25 0.260019 311 0.001037
26 0.269994 463 0.001543
27 0.279969 458 0.001527
28 0.289943 425 0.001417
29 0.299918 513 0.001710
30 0.309893 763 0.002543
31 0.319868 705 0.002350
32 0.329842 976 0.003253
33 0.339817 1272 0.004240
34 0.349792 2195 0.007317
35 0.359767 2441 0.008137
36 0.369741 3140 0.010467
37 0.379716 4853 0.016177
38 0.389691 5730 0.019100
39 0.399666 6529 0.021763
40 0.409640 6518 0.021727
41 0.419615 7540 0.025133
42 0.429590 9814 0.032713
43 0.439564 9473 0.031577
44 0.449539 9173 0.030577
45 0.459514 11478 0.038260
46 0.469489 15249 0.050830
47 0.479463 16797 0.055990
48 0.489438 19886 0.066287
49 0.499413 41901 0.139670
50 0.509387 28043 0.093477
51 0.519362 12418 0.041393
52 0.529337 10212 0.034040
53 0.539312 11345 0.037817
54 0.549286 7825 0.026083
55 0.559261 5005 0.016683
56 0.569236 4476 0.014920
57 0.579211 5465 0.018217
58 0.589185 3481 0.011603
59 0.599160 2363 0.007877
60 0.609135 2591 0.008637
61 0.619110 2894 0.009647
62 0.629084 1978 0.006593
63 0.639059 1636 0.005453
64 0.649034 1796 0.005987
65 0.659008 1678 0.005593
66 0.668983 1206 0.004020
67 0.678958 1006 0.003353
68 0.688933 1157 0.003857
69 0.698907 963 0.003210
70 0.708882 833 0.002777
71 0.718857 890 0.002967
72 0.728832 737 0.002457
73 0.738806 582 0.001940
74 0.748781 556 0.001853
75 0.758756 650 0.002167
76 0.768730 460 0.001533
77 0.778705 514 0.001713
78 0.788680 434 0.001447
79 0.798655 358 0.001193
80 0.808629 321 0.001070
81 0.818604 325 0.001083
82 0.828579 387 0.001290
83 0.838554 445 0.001483
84 0.848528 525 0.001750
85 0.858503 495 0.001650
86 0.868478 466 0.001553
87 0.878452 435 0.001450
88 0.888427 336 0.001120
89 0.898402 372 0.001240
90 0.908377 611 0.002037
91 0.918351 420 0.001400
92 0.928326 231 0.000770
93 0.938301 74 0.000247
94 0.948276 33 0.000110
95 0.958250 39 0.000130
96 0.968225 14 0.000047
97 0.978200 17 0.000057
98 0.988174 9 0.000030
99 0.998149 1 0.000003
