0 0.000000 7 0.000034
1 0.010101 41 0.000198
2 0.020202 88 0.000424
3 0.030303 76 0.000366
4 0.040404 79 0.000381
5 0.050505 71 0.000342
6 0.060606 45 0.000217
7 0.070707 64 0.000308
8 0.080808 75 0.000361
9 0.090909 70 0.000337
10 0.101010 87 0.000419
11 0.111111 59 0.000284
12 0.121212 41 0.000198
13 0.131313 44 0.000212
14 0.141414 37 0.000178
15 0.151515 44 0.000212
16 0.161616 34 0.000164
17 0.171717 45 0.000217
18 0.181818 45 0.000217
19 0.191919 32 0.000154
20 0.202020 35 0.000169
21 0.212121 59 0.000284
22 0.222222 37 0.000178
23 0.232323 53 0.000255
24 0.242424 224 0.001079
25 0.252525 408 0.001966
26 0.262626 236 0.001137
27 0.272727 318 0.001532
28 0.282828 376 0.001812
29 0.292929 314 0.001513
30 0.303030 467 0.002250
31 0.313131 1865 0.008986
32 0.323232 1811 0.008725
33 0.333333 2018 0.009723
34 0.343434 998 0.004808
35 0.353535 250 0.001204
36 0.363636 269 0.001296
37 0.373737 237 0.001142
38 0.383838 217 0.001046
39 0.393939 219 0.001055
40 0.404040 222 0.001070
41 0.414141 215 0.001036
42 0.424242 282 0.001359
43 0.434343 370 0.001783
44 0.444444 465 0.002240
45 0.454545 507 0.002443
46 0.464646 634 0.003055
47 0.474748 531 0.002558
48 0.484849 948 0.004567
49 0.494950 862 0.004153
50 0.505050 875 0.004216
51 0.515152 1289 0.006210
52 0.525253 1452 0.006996
53 0.535354 1497 0.007213
54 0.545455 2779 0.013389
55 0.555556 3907 0.018824
56 0.565657 5264 0.025362
57 0.575758 13280 0.063983
58 0.585859 21603 0.104083
59 0.595960 19911 0.095931
60 0.606061 15385 0.074125
61 0.616162 16648 0.080210
62 0.626263 13097 0.063101
63 0.636364 5944 0.028638
64 0.646465 3637 0.017523
65 0.656566 2949 0.014208
66 0.666667 2383 0.011481
67 0.676768 2277 0.010971
68 0.686869 1810 0.008721
69 0.696970 1695 0.008166
70 0.707071 1577 0.007598
71 0.717172 1504 0.007246
72 0.727273 1421 0.006846
73 0.737374 1404 0.006764
74 0.747475 1522 0.007333
75 0.757576 1434 0.006909
76 0.767677 1918 0.009241
77 0.777778 1420 0.006842
78 0.787879 1245 0.005998
79 0.797980 1573 0.007579
80 0.808081 1778 0.008566
81 0.818182 1625 0.007829
82 0.828283 1372 0.006610
83 0.838384 1516 0.007304
84 0.848485 2185 0.010527
85 0.858586 2201 0.010604
86 0.868687 2006 0.009665
87 0.878788 3092 0.014897
88 0.888889 2338 0.011264
89 0.898990 3136 0.015109
90 0.909091 4043 0.019479
91 0.919192 4748 0.022876
92 0.929293 3242 0.015620
93 0.939394 2222 0.010706
94 0.949495 939 0.004524
95 0.959596 687 0.003310
96 0.969697 700 0.003373
97 0.979798 380 0.001831
98 0.989899 114 0.000549
99 1.000000 1 0.000005
