0 0.247687 145 0.000699
1 0.255029 758 0.003652
2 0.262371 500 0.002409
3 0.269713 1742 0.008393
4 0.277056 1819 0.008764
5 0.284398 1241 0.005979
6 0.291740 946 0.004558
7 0.299082 534 0.002573
8 0.306424 510 0.002457
9 0.313767 475 0.002289
10 0.321109 314 0.001513
11 0.328451 344 0.001657
12 0.335793 758 0.003652
13 0.343135 250 0.001204
14 0.350478 151 0.000728
15 0.357820 138 0.000665
16 0.365162 143 0.000689
17 0.372504 133 0.000641
18 0.379846 134 0.000646
19 0.387189 140 0.000675
20 0.394531 119 0.000573
21 0.401873 121 0.000583
22 0.409215 146 0.000703
23 0.416557 150 0.000723
24 0.423900 213 0.001026
25 0.431242 237 0.001142
26 0.438584 117 0.000564
27 0.445926 113 0.000544
28 0.453268 104 0.000501
29 0.460611 373 0.001797
30 0.467953 319 0.001537
31 0.475295 337 0.001624
32 0.482637 1052 0.005069
33 0.489980 1205 0.005806
34 0.497322 1220 0.005878
35 0.504664 953 0.004592
36 0.512006 1158 0.005579
37 0.519348 1888 0.009096
38 0.526690 3423 0.016492
39 0.534033 3380 0.016285
40 0.541375 5317 0.025617
41 0.548717 8236 0.039681
42 0.556059 8795 0.042374
43 0.563401 10444 0.050319
44 0.570744 10392 0.050068
45 0.578086 11031 0.053147
46 0.585428 9650 0.046493
47 0.592770 9338 0.044990
48 0.600112 8009 0.038587
49 0.607455 7054 0.033986
50 0.614797 5962 0.028725
51 0.622139 5567 0.026822
52 0.629481 3931 0.018939
53 0.636824 3642 0.017547
54 0.644166 2786 0.013423
55 0.651508 2400 0.011563
56 0.658850 2763 0.013312
57 0.666192 2372 0.011428
58 0.673535 2384 0.011486
59 0.680877 2021 0.009737
60 0.688219 1652 0.007959
61 0.695561 1665 0.008022
62 0.702903 1562 0.007526
63 0.710245 1511 0.007280
64 0.717588 1525 0.007347
65 0.724930 1734 0.008354
66 0.732272 1810 0.008721
67 0.739614 1590 0.007661
68 0.746957 1644 0.007921
69 0.754299 1868 0.009000
70 0.761641 1749 0.008427
71 0.768983 1811 0.008725
72 0.776325 1720 0.008287
73 0.783668 1843 0.008880
74 0.791010 1945 0.009371
75 0.798352 1880 0.009058
76 0.805694 1962 0.009453
77 0.813036 1973 0.009506
78 0.820379 1660 0.007998
79 0.827721 2128 0.010253
80 0.835063 2290 0.011033
81 0.842405 2060 0.009925
82 0.849747 1550 0.007468
83 0.857090 1592 0.007670
84 0.864432 1513 0.007290
85 0.871774 1532 0.007381
86 0.879116 1207 0.005815
87 0.886458 1363 0.006567
88 0.893800 1183 0.005700
89 0.901143 1159 0.005584
90 0.908485 1114 0.005367
91 0.915827 1060 0.005107
92 0.923169 1260 0.006071
93 0.930512 1011 0.004871
94 0.937854 875 0.004216
95 0.945196 558 0.002688
96 0.952538 629 0.003031
97 0.959880 213 0.001026
98 0.967223 257 0.001238
99 0.974565 1 0.000005
