0 0.491920 86 0.000414
1 0.492162 309 0.001489
2 0.492403 963 0.004640
3 0.492644 687 0.003310
4 0.492886 519 0.002501
5 0.493127 653 0.003146
6 0.493369 477 0.002298
7 0.493610 492 0.002370
8 0.493851 500 0.002409
9 0.494093 665 0.003204
10 0.494334 584 0.002814
11 0.494576 885 0.004264
12 0.494817 970 0.004673
13 0.495058 606 0.002920
14 0.495300 652 0.003141
15 0.495541 817 0.003936
16 0.495783 596 0.002872
17 0.496024 795 0.003830
18 0.496265 647 0.003117
19 0.496507 922 0.004442
20 0.496748 837 0.004033
21 0.496990 1314 0.006331
22 0.497231 1432 0.006899
23 0.497472 1479 0.007126
24 0.497714 1560 0.007516
25 0.497955 2246 0.010821
26 0.498197 2203 0.010614
27 0.498438 2490 0.011997
28 0.498679 3258 0.015697
29 0.498921 2347 0.011308
30 0.499162 2998 0.014444
31 0.499404 3819 0.018400
32 0.499645 4318 0.020804
33 0.499887 3533 0.017022
34 0.500128 3330 0.016044
35 0.500369 5937 0.028604
36 0.500611 4972 0.023955
37 0.500852 3391 0.016338
38 0.501094 2667 0.012850
39 0.501335 3033 0.014613
40 0.501576 3772 0.018173
41 0.501818 3716 0.017904
42 0.502059 3963 0.019094
43 0.502301 3633 0.017504
44 0.502542 3329 0.016039
45 0.502783 3017 0.014536
46 0.503025 4325 0.020838
47 0.503266 3788 0.018250
48 0.503508 2734 0.013172
49 0.503749 2918 0.014059
50 0.503990 3444 0.016593
51 0.504232 3588 0.017287
52 0.504473 3429 0.016521
53 0.504715 3256 0.015687
54 0.504956 3902 0.018800
55 0.505197 2893 0.013938
56 0.505439 3021 0.014555
57 0.505680 3338 0.016082
58 0.505922 3272 0.015764
59 0.506163 2916 0.014049
60 0.506404 1901 0.009159
61 0.506646 2944 0.014184
62 0.506887 2994 0.014425
63 0.507129 2118 0.010204
64 0.507370 2606 0.012556
65 0.507612 3003 0.014468
66 0.507853 2335 0.011250
67 0.508094 2209 0.010643
68 0.508336 1820 0.008769
69 0.508577 1195 0.005757
70 0.508819 1765 0.008504
71 0.509060 2604 0.012546
72 0.509301 2811 0.013543
73 0.509543 1993 0.009602
74 0.509784 2303 0.011096
75 0.510026 2579 0.012426
76 0.510267 3707 0.017860
77 0.510508 2931 0.014121
78 0.510750 3120 0.015032
79 0.510991 3592 0.017306
80 0.511233 3125 0.015056
81 0.511474 3043 0.014661
82 0.511715 2917 0.014054
83 0.511957 1943 0.009361
84 0.512198 1834 0.008836
85 0.512440 836 0.004028
86 0.512681 1029 0.004958
87 0.512922 1097 0.005285
88 0.513164 785 0.003782
89 0.513405 907 0.004370
90 0.513647 287 0.001383
91 0.513888 207 0.000997
92 0.514129 219 0.001055
93 0.514371 105 0.000506
94 0.514612 75 0.000361
95 0.514854 92 0.000443
96 0.515095 79 0.000381
97 0.515337 71 0.000342
98 0.515578 131 0.000631
99 0.515819 1 0.000005
