0 0.000000 753987 0.841252
1 0.002498 47693 0.053213
2 0.004995 28652 0.031968
3 0.007493 16953 0.018915
4 0.009990 11037 0.012314
5 0.012488 8487 0.009469
6 0.014986 6990 0.007799
7 0.017483 5581 0.006227
8 0.019981 4175 0.004658
9 0.022478 3287 0.003667
10 0.024976 2666 0.002975
11 0.027474 1635 0.001824
12 0.029971 1344 0.001500
13 0.032469 813 0.000907
14 0.034966 694 0.000774
15 0.037464 622 0.000694
16 0.039962 425 0.000474
17 0.042459 204 0.000228
18 0.044957 141 0.000157
19 0.047454 85 0.000095
20 0.049952 90 0.000100
21 0.052450 40 0.000045
22 0.054947 28 0.000031
23 0.057445 7 0.000008
24 0.059942 13 0.000015
25 0.062440 19 0.000021
26 0.064938 34 0.000038
27 0.067435 40 0.000045
28 0.069933 32 0.000036
29 0.072430 32 0.000036
30 0.074928 26 0.000029
31 0.077426 31 0.000035
32 0.079923 53 0.000059
33 0.082421 70 0.000078
34 0.084918 40 0.000045
35 0.087416 35 0.000039
36 0.089914 25 0.000028
37 0.092411 15 0.000017
38 0.094909 4 0.000004
39 0.097406 11 0.000012
40 0.099904 14 0.000016
41 0.102402 5 0.000006
42 0.104899 13 0.000015
43 0.107397 1 0.000001
44 0.109894 1 0.000001
45 0.112392 0 0.000000
46 0.114890 2 0.000002
47 0.117387 0 0.000000
48 0.119885 5 0.000006
49 0.122382 1 0.000001
50 0.124880 4 0.000004
51 0.127378 3 0.000003
52 0.129875 7 0.000008
53 0.132373 4 0.000004
54 0.134870 6 0.000007
55 0.137368 8 0.000009
56 0.139866 16 0.000018
57 0.142363 4 0.000004
58 0.144861 4 0.000004
59 0.147358 7 0.000008
60 0.149856 8 0.000009
61 0.152354 2 0.000002
62 0.154851 2 0.000002
63 0.157349 6 0.000007
64 0.159846 4 0.000004
65 0.162344 2 0.000002
66 0.164842 0 0.000000
67 0.167339 1 0.000001
68 0.169837 0 0.000000
69 0.172334 1 0.000001
70 0.174832 2 0.000002
71 0.177330 0 0.000000
72 0.179827 0 0.000000
73 0.182325 0 0.000000
74 0.184822 0 0.000000
75 0.187320 1 0.000001
76 0.189818 1 0.000001
77 0.192315 0 0.000000
78 0.194813 0 0.000000
79 0.197310 0 0.000000
80 0.199808 0 0.000000
81 0.202306 0 0.000000
82 0.204803 0 0.000000
83 0.207301 1 0.000001
84 0.209798 0 0.000000
85 0.212296 0 0.000000
86 0.214794 0 0.000000
87 0.217291 0 0.000000
88 0.219789 0 0.000000
89 0.222286 0 0.000000
90 0.224784 1 0.000001
91 0.227282 0 0.000000
92 0.229779 1 0.000001
93 0.232277 4 0.000004
94 0.234775 3 0.000003
95 0.237272 1 0.000001
96 0.239770 4 0.000004
97 0.242267 0 0.000000
98 0.244765 1 0.000001
99 0.247263 1 0.000001
