0 -0.492078 12 0.000040
1 -0.482085 1 0.000003
2 -0.472092 0 0.000000
3 -0.462098 1 0.000003
4 -0.452105 0 0.000000
5 -0.442112 2 0.000007
6 -0.432119 0 0.000000
7 -0.422125 0 0.000000
8 -0.412132 2 0.000007
9 -0.402139 4 0.000013
10 -0.392146 10 0.000033
11 -0.382152 16 0.000054
12 -0.372159 5 0.000017
13 -0.362166 10 0.000033
14 -0.352173 6 0.000020
15 -0.342179 2 0.000007
16 -0.332186 0 0.000000
17 -0.322193 3 0.000010
18 -0.312199 13 0.000044
19 -0.302206 35 0.000117
20 -0.292213 88 0.000295
21 -0.282220 28 0.000094
22 -0.272226 37 0.000124
23 -0.262233 53 0.000177
24 -0.252240 22 0.000074
25 -0.242247 14 0.000047
26 -0.232253 34 0.000114
27 -0.222260 93 0.000311
28 -0.212267 327 0.001095
29 -0.202274 658 0.002202
30 -0.192280 770 0.002577
31 -0.182287 1221 0.004087
32 -0.172294 1930 0.006460
33 -0.162301 2311 0.007735
34 -0.152307 2926 0.009794
35 -0.142314 3860 0.012920
36 -0.132321 3458 0.011575
37 -0.122327 3474 0.011628
38 -0.112334 4762 0.015939
39 -0.102341 6778 0.022687
40 -0.092348 9786 0.032756
41 -0.082354 10698 0.035808
42 -0.072361 9569 0.032029
43 -0.062368 8480 0.028384
44 -0.052375 10689 0.035778
45 -0.042381 12258 0.041030
46 -0.032388 12961 0.043383
47 -0.022395 27188 0.091004
48 -0.012402 47306 0.158343
49 -0.002408 17270 0.057806
50 0.007585 15755 0.052735
51 0.017578 13845 0.046342
52 0.027571 10457 0.035002
53 0.037565 8470 0.028351
54 0.047558 8134 0.027226
55 0.057551 8734 0.029235
56 0.067545 6184 0.020699
57 0.077538 3918 0.013114
58 0.087531 3932 0.013161
59 0.097524 3749 0.012549
60 0.107518 3898 0.013047
61 0.117511 3959 0.013252
62 0.127504 2650 0.008870
63 0.137497 1582 0.005295
64 0.147491 1605 0.005372
65 0.157484 871 0.002915
66 0.167477 527 0.001764
67 0.177470 353 0.001182
68 0.187464 300 0.001004
69 0.197457 152 0.000509
70 0.207450 73 0.000244
71 0.217444 91 0.000305
72 0.227437 54 0.000181
73 0.237430 7 0.000023
74 0.247423 6 0.000020
75 0.257417 27 0.000090
76 0.267410 39 0.000131
77 0.277403 39 0.000131
78 0.287396 52 0.000174
79 0.297390 27 0.000090
80 0.307383 19 0.000064
81 0.317376 27 0.000090
82 0.327369 2 0.000007
83 0.337363 0 0.000000
84 0.347356 0 0.000000
85 0.357349 4 0.000013
86 0.367342 17 0.000057
87 0.377336 6 0.000020
88 0.387329 8 0.000027
89 0.397322 5 0.000017
90 0.407316 1 0.000003
91 0.417309 3 0.000010
92 0.427302 0 0.000000
93 0.437295 0 0.000000
94 0.447289 0 0.000000
95 0.457282 0 0.000000
96 0.467275 0 0.000000
97 0.477268 1 0.000003
98 0.487262 0 0.000000
99 0.497255 2 0.000007
