0 -0.196646 23 0.000077
1 -0.193376 15 0.000050
2 -0.190106 12 0.000040
3 -0.186836 18 0.000060
4 -0.183566 12 0.000040
5 -0.180296 11 0.000037
6 -0.177026 10 0.000033
7 -0.173756 11 0.000037
8 -0.170486 10 0.000033
9 -0.167216 10 0.000033
10 -0.163946 10 0.000033
11 -0.160676 9 0.000030
12 -0.157406 35 0.000117
13 -0.154136 24 0.000080
14 -0.150866 20 0.000067
15 -0.147596 9 0.000030
16 -0.144326 12 0.000040
17 -0.141056 36 0.000120
18 -0.137786 16 0.000054
19 -0.134516 15 0.000050
20 -0.131246 14 0.000047
21 -0.127976 15 0.000050
22 -0.124706 13 0.000044
23 -0.121436 30 0.000100
24 -0.118166 32 0.000107
25 -0.114896 68 0.000228
26 -0.111626 76 0.000254
27 -0.108356 75 0.000251
28 -0.105086 72 0.000241
29 -0.101816 52 0.000174
30 -0.098546 65 0.000218
31 -0.095275 89 0.000298
32 -0.092005 130 0.000435
33 -0.088735 116 0.000388
34 -0.085465 212 0.000710
35 -0.082195 256 0.000857
36 -0.078925 214 0.000716
37 -0.075655 277 0.000927
38 -0.072385 490 0.001640
39 -0.069115 343 0.001148
40 -0.065845 341 0.001141
41 -0.062575 586 0.001961
42 -0.059305 608 0.002035
43 -0.056035 791 0.002648
44 -0.052765 1047 0.003505
45 -0.049495 1127 0.003772
46 -0.046225 1605 0.005372
47 -0.042955 1710 0.005724
48 -0.039685 2429 0.008130
49 -0.036415 2841 0.009509
50 -0.033145 3565 0.011933
51 -0.029875 5628 0.018838
52 -0.026605 7412 0.024810
53 -0.023335 14341 0.048002
54 -0.020065 19548 0.065431
55 -0.016795 28788 0.096360
56 -0.013525 37267 0.124741
57 -0.010255 45573 0.152543
58 -0.006985 35939 0.120295
59 -0.003715 27508 0.092075
60 -0.000445 16902 0.056575
61 0.002825 9759 0.032665
62 0.006095 6589 0.022055
63 0.009365 4542 0.015203
64 0.012635 3680 0.012318
65 0.015905 2221 0.007434
66 0.019175 1792 0.005998
67 0.022445 1641 0.005493
68 0.025715 1269 0.004248
69 0.028986 1202 0.004023
70 0.032256 1043 0.003491
71 0.035526 877 0.002936
72 0.038796 657 0.002199
73 0.042066 608 0.002035
74 0.045336 601 0.002012
75 0.048606 560 0.001874
76 0.051876 440 0.001473
77 0.055146 418 0.001399
78 0.058416 346 0.001158
79 0.061686 286 0.000957
80 0.064956 315 0.001054
81 0.068226 220 0.000736
82 0.071496 240 0.000803
83 0.074766 228 0.000763
84 0.078036 149 0.000499
85 0.081306 142 0.000475
86 0.084576 114 0.000382
87 0.087846 65 0.000218
88 0.091116 92 0.000308
89 0.094386 7 0.000023
90 0.097656 16 0.000054
91 0.100926 6 0.000020
92 0.104196 10 0.000033
93 0.107466 7 0.000023
94 0.110736 16 0.000054
95 0.114006 8 0.000027
96 0.117276 28 0.000094
97 0.120546 18 0.000060
98 0.123816 30 0.000100
99 0.127086 1 0.000003
