0 -0.175784 1 0.000003
1 -0.171725 9 0.000030
2 -0.167667 13 0.000044
3 -0.163608 39 0.000131
4 -0.159550 39 0.000131
5 -0.155491 65 0.000218
6 -0.151433 73 0.000244
7 -0.147374 47 0.000157
8 -0.143316 35 0.000117
9 -0.139257 26 0.000087
10 -0.135199 20 0.000067
11 -0.131140 21 0.000070
12 -0.127082 16 0.000054
13 -0.123023 15 0.000050
14 -0.118965 12 0.000040
15 -0.114906 4 0.000013
16 -0.110848 21 0.000070
17 -0.106789 12 0.000040
18 -0.102731 20 0.000067
19 -0.098672 127 0.000425
20 -0.094614 172 0.000576
21 -0.090555 213 0.000713
22 -0.086497 179 0.000599
23 -0.082439 201 0.000673
24 -0.078380 334 0.001118
25 -0.074322 636 0.002129
26 -0.070263 926 0.003100
27 -0.066205 565 0.001891
28 -0.062146 892 0.002986
29 -0.058088 800 0.002678
30 -0.054029 1337 0.004475
31 -0.049971 1464 0.004900
32 -0.045912 2208 0.007391
33 -0.041854 2413 0.008077
34 -0.037795 4277 0.014316
35 -0.033737 4742 0.015872
36 -0.029678 6334 0.021201
37 -0.025620 10060 0.033673
38 -0.021561 14647 0.049027
39 -0.017503 22172 0.074214
40 -0.013444 24192 0.080976
41 -0.009386 28308 0.094753
42 -0.005327 35903 0.120175
43 -0.001269 38557 0.129058
44 0.002790 29739 0.099543
45 0.006848 23124 0.077401
46 0.010907 13475 0.045104
47 0.014965 9896 0.033124
48 0.019024 5380 0.018008
49 0.023082 4162 0.013931
50 0.027141 2445 0.008184
51 0.031199 1698 0.005684
52 0.035257 1415 0.004736
53 0.039316 1167 0.003906
54 0.043374 1212 0.004057
55 0.047433 380 0.001272
56 0.051491 281 0.000941
57 0.055550 229 0.000767
58 0.059608 261 0.000874
59 0.063667 186 0.000623
60 0.067725 167 0.000559
61 0.071784 140 0.000469
62 0.075842 101 0.000338
63 0.079901 105 0.000351
64 0.083959 87 0.000291
65 0.088018 83 0.000278
66 0.092076 63 0.000211
67 0.096135 91 0.000305
68 0.100193 69 0.000231
69 0.104252 74 0.000248
70 0.108310 61 0.000204
71 0.112369 75 0.000251
72 0.116427 109 0.000365
73 0.120486 20 0.000067
74 0.124544 29 0.000097
75 0.128603 42 0.000141
76 0.132661 34 0.000114
77 0.136720 51 0.000171
78 0.140778 8 0.000027
79 0.144837 6 0.000020
80 0.148895 4 0.000013
81 0.152953 9 0.000030
82 0.157012 2 0.000007
83 0.161070 11 0.000037
84 0.165129 6 0.000020
85 0.169187 11 0.000037
86 0.173246 1 0.000003
87 0.177304 7 0.000023
88 0.181363 5 0.000017
89 0.185421 6 0.000020
90 0.189480 3 0.000010
91 0.193538 6 0.000020
92 0.197597 5 0.000017
93 0.201655 9 0.000030
94 0.205714 11 0.000037
95 0.209772 5 0.000017
96 0.213831 8 0.000027
97 0.217889 13 0.000044
98 0.221948 22 0.000074
99 0.226006 0 0.000000
