0 -0.492078 12 0.000013
1 -0.482085 1 0.000001
2 -0.472092 0 0.000000
3 -0.462098 1 0.000001
4 -0.452105 0 0.000000
5 -0.442112 2 0.000002
6 -0.432119 0 0.000000
7 -0.422125 0 0.000000
8 -0.412132 2 0.000002
9 -0.402139 4 0.000004
10 -0.392146 10 0.000011
11 -0.382152 16 0.000018
12 -0.372159 5 0.000006
13 -0.362166 10 0.000011
14 -0.352173 6 0.000007
15 -0.342179 2 0.000002
16 -0.332186 0 0.000000
17 -0.322193 3 0.000003
18 -0.312199 13 0.000015
19 -0.302206 35 0.000039
20 -0.292213 88 0.000098
21 -0.282220 28 0.000031
22 -0.272226 37 0.000041
23 -0.262233 53 0.000059
24 -0.252240 22 0.000025
25 -0.242247 14 0.000016
26 -0.232253 34 0.000038
27 -0.222260 93 0.000104
28 -0.212267 327 0.000365
29 -0.202274 686 0.000765
30 -0.192280 812 0.000906
31 -0.182287 1257 0.001402
32 -0.172294 1989 0.002219
33 -0.162301 2499 0.002788
34 -0.152307 3116 0.003477
35 -0.142314 3993 0.004455
36 -0.132321 3542 0.003952
37 -0.122327 3622 0.004041
38 -0.112334 5026 0.005608
39 -0.102341 7214 0.008049
40 -0.092348 10722 0.011963
41 -0.082354 12287 0.013709
42 -0.072361 12587 0.014044
43 -0.062368 12733 0.014207
44 -0.052375 18928 0.021119
45 -0.042381 28035 0.031280
46 -0.032388 49725 0.055480
47 -0.022395 143035 0.159590
48 -0.012402 237983 0.265527
49 -0.002408 146446 0.163395
50 0.007585 67712 0.075549
51 0.017578 31699 0.035368
52 0.027571 18505 0.020647
53 0.037565 13391 0.014941
54 0.047558 10441 0.011649
55 0.057551 10261 0.011449
56 0.067545 7255 0.008095
57 0.077538 4581 0.005111
58 0.087531 4287 0.004783
59 0.097524 3968 0.004427
60 0.107518 4117 0.004593
61 0.117511 4147 0.004627
62 0.127504 2753 0.003072
63 0.137497 1632 0.001821
64 0.147491 1620 0.001807
65 0.157484 886 0.000989
66 0.167477 543 0.000606
67 0.177470 369 0.000412
68 0.187464 311 0.000347
69 0.197457 172 0.000192
70 0.207450 90 0.000100
71 0.217444 127 0.000142
72 0.227437 54 0.000060
73 0.237430 7 0.000008
74 0.247423 6 0.000007
75 0.257417 27 0.000030
76 0.267410 39 0.000044
77 0.277403 39 0.000044
78 0.287396 52 0.000058
79 0.297390 27 0.000030
80 0.307383 19 0.000021
81 0.317376 27 0.000030
82 0.327369 2 0.000002
83 0.337363 0 0.000000
84 0.347356 0 0.000000
85 0.357349 4 0.000004
86 0.367342 17 0.000019
87 0.377336 6 0.000007
88 0.387329 8 0.000009
89 0.397322 5 0.000006
90 0.407316 1 0.000001
91 0.417309 3 0.000003
92 0.427302 0 0.000000
93 0.437295 0 0.000000
94 0.447289 0 0.000000
95 0.457282 0 0.000000
96 0.467275 0 0.000000
97 0.477268 1 0.000001
98 0.487262 0 0.000000
99 0.497255 2 0.000002
