0 0.000000 8 0.000027
1 0.009959 4 0.000013
2 0.019918 1 0.000003
3 0.029877 1 0.000003
4 0.039836 1 0.000003
5 0.049795 1 0.000003
6 0.059755 0 0.000000
7 0.069714 0 0.000000
8 0.079673 0 0.000000
9 0.089632 3 0.000010
10 0.099591 8 0.000027
11 0.109550 4 0.000013
12 0.119509 24 0.000080
13 0.129468 16 0.000054
14 0.139427 0 0.000000
15 0.149386 0 0.000000
16 0.159346 0 0.000000
17 0.169305 0 0.000000
18 0.179264 0 0.000000
19 0.189223 6 0.000020
20 0.199182 26 0.000087
21 0.209141 73 0.000244
22 0.219100 104 0.000348
23 0.229059 36 0.000120
24 0.239018 16 0.000054
25 0.248977 12 0.000040
26 0.258937 9 0.000030
27 0.268896 17 0.000057
28 0.278855 20 0.000067
29 0.288814 86 0.000288
30 0.298773 290 0.000971
31 0.308732 530 0.001774
32 0.318691 982 0.003287
33 0.328650 1337 0.004475
34 0.338609 878 0.002939
35 0.348568 1458 0.004880
36 0.358528 2476 0.008288
37 0.368487 5457 0.018266
38 0.378446 3154 0.010557
39 0.388405 3174 0.010624
40 0.398364 3449 0.011545
41 0.408323 5536 0.018530
42 0.418282 9666 0.032354
43 0.428241 14695 0.049187
44 0.438200 6518 0.021817
45 0.448159 7144 0.023912
46 0.458118 10273 0.034386
47 0.468078 14655 0.049053
48 0.478037 9474 0.031711
49 0.487996 11504 0.038506
50 0.497955 68122 0.228019
51 0.507914 13239 0.044314
52 0.517873 12444 0.041653
53 0.527832 18831 0.063031
54 0.537791 8537 0.028575
55 0.547750 7661 0.025643
56 0.557709 8451 0.028287
57 0.567669 12037 0.040290
58 0.577628 6024 0.020164
59 0.587587 4573 0.015307
60 0.597546 3708 0.012411
61 0.607505 3784 0.012666
62 0.617464 4288 0.014353
63 0.627423 5686 0.019032
64 0.637382 1511 0.005058
65 0.647341 1377 0.004609
66 0.657300 1556 0.005208
67 0.667260 1685 0.005640
68 0.677219 872 0.002919
69 0.687178 314 0.001051
70 0.697137 338 0.001131
71 0.707096 239 0.000800
72 0.717055 20 0.000067
73 0.727014 16 0.000054
74 0.736973 21 0.000070
75 0.746932 18 0.000060
76 0.756891 5 0.000017
77 0.766851 32 0.000107
78 0.776810 31 0.000104
79 0.786769 37 0.000124
80 0.796728 103 0.000345
81 0.806687 23 0.000077
82 0.816646 0 0.000000
83 0.826605 0 0.000000
84 0.836564 0 0.000000
85 0.846523 0 0.000000
86 0.856482 2 0.000007
87 0.866442 9 0.000030
88 0.876401 13 0.000044
89 0.886360 6 0.000020
90 0.896319 11 0.000037
91 0.906278 3 0.000010
92 0.916237 0 0.000000
93 0.926196 0 0.000000
94 0.936155 0 0.000000
95 0.946114 0 0.000000
96 0.956073 0 0.000000
97 0.966033 0 0.000000
98 0.975992 1 0.000003
99 0.985951 2 0.000007
