0 0.472628 80 0.000268
1 0.473501 129 0.000432
2 0.474373 103 0.000345
3 0.475246 143 0.000479
4 0.476119 102 0.000341
5 0.476991 64 0.000214
6 0.477864 254 0.000850
7 0.478736 194 0.000649
8 0.479609 455 0.001523
9 0.480482 556 0.001861
10 0.481354 341 0.001141
11 0.482227 517 0.001731
12 0.483099 481 0.001610
13 0.483972 449 0.001503
14 0.484845 459 0.001536
15 0.485717 398 0.001332
16 0.486590 304 0.001018
17 0.487462 280 0.000937
18 0.488335 432 0.001446
19 0.489208 434 0.001453
20 0.490080 604 0.002022
21 0.490953 692 0.002316
22 0.491825 1130 0.003782
23 0.492698 1103 0.003692
24 0.493571 1169 0.003913
25 0.494443 1303 0.004361
26 0.495316 1557 0.005212
27 0.496188 1400 0.004686
28 0.497061 1723 0.005767
29 0.497934 1820 0.006092
30 0.498806 2216 0.007417
31 0.499679 2858 0.009566
32 0.500552 2960 0.009908
33 0.501424 3143 0.010520
34 0.502297 3634 0.012164
35 0.503169 4521 0.015133
36 0.504042 6590 0.022058
37 0.504915 7847 0.026266
38 0.505787 8822 0.029529
39 0.506660 8319 0.027845
40 0.507532 9928 0.033231
41 0.508405 9741 0.032605
42 0.509278 10827 0.036240
43 0.510150 14010 0.046894
44 0.511023 13807 0.046215
45 0.511895 14092 0.047169
46 0.512768 12761 0.042714
47 0.513641 12747 0.042667
48 0.514513 12155 0.040685
49 0.515386 11421 0.038229
50 0.516258 10835 0.036267
51 0.517131 9603 0.032143
52 0.518004 8559 0.028649
53 0.518876 7035 0.023548
54 0.519749 5733 0.019190
55 0.520621 5840 0.019548
56 0.521494 5587 0.018701
57 0.522367 5425 0.018159
58 0.523239 4890 0.016368
59 0.524112 4602 0.015404
60 0.524984 4417 0.014785
61 0.525857 4389 0.014691
62 0.526730 3861 0.012924
63 0.527602 3309 0.011076
64 0.528475 2779 0.009302
65 0.529347 3294 0.011026
66 0.530220 2411 0.008070
67 0.531093 1768 0.005918
68 0.531965 1556 0.005208
69 0.532838 1542 0.005161
70 0.533710 1051 0.003518
71 0.534583 830 0.002778
72 0.535456 781 0.002614
73 0.536328 740 0.002477
74 0.537201 713 0.002387
75 0.538073 914 0.003059
76 0.538946 606 0.002028
77 0.539819 793 0.002654
78 0.540691 662 0.002216
79 0.541564 340 0.001138
80 0.542436 297 0.000994
81 0.543309 109 0.000365
82 0.544182 98 0.000328
83 0.545054 103 0.000345
84 0.545927 126 0.000422
85 0.546799 129 0.000432
86 0.547672 149 0.000499
87 0.548545 157 0.000526
88 0.549417 197 0.000659
89 0.550290 175 0.000586
90 0.551162 197 0.000659
91 0.552035 210 0.000703
92 0.552908 339 0.001135
93 0.553780 269 0.000900
94 0.554653 106 0.000355
95 0.555525 13 0.000044
96 0.556398 46 0.000154
97 0.557271 26 0.000087
98 0.558143 69 0.000231
99 0.559016 1 0.000003
