0 0.161021 360 0.001205
1 0.169714 202 0.000676
2 0.178407 187 0.000626
3 0.187100 307 0.001028
4 0.195792 196 0.000656
5 0.204485 162 0.000542
6 0.213178 174 0.000582
7 0.221871 303 0.001014
8 0.230564 228 0.000763
9 0.239257 282 0.000944
10 0.247950 333 0.001115
11 0.256643 322 0.001078
12 0.265335 499 0.001670
13 0.274028 642 0.002149
14 0.282721 556 0.001861
15 0.291414 555 0.001858
16 0.300107 574 0.001921
17 0.308800 1312 0.004392
18 0.317493 3258 0.010905
19 0.326186 1120 0.003749
20 0.334878 396 0.001325
21 0.343571 159 0.000532
22 0.352264 176 0.000589
23 0.360957 193 0.000646
24 0.369650 261 0.000874
25 0.378343 259 0.000867
26 0.387036 324 0.001084
27 0.395729 306 0.001024
28 0.404421 291 0.000974
29 0.413114 317 0.001061
30 0.421807 382 0.001279
31 0.430500 539 0.001804
32 0.439193 637 0.002132
33 0.447886 562 0.001881
34 0.456579 842 0.002818
35 0.465272 822 0.002751
36 0.473964 832 0.002785
37 0.482657 1468 0.004914
38 0.491350 1322 0.004425
39 0.500043 1459 0.004884
40 0.508736 1588 0.005315
41 0.517429 2281 0.007635
42 0.526122 2362 0.007906
43 0.534815 3313 0.011089
44 0.543507 3110 0.010410
45 0.552200 4750 0.015899
46 0.560893 5880 0.019682
47 0.569586 10420 0.034878
48 0.578279 22254 0.074489
49 0.586972 27942 0.093528
50 0.595665 27524 0.092129
51 0.604358 20770 0.069522
52 0.613050 14250 0.047698
53 0.621743 10304 0.034490
54 0.630436 6796 0.022748
55 0.639129 4393 0.014704
56 0.647822 4052 0.013563
57 0.656515 3418 0.011441
58 0.665208 2975 0.009958
59 0.673901 2974 0.009955
60 0.682593 2654 0.008884
61 0.691286 2397 0.008023
62 0.699979 2272 0.007605
63 0.708672 2187 0.007320
64 0.717365 2204 0.007377
65 0.726058 2127 0.007120
66 0.734751 2062 0.006902
67 0.743444 2117 0.007086
68 0.752136 2096 0.007016
69 0.760829 2215 0.007414
70 0.769522 2520 0.008435
71 0.778215 2408 0.008060
72 0.786908 2486 0.008321
73 0.795601 2789 0.009335
74 0.804294 2377 0.007956
75 0.812987 2353 0.007876
76 0.821679 2625 0.008786
77 0.830372 3094 0.010356
78 0.839065 2518 0.008428
79 0.847758 2801 0.009376
80 0.856451 2757 0.009228
81 0.865144 3152 0.010550
82 0.873837 4007 0.013412
83 0.882530 5223 0.017482
84 0.891222 4610 0.015431
85 0.899915 4336 0.014514
86 0.908608 3161 0.010581
87 0.917301 2821 0.009442
88 0.925994 3395 0.011364
89 0.934687 3436 0.011501
90 0.943380 3046 0.010196
91 0.952073 1941 0.006497
92 0.960765 1362 0.004559
93 0.969458 1158 0.003876
94 0.978151 573 0.001918
95 0.986844 447 0.001496
96 0.995537 322 0.001078
97 1.004230 106 0.000355
98 1.012923 126 0.000422
99 1.021616 0 0.000000
