0 0.009172 38 0.000127
1 0.019180 85 0.000285
2 0.029187 101 0.000338
3 0.039194 77 0.000258
4 0.049202 70 0.000234
5 0.059209 39 0.000131
6 0.069216 35 0.000117
7 0.079223 85 0.000285
8 0.089231 65 0.000218
9 0.099238 48 0.000161
10 0.109245 68 0.000228
11 0.119252 47 0.000157
12 0.129260 49 0.000164
13 0.139267 53 0.000177
14 0.149274 47 0.000157
15 0.159282 41 0.000137
16 0.169289 34 0.000114
17 0.179296 41 0.000137
18 0.189303 46 0.000154
19 0.199311 38 0.000127
20 0.209318 38 0.000127
21 0.219325 43 0.000144
22 0.229333 45 0.000151
23 0.239340 137 0.000459
24 0.249347 417 0.001396
25 0.259354 475 0.001590
26 0.269362 411 0.001376
27 0.279369 685 0.002293
28 0.289376 479 0.001603
29 0.299384 462 0.001546
30 0.309391 1753 0.005868
31 0.319398 1100 0.003682
32 0.329405 2740 0.009171
33 0.339413 1541 0.005158
34 0.349420 775 0.002594
35 0.359427 224 0.000750
36 0.369435 302 0.001011
37 0.379442 286 0.000957
38 0.389449 258 0.000864
39 0.399456 321 0.001074
40 0.409464 461 0.001543
41 0.419471 462 0.001546
42 0.429478 469 0.001570
43 0.439486 539 0.001804
44 0.449493 815 0.002728
45 0.459500 840 0.002812
46 0.469507 1117 0.003739
47 0.479515 1293 0.004328
48 0.489522 1861 0.006229
49 0.499529 1885 0.006309
50 0.509537 2027 0.006785
51 0.519544 2692 0.009011
52 0.529551 2999 0.010038
53 0.539558 3862 0.012927
54 0.549566 5806 0.019434
55 0.559573 7255 0.024284
56 0.569580 12240 0.040970
57 0.579588 30134 0.100865
58 0.589595 39990 0.133855
59 0.599602 24714 0.082723
60 0.609609 14636 0.048990
61 0.619617 12451 0.041676
62 0.629624 7638 0.025566
63 0.639631 5259 0.017603
64 0.649638 4447 0.014885
65 0.659646 3639 0.012181
66 0.669653 3292 0.011019
67 0.679660 2841 0.009509
68 0.689668 2738 0.009165
69 0.699675 2580 0.008636
70 0.709682 2301 0.007702
71 0.719689 2315 0.007749
72 0.729697 2392 0.008007
73 0.739704 2476 0.008288
74 0.749711 2392 0.008007
75 0.759719 2435 0.008150
76 0.769726 2735 0.009155
77 0.779733 2575 0.008619
78 0.789740 2653 0.008880
79 0.799748 2210 0.007397
80 0.809755 2510 0.008402
81 0.819762 3525 0.011799
82 0.829770 3269 0.010942
83 0.839777 3366 0.011267
84 0.849784 4672 0.015638
85 0.859791 6480 0.021690
86 0.869799 5706 0.019099
87 0.879806 5853 0.019591
88 0.889813 3850 0.012887
89 0.899821 3678 0.012311
90 0.909828 4154 0.013904
91 0.919835 4712 0.015772
92 0.929842 3220 0.010778
93 0.939850 2179 0.007294
94 0.949857 918 0.003073
95 0.959864 618 0.002069
96 0.969872 573 0.001918
97 0.979879 290 0.000971
98 0.989886 117 0.000392
99 0.999893 1 0.000003
