0 0.063057 58 0.000065
1 0.072740 15 0.000017
2 0.082422 49 0.000055
3 0.092104 43 0.000048
4 0.101787 48 0.000054
5 0.111469 110 0.000123
6 0.121152 256 0.000286
7 0.130834 240 0.000268
8 0.140516 388 0.000433
9 0.150199 367 0.000409
10 0.159881 705 0.000787
11 0.169564 586 0.000654
12 0.179246 641 0.000715
13 0.188929 732 0.000817
14 0.198611 563 0.000628
15 0.208293 667 0.000744
16 0.217976 844 0.000942
17 0.227658 852 0.000951
18 0.237341 892 0.000995
19 0.247023 931 0.001039
20 0.256705 991 0.001106
21 0.266388 1166 0.001301
22 0.276070 1668 0.001861
23 0.285753 1548 0.001727
24 0.295435 1502 0.001676
25 0.305117 2544 0.002838
26 0.314800 4024 0.004490
27 0.324482 2869 0.003201
28 0.334165 1373 0.001532
29 0.343847 1218 0.001359
30 0.353529 2116 0.002361
31 0.363212 1867 0.002083
32 0.372894 1911 0.002132
33 0.382577 2496 0.002785
34 0.392259 2657 0.002965
35 0.401941 2683 0.002994
36 0.411624 3228 0.003602
37 0.421306 4346 0.004849
38 0.430989 4991 0.005569
39 0.440671 5717 0.006379
40 0.450354 7155 0.007983
41 0.460036 8789 0.009806
42 0.469718 11907 0.013285
43 0.479401 20534 0.022911
44 0.489083 39159 0.043691
45 0.498766 101030 0.112723
46 0.508448 179899 0.200720
47 0.518130 88211 0.098420
48 0.527813 36920 0.041193
49 0.537495 17910 0.019983
50 0.547178 14614 0.016305
51 0.556860 12628 0.014090
52 0.566542 15029 0.016768
53 0.576225 26062 0.029078
54 0.585907 34949 0.038994
55 0.595590 32655 0.036434
56 0.605272 24649 0.027502
57 0.614954 16339 0.018230
58 0.624637 12122 0.013525
59 0.634319 8120 0.009060
60 0.644002 6390 0.007130
61 0.653684 5468 0.006101
62 0.663366 4759 0.005310
63 0.673049 4450 0.004965
64 0.682731 3926 0.004380
65 0.692414 3770 0.004206
66 0.702096 3610 0.004028
67 0.711778 3227 0.003600
68 0.721461 3051 0.003404
69 0.731143 2973 0.003317
70 0.740826 2900 0.003236
71 0.750508 2831 0.003159
72 0.760191 3024 0.003374
73 0.769873 3498 0.003903
74 0.779555 3117 0.003478
75 0.789238 3296 0.003677
76 0.798920 3266 0.003644
77 0.808603 3362 0.003751
78 0.818285 3262 0.003640
79 0.827967 3732 0.004164
80 0.837650 3192 0.003561
81 0.847332 3445 0.003844
82 0.857015 3454 0.003854
83 0.866697 3929 0.004384
84 0.876379 5417 0.006044
85 0.886062 5867 0.006546
86 0.895744 4967 0.005542
87 0.905427 3841 0.004286
88 0.915109 3169 0.003536
89 0.924791 3851 0.004297
90 0.934474 3863 0.004310
91 0.944156 3229 0.003603
92 0.953839 1992 0.002223
93 0.963521 1439 0.001606
94 0.973203 812 0.000906
95 0.982886 543 0.000606
96 0.992568 466 0.000520
97 1.002251 167 0.000186
98 1.011933 129 0.000144
99 1.021616 1 0.000001
