0 0.063057 57 0.000191
1 0.071949 11 0.000037
2 0.080840 37 0.000124
3 0.089732 50 0.000167
4 0.098623 38 0.000127
5 0.107515 62 0.000208
6 0.116406 198 0.000663
7 0.125297 200 0.000669
8 0.134189 267 0.000894
9 0.143080 372 0.001245
10 0.151972 314 0.001051
11 0.160863 324 0.001084
12 0.169755 323 0.001081
13 0.178646 358 0.001198
14 0.187538 423 0.001416
15 0.196429 330 0.001105
16 0.205321 395 0.001322
17 0.214212 477 0.001597
18 0.223104 528 0.001767
19 0.231995 536 0.001794
20 0.240887 545 0.001824
21 0.249778 553 0.001851
22 0.258669 534 0.001787
23 0.267561 568 0.001901
24 0.276452 918 0.003073
25 0.285344 823 0.002755
26 0.294235 852 0.002852
27 0.303127 1047 0.003505
28 0.312018 1080 0.003615
29 0.320910 1014 0.003394
30 0.329801 960 0.003213
31 0.338693 852 0.002852
32 0.347584 1309 0.004382
33 0.356476 1673 0.005600
34 0.365367 1489 0.004984
35 0.374259 1488 0.004981
36 0.383150 2049 0.006858
37 0.392041 2100 0.007029
38 0.400933 2129 0.007126
39 0.409824 2448 0.008194
40 0.418716 3421 0.011451
41 0.427607 3827 0.012810
42 0.436499 4278 0.014319
43 0.445390 5337 0.017864
44 0.454282 6212 0.020793
45 0.463173 7766 0.025994
46 0.472065 9534 0.031912
47 0.480956 14012 0.046901
48 0.489848 23209 0.077685
49 0.498739 33944 0.113618
50 0.507631 43305 0.144951
51 0.516522 26993 0.090351
52 0.525413 15305 0.051229
53 0.534305 10157 0.033998
54 0.543196 8510 0.028485
55 0.552088 6981 0.023367
56 0.560979 5343 0.017884
57 0.569871 4577 0.015320
58 0.578762 3945 0.013205
59 0.587654 3175 0.010627
60 0.596545 2274 0.007612
61 0.605437 2220 0.007431
62 0.614328 2040 0.006828
63 0.623220 1873 0.006269
64 0.632111 1967 0.006584
65 0.641003 1795 0.006008
66 0.649894 1347 0.004509
67 0.658785 1427 0.004776
68 0.667677 1133 0.003792
69 0.676568 1030 0.003448
70 0.685460 887 0.002969
71 0.694351 1060 0.003548
72 0.703243 1020 0.003414
73 0.712134 712 0.002383
74 0.721026 622 0.002082
75 0.729917 638 0.002136
76 0.738809 458 0.001533
77 0.747700 495 0.001657
78 0.756592 490 0.001640
79 0.765483 565 0.001891
80 0.774375 459 0.001536
81 0.783266 494 0.001654
82 0.792157 364 0.001218
83 0.801049 418 0.001399
84 0.809940 607 0.002032
85 0.818832 386 0.001292
86 0.827723 349 0.001168
87 0.836615 368 0.001232
88 0.845506 272 0.000910
89 0.854398 361 0.001208
90 0.863289 234 0.000783
91 0.872181 239 0.000800
92 0.881072 153 0.000512
93 0.889964 170 0.000569
94 0.898855 98 0.000328
95 0.907746 49 0.000164
96 0.916638 29 0.000097
97 0.925529 30 0.000100
98 0.934421 60 0.000201
99 0.943312 1 0.000003
