0 0.011722 44 0.000147
1 0.021494 67 0.000224
2 0.031267 67 0.000224
3 0.041040 81 0.000271
4 0.050813 193 0.000646
5 0.060585 174 0.000582
6 0.070358 100 0.000335
7 0.080131 168 0.000562
8 0.089904 123 0.000412
9 0.099676 175 0.000586
10 0.109449 153 0.000512
11 0.119222 148 0.000495
12 0.128995 146 0.000489
13 0.138767 157 0.000526
14 0.148540 186 0.000623
15 0.158313 260 0.000870
16 0.168086 187 0.000626
17 0.177858 264 0.000884
18 0.187631 302 0.001011
19 0.197404 304 0.001018
20 0.207176 474 0.001587
21 0.216949 494 0.001654
22 0.226722 378 0.001265
23 0.236495 399 0.001336
24 0.246267 478 0.001600
25 0.256040 551 0.001844
26 0.265813 576 0.001928
27 0.275586 825 0.002761
28 0.285358 922 0.003086
29 0.295131 1014 0.003394
30 0.304904 904 0.003026
31 0.314677 1117 0.003739
32 0.324449 1247 0.004174
33 0.334222 1401 0.004689
34 0.343995 1242 0.004157
35 0.353768 1322 0.004425
36 0.363540 2040 0.006828
37 0.373313 1718 0.005751
38 0.383086 2561 0.008572
39 0.392859 2608 0.008730
40 0.402631 3421 0.011451
41 0.412404 3605 0.012067
42 0.422177 4434 0.014842
43 0.431950 5392 0.018048
44 0.441722 5898 0.019742
45 0.451495 8373 0.028026
46 0.461268 10988 0.036779
47 0.471041 14814 0.049586
48 0.480813 25403 0.085029
49 0.490586 46669 0.156211
50 0.500359 42479 0.142186
51 0.510132 23167 0.077545
52 0.519904 14599 0.048866
53 0.529677 10098 0.033800
54 0.539450 7162 0.023973
55 0.549223 5624 0.018825
56 0.558995 5428 0.018169
57 0.568768 4753 0.015909
58 0.578541 4139 0.013854
59 0.588314 2557 0.008559
60 0.598086 2403 0.008043
61 0.607859 2135 0.007146
62 0.617632 2086 0.006982
63 0.627405 1732 0.005797
64 0.637177 1517 0.005078
65 0.646950 1622 0.005429
66 0.656723 1328 0.004445
67 0.666495 1215 0.004067
68 0.676268 1313 0.004395
69 0.686041 821 0.002748
70 0.695814 663 0.002219
71 0.705586 599 0.002005
72 0.715359 646 0.002162
73 0.725132 466 0.001560
74 0.734905 395 0.001322
75 0.744677 455 0.001523
76 0.754450 354 0.001185
77 0.764223 456 0.001526
78 0.773996 395 0.001322
79 0.783768 364 0.001218
80 0.793541 270 0.000904
81 0.803314 248 0.000830
82 0.813087 267 0.000894
83 0.822859 255 0.000854
84 0.832632 227 0.000760
85 0.842405 213 0.000713
86 0.852178 168 0.000562
87 0.861950 145 0.000485
88 0.871723 135 0.000452
89 0.881496 115 0.000385
90 0.891269 143 0.000479
91 0.901041 161 0.000539
92 0.910814 183 0.000613
93 0.920587 200 0.000669
94 0.930360 216 0.000723
95 0.940132 84 0.000281
96 0.949905 57 0.000191
97 0.959678 49 0.000164
98 0.969451 74 0.000248
99 0.979223 8 0.000027
