0 0.000000 10 0.000011
1 0.010100 87 0.000097
2 0.020200 149 0.000166
3 0.030300 171 0.000191
4 0.040400 165 0.000184
5 0.050500 261 0.000291
6 0.060600 215 0.000240
7 0.070700 154 0.000172
8 0.080799 251 0.000280
9 0.090899 209 0.000233
10 0.100999 231 0.000258
11 0.111099 223 0.000249
12 0.121199 240 0.000268
13 0.131299 195 0.000218
14 0.141399 232 0.000259
15 0.151499 262 0.000292
16 0.161599 290 0.000324
17 0.171699 249 0.000278
18 0.181799 342 0.000382
19 0.191899 365 0.000407
20 0.201999 489 0.000546
21 0.212099 626 0.000698
22 0.222199 565 0.000630
23 0.232298 478 0.000533
24 0.242398 689 0.000769
25 0.252498 974 0.001087
26 0.262598 1061 0.001184
27 0.272698 1334 0.001488
28 0.282798 1625 0.001813
29 0.292898 1648 0.001839
30 0.302998 1990 0.002220
31 0.313098 3687 0.004114
32 0.323198 4553 0.005080
33 0.333298 4567 0.005096
34 0.343398 3749 0.004183
35 0.353498 4142 0.004621
36 0.363598 5477 0.006111
37 0.373698 7136 0.007962
38 0.383797 6128 0.006837
39 0.393897 6041 0.006740
40 0.403997 8698 0.009705
41 0.414097 10925 0.012189
42 0.424197 21886 0.024419
43 0.434297 13931 0.015543
44 0.444397 14181 0.015822
45 0.454497 19672 0.021949
46 0.464597 27560 0.030750
47 0.474697 29971 0.033440
48 0.484797 48872 0.054528
49 0.494897 118792 0.132541
50 0.504997 50105 0.055904
51 0.515097 32705 0.036490
52 0.525196 34542 0.038540
53 0.535296 21848 0.024377
54 0.545396 19361 0.021602
55 0.555496 20446 0.022812
56 0.565596 26648 0.029732
57 0.575696 33660 0.037556
58 0.585796 46111 0.051448
59 0.595896 39724 0.044322
60 0.605996 23260 0.025952
61 0.616096 18844 0.021025
62 0.626196 17618 0.019657
63 0.636296 9207 0.010273
64 0.646396 7582 0.008460
65 0.656496 6952 0.007757
66 0.666596 6267 0.006992
67 0.676695 5318 0.005933
68 0.686795 3902 0.004354
69 0.696895 3743 0.004176
70 0.706995 3249 0.003625
71 0.717095 3009 0.003357
72 0.727195 2767 0.003087
73 0.737295 2983 0.003328
74 0.747395 2908 0.003245
75 0.757495 2759 0.003078
76 0.767595 3270 0.003648
77 0.777695 3039 0.003391
78 0.787795 3152 0.003517
79 0.797895 2504 0.002794
80 0.807995 2766 0.003086
81 0.818095 3577 0.003991
82 0.828194 3760 0.004195
83 0.838294 3592 0.004008
84 0.848394 4737 0.005285
85 0.858494 6040 0.006739
86 0.868594 6539 0.007296
87 0.878694 6174 0.006889
88 0.888794 4003 0.004466
89 0.898894 3835 0.004279
90 0.908994 4358 0.004862
91 0.919094 4975 0.005551
92 0.929194 3505 0.003911
93 0.939294 2395 0.002672
94 0.949394 1037 0.001157
95 0.959494 666 0.000743
96 0.969594 659 0.000735
97 0.979693 299 0.000334
98 0.989793 119 0.000133
99 0.999893 1 0.000001
