0 -0.196293 1 0.000010
1 -0.192492 0 0.000000
2 -0.188690 0 0.000000
3 -0.184889 0 0.000000
4 -0.181088 1 0.000010
5 -0.177287 2 0.000020
6 -0.173485 10 0.000100
7 -0.169684 3 0.000030
8 -0.165883 11 0.000110
9 -0.162082 7 0.000070
10 -0.158281 3 0.000030
11 -0.154479 9 0.000090
12 -0.150678 11 0.000110
13 -0.146877 10 0.000100
14 -0.143076 11 0.000110
15 -0.139275 11 0.000110
16 -0.135473 19 0.000190
17 -0.131672 11 0.000110
18 -0.127871 9 0.000090
19 -0.124070 22 0.000220
20 -0.120269 30 0.000300
21 -0.116467 36 0.000360
22 -0.112666 33 0.000330
23 -0.108865 32 0.000320
24 -0.105064 37 0.000370
25 -0.101262 45 0.000450
26 -0.097461 55 0.000550
27 -0.093660 82 0.000820
28 -0.089859 103 0.001030
29 -0.086058 121 0.001210
30 -0.082256 172 0.001720
31 -0.078455 210 0.002100
32 -0.074654 271 0.002710
33 -0.070853 295 0.002950
34 -0.067052 364 0.003640
35 -0.063250 527 0.005270
36 -0.059449 696 0.006960
37 -0.055648 719 0.007190
38 -0.051847 891 0.008910
39 -0.048046 1104 0.011040
40 -0.044244 1365 0.013650
41 -0.040443 1606 0.016060
42 -0.036642 1838 0.018380
43 -0.032841 2316 0.023160
44 -0.029039 3012 0.030120
45 -0.025238 3866 0.038660
46 -0.021437 6237 0.062370
47 -0.017636 8302 0.083020
48 -0.013835 10411 0.104110
49 -0.010033 12503 0.125030
50 -0.006232 10647 0.106470
51 -0.002431 7809 0.078090
52 0.001370 5617 0.056170
53 0.005171 4215 0.042150
54 0.008973 2907 0.029070
55 0.012774 2067 0.020670
56 0.016575 1443 0.014430
57 0.020376 1233 0.012330
58 0.024177 931 0.009310
59 0.027979 709 0.007090
60 0.031780 660 0.006600
61 0.035581 603 0.006030
62 0.039382 427 0.004270
63 0.043184 443 0.004430
64 0.046985 349 0.003490
65 0.050786 282 0.002820
66 0.054587 280 0.002800
67 0.058388 242 0.002420
68 0.062190 236 0.002360
69 0.065991 194 0.001940
70 0.069792 173 0.001730
71 0.073593 148 0.001480
72 0.077394 121 0.001210
73 0.081196 90 0.000900
74 0.084997 102 0.001020
75 0.088798 79 0.000790
76 0.092599 86 0.000860
77 0.096400 84 0.000840
78 0.100202 57 0.000570
79 0.104003 48 0.000480
80 0.107804 48 0.000480
81 0.111605 25 0.000250
82 0.115407 27 0.000270
83 0.119208 30 0.000300
84 0.123009 31 0.000310
85 0.126810 19 0.000190
86 0.130611 30 0.000300
87 0.134413 18 0.000180
88 0.138214 18 0.000180
89 0.142015 5 0.000050
90 0.145816 4 0.000040
91 0.149617 10 0.000100
92 0.153419 3 0.000030
93 0.157220 4 0.000040
94 0.161021 3 0.000030
95 0.164822 6 0.000060
96 0.168623 5 0.000050
97 0.172425 1 0.000010
98 0.176226 0 0.000000
99 0.180027 1 0.000010
