0 -0.684314 1 0.000010
1 -0.675995 0 0.000000
2 -0.667677 0 0.000000
3 -0.659359 0 0.000000
4 -0.651041 0 0.000000
5 -0.642723 0 0.000000
6 -0.634404 0 0.000000
7 -0.626086 0 0.000000
8 -0.617768 0 0.000000
9 -0.609450 0 0.000000
10 -0.601132 0 0.000000
11 -0.592813 0 0.000000
12 -0.584495 0 0.000000
13 -0.576177 0 0.000000
14 -0.567859 0 0.000000
15 -0.559541 0 0.000000
16 -0.551222 0 0.000000
17 -0.542904 0 0.000000
18 -0.534586 1 0.000010
19 -0.526268 1 0.000010
20 -0.517950 0 0.000000
21 -0.509631 0 0.000000
22 -0.501313 0 0.000000
23 -0.492995 0 0.000000
24 -0.484677 1 0.000010
25 -0.476359 0 0.000000
26 -0.468040 2 0.000020
27 -0.459722 1 0.000010
28 -0.451404 1 0.000010
29 -0.443086 0 0.000000
30 -0.434768 0 0.000000
31 -0.426449 0 0.000000
32 -0.418131 0 0.000000
33 -0.409813 1 0.000010
34 -0.401495 1 0.000010
35 -0.393177 0 0.000000
36 -0.384858 1 0.000010
37 -0.376540 0 0.000000
38 -0.368222 0 0.000000
39 -0.359904 0 0.000000
40 -0.351586 0 0.000000
41 -0.343267 0 0.000000
42 -0.334949 0 0.000000
43 -0.326631 0 0.000000
44 -0.318313 0 0.000000
45 -0.309994 0 0.000000
46 -0.301676 0 0.000000
47 -0.293358 0 0.000000
48 -0.285040 0 0.000000
49 -0.276722 0 0.000000
50 -0.268403 0 0.000000
51 -0.260085 0 0.000000
52 -0.251767 0 0.000000
53 -0.243449 0 0.000000
54 -0.235131 0 0.000000
55 -0.226812 0 0.000000
56 -0.218494 0 0.000000
57 -0.210176 0 0.000000
58 -0.201858 0 0.000000
59 -0.193540 0 0.000000
60 -0.185221 0 0.000000
61 -0.176903 0 0.000000
62 -0.168585 0 0.000000
63 -0.160267 0 0.000000
64 -0.151949 0 0.000000
65 -0.143630 1 0.000010
66 -0.135312 1 0.000010
67 -0.126994 1 0.000010
68 -0.118676 10 0.000100
69 -0.110358 16 0.000160
70 -0.102039 39 0.000390
71 -0.093721 63 0.000630
72 -0.085403 124 0.001240
73 -0.077085 248 0.002480
74 -0.068767 369 0.003690
75 -0.060448 676 0.006760
76 -0.052130 1449 0.014490
77 -0.043812 2609 0.026090
78 -0.035494 5558 0.055580
79 -0.027176 10371 0.103710
80 -0.018857 18303 0.183030
81 -0.010539 23926 0.239260
82 -0.002221 17670 0.176700
83 0.006097 9122 0.091220
84 0.014415 4166 0.041660
85 0.022734 2516 0.025160
86 0.031052 1387 0.013870
87 0.039370 704 0.007040
88 0.047688 303 0.003030
89 0.056006 136 0.001360
90 0.064325 95 0.000950
91 0.072643 65 0.000650
92 0.080961 47 0.000470
93 0.089279 11 0.000110
94 0.097597 0 0.000000
95 0.105916 0 0.000000
96 0.114234 2 0.000020
97 0.122552 0 0.000000
98 0.130870 0 0.000000
99 0.139188 1 0.000010
