0 0.000000 529162 0.849830
1 0.002444 29104 0.046741
2 0.004887 19842 0.031866
3 0.007331 10838 0.017406
4 0.009774 6618 0.010628
5 0.012218 7435 0.011941
6 0.014661 4335 0.006962
7 0.017105 3677 0.005905
8 0.019548 1876 0.003013
9 0.021992 1755 0.002819
10 0.024435 1696 0.002724
11 0.026879 1558 0.002502
12 0.029322 1149 0.001845
13 0.031766 1130 0.001815
14 0.034209 409 0.000657
15 0.036653 444 0.000713
16 0.039096 330 0.000530
17 0.041540 245 0.000393
18 0.043983 163 0.000262
19 0.046427 77 0.000124
20 0.048870 74 0.000119
21 0.051314 44 0.000071
22 0.053757 67 0.000108
23 0.056201 44 0.000071
24 0.058644 7 0.000011
25 0.061088 24 0.000039
26 0.063531 23 0.000037
27 0.065975 24 0.000039
28 0.068418 23 0.000037
29 0.070862 42 0.000067
30 0.073305 46 0.000074
31 0.075749 40 0.000064
32 0.078192 21 0.000034
33 0.080636 36 0.000058
34 0.083079 34 0.000055
35 0.085523 20 0.000032
36 0.087966 25 0.000040
37 0.090410 29 0.000047
38 0.092853 29 0.000047
39 0.095297 14 0.000022
40 0.097740 8 0.000013
41 0.100184 7 0.000011
42 0.102627 10 0.000016
43 0.105071 7 0.000011
44 0.107514 8 0.000013
45 0.109958 11 0.000018
46 0.112401 4 0.000006
47 0.114845 2 0.000003
48 0.117288 2 0.000003
49 0.119732 4 0.000006
50 0.122175 5 0.000008
51 0.124619 2 0.000003
52 0.127062 0 0.000000
53 0.129506 1 0.000002
54 0.131949 1 0.000002
55 0.134393 4 0.000006
56 0.136836 5 0.000008
57 0.139280 10 0.000016
58 0.141723 5 0.000008
59 0.144167 9 0.000014
60 0.146610 3 0.000005
61 0.149054 2 0.000003
62 0.151497 9 0.000014
63 0.153941 3 0.000005
64 0.156384 5 0.000008
65 0.158828 5 0.000008
66 0.161271 1 0.000002
67 0.163715 1 0.000002
68 0.166158 3 0.000005
69 0.168602 1 0.000002
70 0.171045 2 0.000003
71 0.173489 2 0.000003
72 0.175932 1 0.000002
73 0.178376 0 0.000000
74 0.180819 2 0.000003
75 0.183263 6 0.000010
76 0.185706 1 0.000002
77 0.188150 0 0.000000
78 0.190593 0 0.000000
79 0.193037 0 0.000000
80 0.195480 0 0.000000
81 0.197924 0 0.000000
82 0.200367 0 0.000000
83 0.202811 1 0.000002
84 0.205254 0 0.000000
85 0.207698 0 0.000000
86 0.210141 0 0.000000
87 0.212585 0 0.000000
88 0.215028 0 0.000000
89 0.217472 0 0.000000
90 0.219915 0 0.000000
91 0.222359 1 0.000002
92 0.224802 0 0.000000
93 0.227246 0 0.000000
94 0.229689 0 0.000000
95 0.232133 0 0.000000
96 0.234576 0 0.000000
97 0.237020 3 0.000005
98 0.239463 1 0.000002
99 0.241907 1 0.000002
