0 -0.491840 5 0.000024
1 -0.482084 0 0.000000
2 -0.472327 0 0.000000
3 -0.462570 0 0.000000
4 -0.452813 1 0.000005
5 -0.443056 0 0.000000
6 -0.433299 9 0.000043
7 -0.423543 2 0.000010
8 -0.413786 3 0.000014
9 -0.404029 6 0.000029
10 -0.394272 12 0.000058
11 -0.384515 15 0.000072
12 -0.374758 7 0.000034
13 -0.365002 1 0.000005
14 -0.355245 3 0.000014
15 -0.345488 5 0.000024
16 -0.335731 13 0.000063
17 -0.325974 8 0.000039
18 -0.316217 21 0.000101
19 -0.306460 38 0.000183
20 -0.296704 47 0.000226
21 -0.286947 44 0.000212
22 -0.277190 50 0.000241
23 -0.267433 37 0.000178
24 -0.257676 22 0.000106
25 -0.247919 8 0.000039
26 -0.238163 26 0.000125
27 -0.228406 49 0.000236
28 -0.218649 101 0.000487
29 -0.208892 262 0.001262
30 -0.199135 367 0.001768
31 -0.189378 795 0.003830
32 -0.179622 867 0.004177
33 -0.169865 621 0.002992
34 -0.160108 544 0.002621
35 -0.150351 1175 0.005661
36 -0.140594 2718 0.013095
37 -0.130837 1746 0.008412
38 -0.121081 1501 0.007232
39 -0.111324 1710 0.008239
40 -0.101567 2539 0.012233
41 -0.091810 5948 0.028657
42 -0.082053 6038 0.029091
43 -0.072296 2843 0.013698
44 -0.062540 1682 0.008104
45 -0.052783 4177 0.020125
46 -0.043026 6250 0.030112
47 -0.033269 5762 0.027761
48 -0.023512 11898 0.057324
49 -0.013755 90767 0.437313
50 -0.003999 10782 0.051947
51 0.005758 4734 0.022808
52 0.015515 7044 0.033938
53 0.025272 3618 0.017431
54 0.035029 2062 0.009935
55 0.044786 2729 0.013148
56 0.054542 4845 0.023343
57 0.064299 3310 0.015948
58 0.074056 2514 0.012112
59 0.083813 1743 0.008398
60 0.093570 1583 0.007627
61 0.103327 2224 0.010715
62 0.113083 4153 0.020009
63 0.122840 1023 0.004929
64 0.132597 506 0.002438
65 0.142354 753 0.003628
66 0.152111 1037 0.004996
67 0.161868 1105 0.005324
68 0.171624 377 0.001816
69 0.181381 140 0.000675
70 0.191138 111 0.000535
71 0.200895 79 0.000381
72 0.210652 31 0.000149
73 0.220409 40 0.000193
74 0.230166 20 0.000096
75 0.239922 18 0.000087
76 0.249679 20 0.000096
77 0.259436 28 0.000135
78 0.269193 44 0.000212
79 0.278950 21 0.000101
80 0.288707 15 0.000072
81 0.298463 34 0.000164
82 0.308220 15 0.000072
83 0.317977 7 0.000034
84 0.327734 10 0.000048
85 0.337491 3 0.000014
86 0.347248 7 0.000034
87 0.357004 1 0.000005
88 0.366761 11 0.000053
89 0.376518 2 0.000010
90 0.386275 3 0.000014
91 0.396032 5 0.000024
92 0.405789 2 0.000010
93 0.415545 3 0.000014
94 0.425302 0 0.000000
95 0.435059 0 0.000000
96 0.444816 0 0.000000
97 0.454573 0 0.000000
98 0.464330 0 0.000000
99 0.474086 1 0.000005
