0 -0.684314 1 0.000003
1 -0.673002 0 0.000000
2 -0.661691 0 0.000000
3 -0.650380 0 0.000000
4 -0.639068 0 0.000000
5 -0.627757 0 0.000000
6 -0.616446 0 0.000000
7 -0.605135 0 0.000000
8 -0.593823 0 0.000000
9 -0.582512 0 0.000000
10 -0.571201 0 0.000000
11 -0.559889 0 0.000000
12 -0.548578 0 0.000000
13 -0.537267 1 0.000003
14 -0.525956 1 0.000003
15 -0.514644 0 0.000000
16 -0.503333 0 0.000000
17 -0.492022 1 0.000003
18 -0.480710 0 0.000000
19 -0.469399 2 0.000007
20 -0.458088 3 0.000010
21 -0.446777 0 0.000000
22 -0.435465 0 0.000000
23 -0.424154 0 0.000000
24 -0.412843 1 0.000003
25 -0.401531 4 0.000013
26 -0.390220 2 0.000007
27 -0.378909 0 0.000000
28 -0.367598 0 0.000000
29 -0.356286 5 0.000017
30 -0.344975 6 0.000020
31 -0.333664 7 0.000023
32 -0.322352 6 0.000020
33 -0.311041 7 0.000023
34 -0.299730 18 0.000060
35 -0.288419 22 0.000073
36 -0.277107 31 0.000103
37 -0.265796 32 0.000107
38 -0.254485 61 0.000203
39 -0.243173 65 0.000217
40 -0.231862 76 0.000253
41 -0.220551 110 0.000367
42 -0.209239 136 0.000453
43 -0.197928 176 0.000587
44 -0.186617 256 0.000853
45 -0.175306 307 0.001023
46 -0.163994 433 0.001443
47 -0.152683 557 0.001857
48 -0.141372 661 0.002203
49 -0.130060 854 0.002847
50 -0.118749 1137 0.003790
51 -0.107438 1365 0.004550
52 -0.096127 1715 0.005717
53 -0.084815 2689 0.008963
54 -0.073504 3739 0.012463
55 -0.062193 5793 0.019310
56 -0.050881 9368 0.031227
57 -0.039570 17304 0.057680
58 -0.028259 34797 0.115990
59 -0.016948 75962 0.253207
60 -0.005636 73051 0.243503
61 0.005675 27319 0.091063
62 0.016986 12802 0.042673
63 0.028298 7948 0.026493
64 0.039609 5467 0.018223
65 0.050920 3445 0.011483
66 0.062231 2878 0.009593
67 0.073543 2189 0.007297
68 0.084854 1728 0.005760
69 0.096165 1247 0.004157
70 0.107477 978 0.003260
71 0.118788 795 0.002650
72 0.130099 605 0.002017
73 0.141411 460 0.001533
74 0.152722 321 0.001070
75 0.164033 265 0.000883
76 0.175344 221 0.000737
77 0.186656 166 0.000553
78 0.197967 116 0.000387
79 0.209278 72 0.000240
80 0.220590 53 0.000177
81 0.231901 42 0.000140
82 0.243212 39 0.000130
83 0.254523 31 0.000103
84 0.265835 19 0.000063
85 0.277146 10 0.000033
86 0.288457 5 0.000017
87 0.299769 6 0.000020
88 0.311080 4 0.000013
89 0.322391 4 0.000013
90 0.333702 1 0.000003
91 0.345014 0 0.000000
92 0.356325 0 0.000000
93 0.367636 0 0.000000
94 0.378948 0 0.000000
95 0.390259 0 0.000000
96 0.401570 0 0.000000
97 0.412881 0 0.000000
98 0.424193 2 0.000007
99 0.435504 0 0.000000
