0 0.000000 34 0.000164
1 0.010099 85 0.000410
2 0.020198 72 0.000347
3 0.030296 78 0.000376
4 0.040395 60 0.000289
5 0.050494 102 0.000491
6 0.060593 68 0.000328
7 0.070691 71 0.000342
8 0.080790 56 0.000270
9 0.090889 46 0.000222
10 0.100988 61 0.000294
11 0.111086 52 0.000251
12 0.121185 80 0.000385
13 0.131284 102 0.000491
14 0.141383 102 0.000491
15 0.151482 157 0.000756
16 0.161580 172 0.000829
17 0.171679 262 0.001262
18 0.181778 317 0.001527
19 0.191877 254 0.001224
20 0.201975 260 0.001253
21 0.212074 300 0.001445
22 0.222173 345 0.001662
23 0.232272 277 0.001335
24 0.242370 307 0.001479
25 0.252469 514 0.002476
26 0.262568 476 0.002293
27 0.272667 542 0.002611
28 0.282765 712 0.003430
29 0.292864 638 0.003074
30 0.302963 715 0.003445
31 0.313062 692 0.003334
32 0.323161 800 0.003854
33 0.333259 814 0.003922
34 0.343358 862 0.004153
35 0.353457 890 0.004288
36 0.363556 1327 0.006393
37 0.373654 1256 0.006051
38 0.383753 1678 0.008085
39 0.393852 1734 0.008354
40 0.403951 2293 0.011048
41 0.414049 2643 0.012734
42 0.424148 2942 0.014174
43 0.434247 3192 0.015379
44 0.444346 4126 0.019879
45 0.454444 5553 0.026754
46 0.464543 8400 0.040471
47 0.474642 12788 0.061612
48 0.484741 26429 0.127334
49 0.494840 37552 0.180925
50 0.504938 25486 0.122791
51 0.515037 12535 0.060393
52 0.525136 7586 0.036549
53 0.535235 5360 0.025824
54 0.545333 4135 0.019922
55 0.555432 3770 0.018164
56 0.565531 3776 0.018193
57 0.575630 2894 0.013943
58 0.585728 2068 0.009964
59 0.595827 1646 0.007930
60 0.605926 1536 0.007400
61 0.616025 1613 0.007771
62 0.626124 1145 0.005517
63 0.636222 1018 0.004905
64 0.646321 1101 0.005305
65 0.656420 932 0.004490
66 0.666519 936 0.004510
67 0.676617 943 0.004543
68 0.686716 519 0.002501
69 0.696815 519 0.002501
70 0.706914 368 0.001773
71 0.717012 265 0.001277
72 0.727111 314 0.001513
73 0.737210 289 0.001392
74 0.747309 302 0.001455
75 0.757407 269 0.001296
76 0.767506 340 0.001638
77 0.777605 213 0.001026
78 0.787704 199 0.000959
79 0.797803 141 0.000679
80 0.807901 210 0.001012
81 0.818000 178 0.000858
82 0.828099 153 0.000737
83 0.838198 169 0.000814
84 0.848296 221 0.001065
85 0.858395 76 0.000366
86 0.868494 83 0.000400
87 0.878593 113 0.000544
88 0.888691 78 0.000376
89 0.898790 57 0.000275
90 0.908889 118 0.000569
91 0.918988 124 0.000597
92 0.929086 95 0.000458
93 0.939185 56 0.000270
94 0.949284 62 0.000299
95 0.959383 76 0.000366
96 0.969481 113 0.000544
97 0.979580 34 0.000164
98 0.989679 33 0.000159
99 0.999778 1 0.000005
