0 0.000000 38 0.000061
1 0.010100 127 0.000204
2 0.020200 186 0.000299
3 0.030300 171 0.000275
4 0.040400 144 0.000231
5 0.050500 166 0.000267
6 0.060600 114 0.000183
7 0.070700 122 0.000196
8 0.080799 152 0.000244
9 0.090899 125 0.000201
10 0.100999 129 0.000207
11 0.111099 117 0.000188
12 0.121199 156 0.000251
13 0.131299 158 0.000254
14 0.141399 137 0.000220
15 0.151499 206 0.000331
16 0.161599 205 0.000329
17 0.171699 313 0.000503
18 0.181799 372 0.000597
19 0.191899 311 0.000499
20 0.201999 348 0.000559
21 0.212099 431 0.000692
22 0.222199 473 0.000760
23 0.232298 350 0.000562
24 0.242398 538 0.000864
25 0.252498 862 0.001384
26 0.262598 696 0.001118
27 0.272698 817 0.001312
28 0.282798 1112 0.001786
29 0.292898 1043 0.001675
30 0.302998 1515 0.002433
31 0.313098 3058 0.004911
32 0.323198 3470 0.005573
33 0.333298 3591 0.005767
34 0.343398 2342 0.003761
35 0.353498 2277 0.003657
36 0.363598 3240 0.005203
37 0.373698 3685 0.005918
38 0.383797 3668 0.005891
39 0.393897 3431 0.005510
40 0.403997 4617 0.007415
41 0.414097 6347 0.010193
42 0.424197 11415 0.018332
43 0.434297 7227 0.011607
44 0.444397 7404 0.011891
45 0.454497 10218 0.016410
46 0.464597 15081 0.024220
47 0.474697 18758 0.030125
48 0.484797 34143 0.054833
49 0.494897 131258 0.210799
50 0.504997 35496 0.057006
51 0.515097 19419 0.031187
52 0.525196 17003 0.027307
53 0.535296 10892 0.017492
54 0.545396 10451 0.016784
55 0.555496 11442 0.018376
56 0.565596 14094 0.022635
57 0.575696 19423 0.031193
58 0.585796 26347 0.042313
59 0.595896 23101 0.037100
60 0.605996 18990 0.030498
61 0.616096 20633 0.033136
62 0.626196 18166 0.029174
63 0.636296 8319 0.013360
64 0.646396 5392 0.008660
65 0.656496 4780 0.007677
66 0.666596 4519 0.007257
67 0.676695 3627 0.005825
68 0.686795 2795 0.004489
69 0.696895 2481 0.003984
70 0.706995 2190 0.003517
71 0.717095 1807 0.002902
72 0.727195 1719 0.002761
73 0.737295 1734 0.002785
74 0.747395 1920 0.003084
75 0.757495 1795 0.002883
76 0.767595 2248 0.003610
77 0.777695 1695 0.002722
78 0.787795 1504 0.002415
79 0.797895 1676 0.002692
80 0.807995 2049 0.003291
81 0.818095 1775 0.002851
82 0.828194 1454 0.002335
83 0.838294 1742 0.002798
84 0.848394 2415 0.003878
85 0.858494 2177 0.003496
86 0.868594 2234 0.003588
87 0.878694 2967 0.004765
88 0.888794 2578 0.004140
89 0.898894 3164 0.005081
90 0.908994 3995 0.006416
91 0.919094 4901 0.007871
92 0.929194 3264 0.005242
93 0.939294 2284 0.003668
94 0.949394 1070 0.001718
95 0.959494 719 0.001155
96 0.969594 784 0.001259
97 0.979693 410 0.000658
98 0.989793 162 0.000260
99 0.999893 2 0.000003
