0 0.066522 125 0.000602
1 0.075917 79 0.000381
2 0.085312 31 0.000149
3 0.094708 28 0.000135
4 0.104103 40 0.000193
5 0.113498 25 0.000120
6 0.122893 40 0.000193
7 0.132288 121 0.000583
8 0.141684 160 0.000771
9 0.151079 57 0.000275
10 0.160474 73 0.000352
11 0.169869 80 0.000385
12 0.179265 58 0.000279
13 0.188660 69 0.000332
14 0.198055 69 0.000332
15 0.207450 68 0.000328
16 0.216846 118 0.000569
17 0.226241 169 0.000814
18 0.235636 138 0.000665
19 0.245031 193 0.000930
20 0.254427 456 0.002197
21 0.263822 302 0.001455
22 0.273217 414 0.001995
23 0.282612 393 0.001893
24 0.292007 665 0.003204
25 0.301403 845 0.004071
26 0.310798 838 0.004037
27 0.320193 624 0.003006
28 0.329588 766 0.003691
29 0.338984 1110 0.005348
30 0.348379 886 0.004269
31 0.357774 705 0.003397
32 0.367169 453 0.002183
33 0.376565 205 0.000988
34 0.385960 199 0.000959
35 0.395355 223 0.001074
36 0.404750 172 0.000829
37 0.414145 209 0.001007
38 0.423541 223 0.001074
39 0.432936 162 0.000781
40 0.442331 274 0.001320
41 0.451726 329 0.001585
42 0.461122 352 0.001696
43 0.470517 418 0.002014
44 0.479912 447 0.002154
45 0.489307 1406 0.006774
46 0.498703 1139 0.005488
47 0.508098 1297 0.006249
48 0.517493 1181 0.005690
49 0.526888 1212 0.005839
50 0.536283 1515 0.007299
51 0.545679 2536 0.012218
52 0.555074 3143 0.015143
53 0.564469 3404 0.016400
54 0.573864 3613 0.017407
55 0.583260 9440 0.045482
56 0.592655 16132 0.077724
57 0.602050 17457 0.084107
58 0.611445 16902 0.081433
59 0.620841 13835 0.066657
60 0.630236 12659 0.060991
61 0.639631 9722 0.046840
62 0.649026 6778 0.032656
63 0.658421 4124 0.019869
64 0.667817 3026 0.014579
65 0.677212 2434 0.011727
66 0.686607 2038 0.009819
67 0.696002 1967 0.009477
68 0.705398 1840 0.008865
69 0.714793 1769 0.008523
70 0.724188 1705 0.008215
71 0.733583 1765 0.008504
72 0.742979 1601 0.007714
73 0.752374 1580 0.007612
74 0.761769 1698 0.008181
75 0.771164 1925 0.009275
76 0.780559 1658 0.007988
77 0.789955 1716 0.008268
78 0.799350 1774 0.008547
79 0.808745 1652 0.007959
80 0.818140 1536 0.007400
81 0.827536 1560 0.007516
82 0.836931 1571 0.007569
83 0.846326 1945 0.009371
84 0.855721 1814 0.008740
85 0.865117 1799 0.008668
86 0.874512 2004 0.009655
87 0.883907 3012 0.014512
88 0.893302 2345 0.011298
89 0.902698 1843 0.008880
90 0.912093 1838 0.008855
91 0.921488 2189 0.010547
92 0.930883 2567 0.012368
93 0.940278 3003 0.014468
94 0.949674 2740 0.013201
95 0.959069 2077 0.010007
96 0.968464 1329 0.006403
97 0.977859 828 0.003989
98 0.987255 501 0.002414
99 0.996650 1 0.000005
