0 0.422560 12 0.000120
1 0.424168 9 0.000090
2 0.425776 7 0.000070
3 0.427384 4 0.000040
4 0.428993 2 0.000020
5 0.430601 2 0.000020
6 0.432209 2 0.000020
7 0.433818 3 0.000030
8 0.435426 3 0.000030
9 0.437034 17 0.000170
10 0.438643 10 0.000100
11 0.440251 8 0.000080
12 0.441859 11 0.000110
13 0.443467 3 0.000030
14 0.445076 5 0.000050
15 0.446684 3 0.000030
16 0.448292 20 0.000200
17 0.449901 24 0.000240
18 0.451509 34 0.000340
19 0.453117 45 0.000450
20 0.454726 102 0.001020
21 0.456334 95 0.000950
22 0.457942 76 0.000760
23 0.459550 60 0.000600
24 0.461159 80 0.000800
25 0.462767 63 0.000630
26 0.464375 130 0.001300
27 0.465984 179 0.001790
28 0.467592 176 0.001760
29 0.469200 174 0.001740
30 0.470809 212 0.002120
31 0.472417 301 0.003010
32 0.474025 299 0.002990
33 0.475633 352 0.003520
34 0.477242 371 0.003710
35 0.478850 343 0.003430
36 0.480458 341 0.003410
37 0.482067 457 0.004570
38 0.483675 644 0.006440
39 0.485283 662 0.006620
40 0.486892 750 0.007500
41 0.488500 855 0.008550
42 0.490108 839 0.008390
43 0.491716 1084 0.010840
44 0.493325 1215 0.012150
45 0.494933 1433 0.014330
46 0.496541 1683 0.016830
47 0.498150 1635 0.016350
48 0.499758 1703 0.017030
49 0.501366 2394 0.023940
50 0.502975 2601 0.026010
51 0.504583 3157 0.031570
52 0.506191 3807 0.038070
53 0.507799 4650 0.046500
54 0.509408 5570 0.055700
55 0.511016 7287 0.072870
56 0.512624 7662 0.076620
57 0.514233 6902 0.069020
58 0.515841 5128 0.051280
59 0.517449 3649 0.036490
60 0.519058 2954 0.029540
61 0.520666 2583 0.025830
62 0.522274 2338 0.023380
63 0.523882 2173 0.021730
64 0.525491 1876 0.018760
65 0.527099 1735 0.017350
66 0.528707 1582 0.015820
67 0.530316 1611 0.016110
68 0.531924 1461 0.014610
69 0.533532 1328 0.013280
70 0.535141 1292 0.012920
71 0.536749 1199 0.011990
72 0.538357 920 0.009200
73 0.539965 909 0.009090
74 0.541574 864 0.008640
75 0.543182 830 0.008300
76 0.544790 689 0.006890
77 0.546399 653 0.006530
78 0.548007 535 0.005350
79 0.549615 460 0.004600
80 0.551224 461 0.004610
81 0.552832 342 0.003420
82 0.554440 342 0.003420
83 0.556048 301 0.003010
84 0.557657 287 0.002870
85 0.559265 193 0.001930
86 0.560873 161 0.001610
87 0.562482 144 0.001440
88 0.564090 91 0.000910
89 0.565698 61 0.000610
90 0.567307 76 0.000760
91 0.568915 74 0.000740
92 0.570523 31 0.000310
93 0.572131 36 0.000360
94 0.573740 25 0.000250
95 0.575348 10 0.000100
96 0.576956 5 0.000050
97 0.578565 11 0.000110
98 0.580173 11 0.000110
99 0.581781 1 0.000010
