0 0.000000 3 0.000014
1 0.009959 0 0.000000
2 0.019918 2 0.000010
3 0.029877 0 0.000000
4 0.039836 1 0.000005
5 0.049795 0 0.000000
6 0.059755 0 0.000000
7 0.069714 0 0.000000
8 0.079673 0 0.000000
9 0.089632 5 0.000024
10 0.099591 10 0.000048
11 0.109550 1 0.000005
12 0.119509 29 0.000140
13 0.129468 12 0.000058
14 0.139427 0 0.000000
15 0.149386 2 0.000010
16 0.159346 0 0.000000
17 0.169305 1 0.000005
18 0.179264 0 0.000000
19 0.189223 8 0.000039
20 0.199182 49 0.000236
21 0.209141 62 0.000299
22 0.219100 109 0.000525
23 0.229059 35 0.000169
24 0.239018 12 0.000058
25 0.248977 5 0.000024
26 0.258937 4 0.000019
27 0.268896 7 0.000034
28 0.278855 11 0.000053
29 0.288814 62 0.000299
30 0.298773 186 0.000896
31 0.308732 461 0.002221
32 0.318691 689 0.003320
33 0.328650 898 0.004327
34 0.338609 521 0.002510
35 0.348568 587 0.002828
36 0.358528 1239 0.005969
37 0.368487 2855 0.013755
38 0.378446 1327 0.006393
39 0.388405 1643 0.007916
40 0.398364 1557 0.007502
41 0.408323 2680 0.012912
42 0.418282 5112 0.024629
43 0.428241 6853 0.033018
44 0.438200 3356 0.016169
45 0.448159 2736 0.013182
46 0.458118 4590 0.022115
47 0.468078 6359 0.030638
48 0.478037 5056 0.024360
49 0.487996 7589 0.036564
50 0.497955 94062 0.453189
51 0.507914 7032 0.033880
52 0.517873 5898 0.028416
53 0.527832 7153 0.034463
54 0.537791 3875 0.018670
55 0.547750 3134 0.015100
56 0.557709 3856 0.018578
57 0.567669 5442 0.026219
58 0.577628 2771 0.013351
59 0.587587 2409 0.011607
60 0.597546 1854 0.008933
61 0.607505 1998 0.009626
62 0.617464 2517 0.012127
63 0.627423 3418 0.016468
64 0.637382 1065 0.005131
65 0.647341 557 0.002684
66 0.657300 988 0.004760
67 0.667260 1186 0.005714
68 0.677219 524 0.002525
69 0.687178 324 0.001561
70 0.697137 276 0.001330
71 0.707096 197 0.000949
72 0.717055 14 0.000067
73 0.727014 8 0.000039
74 0.736973 7 0.000034
75 0.746932 6 0.000029
76 0.756891 5 0.000024
77 0.766851 32 0.000154
78 0.776810 25 0.000120
79 0.786769 44 0.000212
80 0.796728 85 0.000410
81 0.806687 27 0.000130
82 0.816646 0 0.000000
83 0.826605 0 0.000000
84 0.836564 0 0.000000
85 0.846523 0 0.000000
86 0.856482 1 0.000005
87 0.866442 8 0.000039
88 0.876401 13 0.000063
89 0.886360 11 0.000053
90 0.896319 7 0.000034
91 0.906278 2 0.000010
92 0.916237 0 0.000000
93 0.926196 0 0.000000
94 0.936155 0 0.000000
95 0.946114 0 0.000000
96 0.956073 0 0.000000
97 0.966033 0 0.000000
98 0.975992 0 0.000000
99 0.985951 1 0.000005
