0 0.008426 35 0.000169
1 0.018441 95 0.000458
2 0.028455 107 0.000516
3 0.038470 78 0.000376
4 0.048485 68 0.000328
5 0.058500 52 0.000251
6 0.068515 35 0.000169
7 0.078530 97 0.000467
8 0.088544 78 0.000376
9 0.098559 62 0.000299
10 0.108574 58 0.000279
11 0.118589 49 0.000236
12 0.128604 44 0.000212
13 0.138619 45 0.000217
14 0.148633 46 0.000222
15 0.158648 33 0.000159
16 0.168663 42 0.000202
17 0.178678 64 0.000308
18 0.188693 39 0.000188
19 0.198707 36 0.000173
20 0.208722 41 0.000198
21 0.218737 39 0.000188
22 0.228752 40 0.000193
23 0.238767 103 0.000496
24 0.248782 372 0.001792
25 0.258796 258 0.001243
26 0.268811 202 0.000973
27 0.278826 379 0.001826
28 0.288841 293 0.001412
29 0.298856 318 0.001532
30 0.308871 1485 0.007155
31 0.318885 1152 0.005550
32 0.328900 2680 0.012912
33 0.338915 1302 0.006273
34 0.348930 477 0.002298
35 0.358945 212 0.001021
36 0.368959 285 0.001373
37 0.378974 250 0.001204
38 0.388989 222 0.001070
39 0.399004 202 0.000973
40 0.409019 193 0.000930
41 0.419034 271 0.001306
42 0.429048 283 0.001363
43 0.439063 424 0.002043
44 0.449078 480 0.002313
45 0.459093 529 0.002549
46 0.469108 671 0.003233
47 0.479123 655 0.003156
48 0.489137 993 0.004784
49 0.499152 763 0.003676
50 0.509167 1005 0.004842
51 0.519182 1476 0.007111
52 0.529197 1557 0.007502
53 0.539211 1669 0.008041
54 0.549226 3450 0.016622
55 0.559241 4201 0.020240
56 0.569256 6067 0.029231
57 0.579271 17423 0.083944
58 0.589286 23417 0.112823
59 0.599300 16458 0.079294
60 0.609315 15863 0.076428
61 0.619330 15615 0.075233
62 0.629345 11012 0.053056
63 0.639360 4838 0.023309
64 0.649375 3479 0.016762
65 0.659389 2687 0.012946
66 0.669404 2324 0.011197
67 0.679419 2008 0.009674
68 0.689434 1824 0.008788
69 0.699449 1640 0.007901
70 0.709463 1610 0.007757
71 0.719478 1466 0.007063
72 0.729493 1395 0.006721
73 0.739508 1437 0.006923
74 0.749523 1559 0.007511
75 0.759538 1584 0.007632
76 0.769552 1869 0.009005
77 0.779567 1354 0.006524
78 0.789582 1262 0.006080
79 0.799597 1550 0.007468
80 0.809612 1753 0.008446
81 0.819627 1531 0.007376
82 0.829641 1324 0.006379
83 0.839656 1566 0.007545
84 0.849671 2246 0.010821
85 0.859686 2098 0.010108
86 0.869701 2125 0.010238
87 0.879716 2799 0.013486
88 0.889730 2572 0.012392
89 0.899745 3072 0.014801
90 0.909760 3807 0.018342
91 0.919775 4825 0.023247
92 0.929790 3063 0.014757
93 0.939804 2163 0.010421
94 0.949819 964 0.004645
95 0.959834 653 0.003146
96 0.969849 659 0.003175
97 0.979864 372 0.001792
98 0.989879 128 0.000617
99 0.999893 0 0.000000
