0 0.066522 125 0.000201
1 0.075917 79 0.000127
2 0.085312 31 0.000050
3 0.094708 28 0.000045
4 0.104103 40 0.000064
5 0.113498 25 0.000040
6 0.122893 40 0.000064
7 0.132288 121 0.000194
8 0.141684 160 0.000257
9 0.151079 57 0.000092
10 0.160474 73 0.000117
11 0.169869 173 0.000278
12 0.179265 186 0.000299
13 0.188660 260 0.000418
14 0.198055 275 0.000442
15 0.207450 283 0.000454
16 0.216846 363 0.000583
17 0.226241 340 0.000546
18 0.235636 530 0.000851
19 0.245031 656 0.001054
20 0.254427 950 0.001526
21 0.263822 839 0.001347
22 0.273217 927 0.001489
23 0.282612 843 0.001354
24 0.292007 1219 0.001958
25 0.301403 1728 0.002775
26 0.310798 1676 0.002692
27 0.320193 1606 0.002579
28 0.329588 1777 0.002854
29 0.338984 2084 0.003347
30 0.348379 2162 0.003472
31 0.357774 2146 0.003446
32 0.367169 2080 0.003340
33 0.376565 2516 0.004041
34 0.385960 2214 0.003556
35 0.395355 2256 0.003623
36 0.404750 2674 0.004294
37 0.414145 2641 0.004241
38 0.423541 2556 0.004105
39 0.432936 3917 0.006291
40 0.442331 4594 0.007378
41 0.451726 5303 0.008517
42 0.461122 7228 0.011608
43 0.470517 8690 0.013956
44 0.479912 16112 0.025876
45 0.489307 25175 0.040431
46 0.498703 53382 0.085731
47 0.508098 169151 0.271655
48 0.517493 31154 0.050033
49 0.526888 15826 0.025416
50 0.536283 10923 0.017542
51 0.545679 10033 0.016113
52 0.555074 9164 0.014717
53 0.564469 7796 0.012520
54 0.573864 8271 0.013283
55 0.583260 12754 0.020483
56 0.592655 18902 0.030356
57 0.602050 19547 0.031392
58 0.611445 18562 0.029810
59 0.620841 15220 0.024443
60 0.630236 14253 0.022890
61 0.639631 11030 0.017714
62 0.649026 7853 0.012612
63 0.658421 5041 0.008096
64 0.667817 3945 0.006336
65 0.677212 3190 0.005123
66 0.686607 2786 0.004474
67 0.696002 2528 0.004060
68 0.705398 2360 0.003790
69 0.714793 2294 0.003684
70 0.724188 2193 0.003522
71 0.733583 2188 0.003514
72 0.742979 1989 0.003194
73 0.752374 2006 0.003222
74 0.761769 2248 0.003610
75 0.771164 2432 0.003906
76 0.780559 2063 0.003313
77 0.789955 1846 0.002965
78 0.799350 1804 0.002897
79 0.808745 1674 0.002688
80 0.818140 1536 0.002467
81 0.827536 1560 0.002505
82 0.836931 1571 0.002523
83 0.846326 1945 0.003124
84 0.855721 1814 0.002913
85 0.865117 1799 0.002889
86 0.874512 2004 0.003218
87 0.883907 3012 0.004837
88 0.893302 2345 0.003766
89 0.902698 1843 0.002960
90 0.912093 1838 0.002952
91 0.921488 2189 0.003516
92 0.930883 2567 0.004123
93 0.940278 3003 0.004823
94 0.949674 2740 0.004400
95 0.959069 2077 0.003336
96 0.968464 1329 0.002134
97 0.977859 828 0.001330
98 0.987255 501 0.000805
99 0.996650 1 0.000002
