0 0.172270 87 0.000419
1 0.178739 67 0.000323
2 0.185208 114 0.000549
3 0.191677 147 0.000708
4 0.198146 95 0.000458
5 0.204615 204 0.000983
6 0.211084 139 0.000670
7 0.217553 180 0.000867
8 0.224022 134 0.000646
9 0.230491 134 0.000646
10 0.236960 227 0.001094
11 0.243429 325 0.001566
12 0.249898 378 0.001821
13 0.256367 309 0.001489
14 0.262836 311 0.001498
15 0.269305 407 0.001961
16 0.275774 369 0.001778
17 0.282243 311 0.001498
18 0.288712 311 0.001498
19 0.295181 425 0.002048
20 0.301650 596 0.002872
21 0.308119 620 0.002987
22 0.314588 557 0.002684
23 0.321057 659 0.003175
24 0.327526 786 0.003787
25 0.333995 603 0.002905
26 0.340464 655 0.003156
27 0.346933 759 0.003657
28 0.353402 1091 0.005256
29 0.359871 943 0.004543
30 0.366340 908 0.004375
31 0.372810 1423 0.006856
32 0.379279 1655 0.007974
33 0.385748 1427 0.006875
34 0.392217 1425 0.006866
35 0.398686 1396 0.006726
36 0.405155 1648 0.007940
37 0.411624 1828 0.008807
38 0.418093 1579 0.007608
39 0.424562 1572 0.007574
40 0.431031 2333 0.011240
41 0.437500 2588 0.012469
42 0.443969 3077 0.014825
43 0.450438 3227 0.015548
44 0.456907 3743 0.018034
45 0.463376 4542 0.021883
46 0.469845 4467 0.021522
47 0.476314 5296 0.025516
48 0.482783 9108 0.043882
49 0.489252 11880 0.057238
50 0.495721 17827 0.085890
51 0.502190 17942 0.086444
52 0.508659 17206 0.082898
53 0.515128 11190 0.053913
54 0.521597 8833 0.042557
55 0.528066 6403 0.030850
56 0.534535 6173 0.029741
57 0.541004 3504 0.016882
58 0.547473 3458 0.016661
59 0.553942 3462 0.016680
60 0.560411 3316 0.015976
61 0.566880 2802 0.013500
62 0.573349 3107 0.014969
63 0.579818 2880 0.013876
64 0.586287 2226 0.010725
65 0.592756 2067 0.009959
66 0.599225 1377 0.006634
67 0.605694 1505 0.007251
68 0.612163 1117 0.005382
69 0.618632 1064 0.005126
70 0.625101 986 0.004751
71 0.631570 1142 0.005502
72 0.638039 828 0.003989
73 0.644508 977 0.004707
74 0.650977 679 0.003271
75 0.657447 689 0.003320
76 0.663916 607 0.002925
77 0.670385 613 0.002953
78 0.676854 536 0.002582
79 0.683323 569 0.002741
80 0.689792 449 0.002163
81 0.696261 396 0.001908
82 0.702730 408 0.001966
83 0.709199 306 0.001474
84 0.715668 346 0.001667
85 0.722137 342 0.001648
86 0.728606 339 0.001633
87 0.735075 308 0.001484
88 0.741544 293 0.001412
89 0.748013 250 0.001204
90 0.754482 287 0.001383
91 0.760951 424 0.002043
92 0.767420 339 0.001633
93 0.773889 325 0.001566
94 0.780358 344 0.001657
95 0.786827 118 0.000569
96 0.793296 82 0.000395
97 0.799765 22 0.000106
98 0.806234 26 0.000125
99 0.812703 2 0.000010
