initializing
training size    : 800000
testing size     : 100000
epoch count      : 10
sub epoch size   : 5

epoch_learning_rate_decay   : 8
learning_rate_decay         : 0.250000

training



epoch [0 0] from [10 5]
training time per iterations 0.473094[ms]
testing on 100000 items
testing done
average error 0.006966
min error     0.000000
max error     0.332800
saving best net
best net saved to experiment_1/trained/, with error 0.006966



epoch [0 1] from [10 5]
training time per iterations 0.471269[ms]
testing on 100000 items
testing done
average error 0.005684
min error     0.000000
max error     0.329700
saving best net
best net saved to experiment_1/trained/, with error 0.005684



epoch [0 2] from [10 5]
training time per iterations 0.472788[ms]
testing on 100000 items
testing done
average error 0.004721
min error     0.000000
max error     0.312927
saving best net
best net saved to experiment_1/trained/, with error 0.004721



epoch [0 3] from [10 5]
training time per iterations 0.472819[ms]
testing on 100000 items
testing done
average error 0.004024
min error     0.000000
max error     0.341698
saving best net
best net saved to experiment_1/trained/, with error 0.004024



epoch [0 4] from [10 5]
training time per iterations 0.472956[ms]
testing on 100000 items
testing done
average error 0.003661
min error     0.000000
max error     0.330002
saving best net
best net saved to experiment_1/trained/, with error 0.003661



epoch [1 0] from [10 5]
training time per iterations 0.471450[ms]
testing on 100000 items
testing done
average error 0.003395
min error     0.000000
max error     0.345320
saving best net
best net saved to experiment_1/trained/, with error 0.003395



epoch [1 1] from [10 5]
training time per iterations 0.471481[ms]
testing on 100000 items
testing done
average error 0.003155
min error     0.000000
max error     0.329831
saving best net
best net saved to experiment_1/trained/, with error 0.003155



epoch [1 2] from [10 5]
training time per iterations 0.472100[ms]
testing on 100000 items
testing done
average error 0.002961
min error     0.000000
max error     0.333770
saving best net
best net saved to experiment_1/trained/, with error 0.002961



epoch [1 3] from [10 5]
training time per iterations 0.473031[ms]
testing on 100000 items
testing done
average error 0.002813
min error     0.000000
max error     0.315005
saving best net
best net saved to experiment_1/trained/, with error 0.002813



epoch [1 4] from [10 5]
training time per iterations 0.468294[ms]
testing on 100000 items
testing done
average error 0.002628
min error     0.000000
max error     0.324528
saving best net
best net saved to experiment_1/trained/, with error 0.002628



epoch [2 0] from [10 5]
training time per iterations 0.472381[ms]
testing on 100000 items
testing done
average error 0.002460
min error     0.000000
max error     0.306097
saving best net
best net saved to experiment_1/trained/, with error 0.002460



epoch [2 1] from [10 5]
training time per iterations 0.472687[ms]
testing on 100000 items
testing done
average error 0.002395
min error     0.000000
max error     0.310230
saving best net
best net saved to experiment_1/trained/, with error 0.002395



epoch [2 2] from [10 5]
training time per iterations 0.471262[ms]
testing on 100000 items
testing done
average error 0.002268
min error     0.000000
max error     0.315688
saving best net
best net saved to experiment_1/trained/, with error 0.002268



epoch [2 3] from [10 5]
training time per iterations 0.471363[ms]
testing on 100000 items
testing done
average error 0.002177
min error     0.000000
max error     0.323054
saving best net
best net saved to experiment_1/trained/, with error 0.002177



epoch [2 4] from [10 5]
training time per iterations 0.470788[ms]
testing on 100000 items
testing done
average error 0.002083
min error     0.000000
max error     0.327307
saving best net
best net saved to experiment_1/trained/, with error 0.002083



epoch [3 0] from [10 5]
training time per iterations 0.473006[ms]
testing on 100000 items
testing done
average error 0.002025
min error     0.000000
max error     0.329068
saving best net
best net saved to experiment_1/trained/, with error 0.002025



epoch [3 1] from [10 5]
training time per iterations 0.472406[ms]
testing on 100000 items
testing done
average error 0.001957
min error     0.000000
max error     0.296870
saving best net
best net saved to experiment_1/trained/, with error 0.001957



epoch [3 2] from [10 5]
training time per iterations 0.471994[ms]
testing on 100000 items
testing done
average error 0.001930
min error     0.000000
max error     0.309687
saving best net
best net saved to experiment_1/trained/, with error 0.001930



epoch [3 3] from [10 5]
training time per iterations 0.472106[ms]
testing on 100000 items
testing done
average error 0.001930
min error     0.000000
max error     0.303100



epoch [3 4] from [10 5]
training time per iterations 0.468600[ms]
testing on 100000 items
testing done
average error 0.002000
min error     0.000000
max error     0.327510



epoch [4 0] from [10 5]
training time per iterations 0.472338[ms]
testing on 100000 items
testing done
average error 0.001810
min error     0.000000
max error     0.286130
saving best net
best net saved to experiment_1/trained/, with error 0.001810



epoch [4 1] from [10 5]
training time per iterations 0.472931[ms]
testing on 100000 items
testing done
average error 0.001803
min error     0.000000
max error     0.283148
saving best net
best net saved to experiment_1/trained/, with error 0.001803



epoch [4 2] from [10 5]
training time per iterations 0.473350[ms]
testing on 100000 items
testing done
average error 0.001776
min error     0.000000
max error     0.308319
saving best net
best net saved to experiment_1/trained/, with error 0.001776



epoch [4 3] from [10 5]
training time per iterations 0.470856[ms]
testing on 100000 items
testing done
average error 0.001760
min error     0.000000
max error     0.292795
saving best net
best net saved to experiment_1/trained/, with error 0.001760



epoch [4 4] from [10 5]
training time per iterations 0.473037[ms]
testing on 100000 items
testing done
average error 0.001737
min error     0.000000
max error     0.281946
saving best net
best net saved to experiment_1/trained/, with error 0.001737



epoch [5 0] from [10 5]
training time per iterations 0.472200[ms]
testing on 100000 items
testing done
average error 0.001716
min error     0.000000
max error     0.291495
saving best net
best net saved to experiment_1/trained/, with error 0.001716



epoch [5 1] from [10 5]
training time per iterations 0.471813[ms]
testing on 100000 items
testing done
average error 0.001696
min error     0.000000
max error     0.287943
saving best net
best net saved to experiment_1/trained/, with error 0.001696



epoch [5 2] from [10 5]
training time per iterations 0.471525[ms]
testing on 100000 items
testing done
average error 0.001755
min error     0.000000
max error     0.329196



epoch [5 3] from [10 5]
training time per iterations 0.472881[ms]
testing on 100000 items
testing done
average error 0.001708
min error     0.000000
max error     0.331311



epoch [5 4] from [10 5]
training time per iterations 0.471819[ms]
testing on 100000 items
testing done
average error 0.001713
min error     0.000000
max error     0.281863



epoch [6 0] from [10 5]
training time per iterations 0.471919[ms]
testing on 100000 items
testing done
average error 0.001806
min error     0.000000
max error     0.310446



epoch [6 1] from [10 5]
training time per iterations 0.472600[ms]
testing on 100000 items
testing done
average error 0.001669
min error     0.000000
max error     0.316506
saving best net
best net saved to experiment_1/trained/, with error 0.001669



epoch [6 2] from [10 5]
training time per iterations 0.472069[ms]
testing on 100000 items
testing done
average error 0.001664
min error     0.000000
max error     0.295834
saving best net
best net saved to experiment_1/trained/, with error 0.001664



epoch [6 3] from [10 5]
training time per iterations 0.473594[ms]
testing on 100000 items
testing done
average error 0.001657
min error     0.000000
max error     0.314409
saving best net
best net saved to experiment_1/trained/, with error 0.001657



epoch [6 4] from [10 5]
training time per iterations 0.473381[ms]
testing on 100000 items
testing done
average error 0.001702
min error     0.000000
max error     0.317912



epoch [7 0] from [10 5]
training time per iterations 0.470344[ms]
testing on 100000 items
testing done
average error 0.001687
min error     0.000000
max error     0.326897



epoch [7 1] from [10 5]
training time per iterations 0.473000[ms]
testing on 100000 items
testing done
average error 0.001609
min error     0.000000
max error     0.304839
saving best net
best net saved to experiment_1/trained/, with error 0.001609



epoch [7 2] from [10 5]
training time per iterations 0.473013[ms]
testing on 100000 items
testing done
average error 0.001632
min error     0.000000
max error     0.298220



epoch [7 3] from [10 5]
training time per iterations 0.471231[ms]
testing on 100000 items
testing done
average error 0.001609
min error     0.000000
max error     0.315235
saving best net
best net saved to experiment_1/trained/, with error 0.001609



epoch [7 4] from [10 5]
training time per iterations 0.472350[ms]
testing on 100000 items
testing done
average error 0.001626
min error     0.000000
max error     0.335253
setting learning rate to 0.000050



epoch [8 0] from [10 5]
training time per iterations 0.471212[ms]
testing on 100000 items
testing done
average error 0.001575
min error     0.000000
max error     0.305689
saving best net
best net saved to experiment_1/trained/, with error 0.001575



epoch [8 1] from [10 5]
training time per iterations 0.471069[ms]
testing on 100000 items
testing done
average error 0.001586
min error     0.000000
max error     0.308749



epoch [8 2] from [10 5]
training time per iterations 0.471319[ms]
testing on 100000 items
testing done
average error 0.001570
min error     0.000000
max error     0.304570
saving best net
best net saved to experiment_1/trained/, with error 0.001570



epoch [8 3] from [10 5]
training time per iterations 0.473675[ms]
testing on 100000 items
testing done
average error 0.001570
min error     0.000000
max error     0.308366



epoch [8 4] from [10 5]
training time per iterations 0.471606[ms]
testing on 100000 items
testing done
average error 0.001578
min error     0.000000
max error     0.307212



epoch [9 0] from [10 5]
training time per iterations 0.472019[ms]
testing on 100000 items
testing done
average error 0.001563
min error     0.000000
max error     0.317451
saving best net
best net saved to experiment_1/trained/, with error 0.001563



epoch [9 1] from [10 5]
training time per iterations 0.470587[ms]
testing on 100000 items
testing done
average error 0.001572
min error     0.000000
max error     0.307746



epoch [9 2] from [10 5]
training time per iterations 0.473488[ms]
testing on 100000 items
testing done
average error 0.001567
min error     0.000000
max error     0.311185



epoch [9 3] from [10 5]
training time per iterations 0.470438[ms]
testing on 100000 items
testing done
average error 0.001585
min error     0.000000
max error     0.326652



epoch [9 4] from [10 5]
training time per iterations 0.473125[ms]
testing on 100000 items
testing done
average error 0.001560
min error     0.000000
max error     0.312037
saving best net
best net saved to experiment_1/trained/, with error 0.001560
training done
