0.000000 0 0 0.006966 0.000000 0.332800 0.007003 0.000000 0.280256
0.200000 0 1 0.005684 0.000000 0.329700 0.005703 0.000000 0.354015
0.400000 0 2 0.004721 0.000000 0.312927 0.004742 0.000000 0.488755
0.600000 0 3 0.004024 0.000000 0.341698 0.004050 0.000000 0.639146
0.800000 0 4 0.003661 0.000000 0.330002 0.003657 0.000000 0.267748
1.000000 1 0 0.003395 0.000000 0.345320 0.003395 0.000000 0.208856
1.200000 1 1 0.003155 0.000000 0.329831 0.003192 0.000000 0.610465
1.400000 1 2 0.002961 0.000000 0.333770 0.002950 0.000000 0.618743
1.600000 1 3 0.002813 0.000000 0.315005 0.002804 0.000000 0.403681
1.800000 1 4 0.002628 0.000000 0.324528 0.002626 0.000000 0.306236
2.000000 2 0 0.002460 0.000000 0.306097 0.002470 0.000000 0.618292
2.200000 2 1 0.002395 0.000000 0.310230 0.002393 0.000000 0.669869
2.400000 2 2 0.002268 0.000000 0.315688 0.002286 0.000000 0.643028
2.600000 2 3 0.002177 0.000000 0.323054 0.002209 0.000000 0.258447
2.800000 2 4 0.002083 0.000000 0.327307 0.002100 0.000000 0.250711
3.000000 3 0 0.002025 0.000000 0.329068 0.002045 0.000000 0.775482
3.200000 3 1 0.001957 0.000000 0.296870 0.001950 0.000000 0.232261
3.400000 3 2 0.001930 0.000000 0.309687 0.001933 0.000000 0.255844
3.600000 3 3 0.001930 0.000000 0.303100 0.001937 0.000000 0.749372
3.800000 3 4 0.002000 0.000000 0.327510 0.002013 0.000000 0.789570
4.000000 4 0 0.001810 0.000000 0.286130 0.001810 0.000000 0.211394
4.200000 4 1 0.001803 0.000000 0.283148 0.001797 0.000000 0.300114
4.400000 4 2 0.001776 0.000000 0.308319 0.001785 0.000000 0.246325
4.600000 4 3 0.001760 0.000000 0.292795 0.001765 0.000000 0.409972
4.800000 4 4 0.001737 0.000000 0.281946 0.001743 0.000000 0.228272
5.000000 5 0 0.001716 0.000000 0.291495 0.001703 0.000000 0.228314
5.200000 5 1 0.001696 0.000000 0.287943 0.001708 0.000000 0.640155
5.400000 5 2 0.001755 0.000000 0.329196 0.001763 0.000000 0.684437
5.600000 5 3 0.001708 0.000000 0.331311 0.001718 0.000000 0.784619
5.800000 5 4 0.001713 0.000000 0.281863 0.001728 0.000000 0.693308
6.000000 6 0 0.001806 0.000000 0.310446 0.001793 0.000000 0.754047
6.200000 6 1 0.001669 0.000000 0.316506 0.001666 0.000000 0.434920
6.400000 6 2 0.001664 0.000000 0.295834 0.001672 0.000000 0.281466
6.600000 6 3 0.001657 0.000000 0.314409 0.001669 0.000000 0.712180
6.800000 6 4 0.001702 0.000000 0.317912 0.001699 0.000000 0.656390
7.000000 7 0 0.001687 0.000000 0.326897 0.001693 0.000000 0.680546
7.200000 7 1 0.001609 0.000000 0.304839 0.001603 0.000000 0.244465
7.400000 7 2 0.001632 0.000000 0.298220 0.001628 0.000000 0.630752
7.600000 7 3 0.001609 0.000000 0.315235 0.001595 0.000000 0.225725
7.800000 7 4 0.001626 0.000000 0.335253 0.001619 0.000000 0.307703
8.000000 8 0 0.001575 0.000000 0.305689 0.001567 0.000000 0.242026
8.200000 8 1 0.001586 0.000000 0.308749 0.001587 0.000000 0.651414
8.400000 8 2 0.001570 0.000000 0.304570 0.001574 0.000000 0.214237
8.600000 8 3 0.001570 0.000000 0.308366 0.001571 0.000000 0.630248
8.800000 8 4 0.001578 0.000000 0.307212 0.001591 0.000000 0.229258
9.000000 9 0 0.001563 0.000000 0.317451 0.001567 0.000000 0.647808
9.200000 9 1 0.001572 0.000000 0.307746 0.001578 0.000000 0.291289
9.400000 9 2 0.001567 0.000000 0.311185 0.001581 0.000000 0.741187
9.600000 9 3 0.001585 0.000000 0.326652 0.001578 0.000000 0.217031
9.800000 9 4 0.001560 0.000000 0.312037 0.001565 0.000000 0.623556
