0 0.000000 535188 0.859508
1 0.002699 28773 0.046209
2 0.005399 19756 0.031728
3 0.008098 9176 0.014737
4 0.010798 6133 0.009850
5 0.013497 7963 0.012789
6 0.016196 4298 0.006903
7 0.018896 2006 0.003222
8 0.021595 1347 0.002163
9 0.024295 1514 0.002431
10 0.026994 1799 0.002889
11 0.029693 1751 0.002812
12 0.032393 653 0.001049
13 0.035092 604 0.000970
14 0.037792 443 0.000711
15 0.040491 209 0.000336
16 0.043190 131 0.000210
17 0.045890 124 0.000199
18 0.048589 66 0.000106
19 0.051289 80 0.000128
20 0.053988 29 0.000047
21 0.056688 11 0.000018
22 0.059387 15 0.000024
23 0.062086 9 0.000014
24 0.064786 17 0.000027
25 0.067485 32 0.000051
26 0.070185 42 0.000067
27 0.072884 57 0.000092
28 0.075583 39 0.000063
29 0.078283 60 0.000096
30 0.080982 51 0.000082
31 0.083682 71 0.000114
32 0.086381 30 0.000048
33 0.089080 26 0.000042
34 0.091780 7 0.000011
35 0.094479 27 0.000043
36 0.097179 18 0.000029
37 0.099878 9 0.000014
38 0.102577 4 0.000006
39 0.105277 2 0.000003
40 0.107976 0 0.000000
41 0.110676 0 0.000000
42 0.113375 1 0.000002
43 0.116074 2 0.000003
44 0.118774 4 0.000006
45 0.121473 5 0.000008
46 0.124173 2 0.000003
47 0.126872 1 0.000002
48 0.129571 8 0.000013
49 0.132271 10 0.000016
50 0.134970 0 0.000000
51 0.137670 2 0.000003
52 0.140369 8 0.000013
53 0.143068 5 0.000008
54 0.145768 5 0.000008
55 0.148467 9 0.000014
56 0.151167 3 0.000005
57 0.153866 3 0.000005
58 0.156566 4 0.000006
59 0.159265 4 0.000006
60 0.161964 3 0.000005
61 0.164664 3 0.000005
62 0.167363 1 0.000002
63 0.170063 1 0.000002
64 0.172762 1 0.000002
65 0.175461 0 0.000000
66 0.178161 2 0.000003
67 0.180860 0 0.000000
68 0.183560 3 0.000005
69 0.186259 0 0.000000
70 0.188958 0 0.000000
71 0.191658 0 0.000000
72 0.194357 0 0.000000
73 0.197057 0 0.000000
74 0.199756 0 0.000000
75 0.202455 0 0.000000
76 0.205155 1 0.000002
77 0.207854 1 0.000002
78 0.210554 0 0.000000
79 0.213253 0 0.000000
80 0.215952 1 0.000002
81 0.218652 2 0.000003
82 0.221351 0 0.000000
83 0.224051 0 0.000000
84 0.226750 0 0.000000
85 0.229449 0 0.000000
86 0.232149 0 0.000000
87 0.234848 1 0.000002
88 0.237548 0 0.000000
89 0.240247 0 0.000000
90 0.242946 0 0.000000
91 0.245646 0 0.000000
92 0.248345 0 0.000000
93 0.251045 0 0.000000
94 0.253744 0 0.000000
95 0.256444 0 0.000000
96 0.259143 0 0.000000
97 0.261842 0 0.000000
98 0.264542 1 0.000002
99 0.267241 1 0.000002
