0 -0.195817 51 0.000246
1 -0.191419 31 0.000149
2 -0.187021 13 0.000063
3 -0.182623 15 0.000072
4 -0.178225 20 0.000096
5 -0.173827 12 0.000058
6 -0.169429 63 0.000304
7 -0.165031 70 0.000337
8 -0.160633 148 0.000713
9 -0.156235 167 0.000805
10 -0.151837 117 0.000564
11 -0.147439 114 0.000549
12 -0.143041 119 0.000573
13 -0.138643 92 0.000443
14 -0.134245 122 0.000588
15 -0.129847 125 0.000602
16 -0.125449 145 0.000699
17 -0.121051 168 0.000809
18 -0.116653 162 0.000781
19 -0.112255 180 0.000867
20 -0.107857 213 0.001026
21 -0.103459 279 0.001344
22 -0.099061 283 0.001363
23 -0.094663 471 0.002269
24 -0.090265 550 0.002650
25 -0.085867 502 0.002419
26 -0.081469 417 0.002009
27 -0.077070 470 0.002264
28 -0.072672 631 0.003040
29 -0.068274 681 0.003281
30 -0.063876 856 0.004124
31 -0.059478 944 0.004548
32 -0.055080 871 0.004196
33 -0.050682 1055 0.005083
34 -0.046284 1485 0.007155
35 -0.041886 2264 0.010908
36 -0.037488 2834 0.013654
37 -0.033090 4038 0.019455
38 -0.028692 4472 0.021546
39 -0.024294 6683 0.032199
40 -0.019896 9374 0.045164
41 -0.015498 12964 0.062460
42 -0.011100 17406 0.083862
43 -0.006702 24199 0.116590
44 -0.002304 26327 0.126843
45 0.002094 22081 0.106386
46 0.006492 18359 0.088453
47 0.010890 11868 0.057180
48 0.015288 7337 0.035349
49 0.019686 3973 0.019142
50 0.024084 3369 0.016232
51 0.028482 2911 0.014025
52 0.032880 2243 0.010807
53 0.037278 1932 0.009308
54 0.041676 1468 0.007073
55 0.046074 1129 0.005439
56 0.050472 1002 0.004828
57 0.054870 1088 0.005242
58 0.059268 991 0.004775
59 0.063666 778 0.003748
60 0.068064 708 0.003411
61 0.072462 579 0.002790
62 0.076860 340 0.001638
63 0.081258 292 0.001407
64 0.085656 300 0.001445
65 0.090054 222 0.001070
66 0.094452 173 0.000834
67 0.098851 234 0.001127
68 0.103249 185 0.000891
69 0.107647 202 0.000973
70 0.112045 91 0.000438
71 0.116443 92 0.000443
72 0.120841 117 0.000564
73 0.125239 90 0.000434
74 0.129637 69 0.000332
75 0.134035 90 0.000434
76 0.138433 124 0.000597
77 0.142831 74 0.000357
78 0.147229 40 0.000193
79 0.151627 41 0.000198
80 0.156025 44 0.000212
81 0.160423 40 0.000193
82 0.164821 43 0.000207
83 0.169219 59 0.000284
84 0.173617 93 0.000448
85 0.178015 50 0.000241
86 0.182413 51 0.000246
87 0.186811 27 0.000130
88 0.191209 40 0.000193
89 0.195607 53 0.000255
90 0.200005 37 0.000178
91 0.204403 42 0.000202
92 0.208801 23 0.000111
93 0.213199 28 0.000135
94 0.217597 23 0.000111
95 0.221995 24 0.000116
96 0.226393 41 0.000198
97 0.230791 24 0.000116
98 0.235189 16 0.000077
99 0.239587 3 0.000014
