0 -0.516954 2 0.000003
1 -0.507005 0 0.000000
2 -0.497057 0 0.000000
3 -0.487108 1 0.000002
4 -0.477160 0 0.000000
5 -0.467211 2 0.000003
6 -0.457263 0 0.000000
7 -0.447315 0 0.000000
8 -0.437366 3 0.000005
9 -0.427418 2 0.000003
10 -0.417469 4 0.000006
11 -0.407521 6 0.000010
12 -0.397572 9 0.000014
13 -0.387624 13 0.000021
14 -0.377675 9 0.000014
15 -0.367727 0 0.000000
16 -0.357779 2 0.000003
17 -0.347830 1 0.000002
18 -0.337882 0 0.000000
19 -0.327933 7 0.000011
20 -0.317985 36 0.000058
21 -0.308036 22 0.000035
22 -0.298088 72 0.000116
23 -0.288139 60 0.000096
24 -0.278191 64 0.000103
25 -0.268243 40 0.000064
26 -0.258294 5 0.000008
27 -0.248346 5 0.000008
28 -0.238397 15 0.000024
29 -0.228449 49 0.000079
30 -0.218500 86 0.000138
31 -0.208552 155 0.000249
32 -0.198603 487 0.000782
33 -0.188655 397 0.000638
34 -0.178707 1063 0.001707
35 -0.168758 846 0.001359
36 -0.158810 803 0.001290
37 -0.148861 1131 0.001816
38 -0.138913 1861 0.002989
39 -0.128964 3192 0.005126
40 -0.119016 2249 0.003612
41 -0.109067 2975 0.004778
42 -0.099119 3559 0.005716
43 -0.089171 5519 0.008863
44 -0.079222 9778 0.015703
45 -0.069274 6563 0.010540
46 -0.059325 6190 0.009941
47 -0.049377 10661 0.017121
48 -0.039428 18337 0.029449
49 -0.029480 32621 0.052389
50 -0.019531 70040 0.112484
51 -0.009583 172729 0.277401
52 0.000365 134004 0.215209
53 0.010314 47923 0.076964
54 0.020262 24361 0.039124
55 0.030211 14320 0.022998
56 0.040159 7208 0.011576
57 0.050108 6193 0.009946
58 0.060056 6169 0.009907
59 0.070005 6691 0.010746
60 0.079953 4013 0.006445
61 0.089902 3615 0.005806
62 0.099850 2298 0.003691
63 0.109798 2651 0.004257
64 0.119747 4554 0.007314
65 0.129695 1496 0.002403
66 0.139644 725 0.001164
67 0.149592 798 0.001282
68 0.159541 968 0.001555
69 0.169489 1481 0.002378
70 0.179438 500 0.000803
71 0.189386 317 0.000509
72 0.199334 199 0.000320
73 0.209283 117 0.000188
74 0.219231 77 0.000124
75 0.229180 59 0.000095
76 0.239128 20 0.000032
77 0.249077 16 0.000026
78 0.259025 29 0.000047
79 0.268974 35 0.000056
80 0.278922 52 0.000084
81 0.288870 36 0.000058
82 0.298819 15 0.000024
83 0.308767 12 0.000019
84 0.318716 1 0.000002
85 0.328664 0 0.000000
86 0.338613 6 0.000010
87 0.348561 5 0.000008
88 0.358510 19 0.000031
89 0.368458 1 0.000002
90 0.378406 3 0.000005
91 0.388355 3 0.000005
92 0.398303 2 0.000003
93 0.408252 2 0.000003
94 0.418200 0 0.000000
95 0.428149 0 0.000000
96 0.438097 0 0.000000
97 0.448046 1 0.000002
98 0.457994 1 0.000002
99 0.467942 1 0.000002
