0 -0.789656 1 0.000010
1 -0.780303 0 0.000000
2 -0.770949 0 0.000000
3 -0.761596 0 0.000000
4 -0.752243 0 0.000000
5 -0.742889 0 0.000000
6 -0.733536 0 0.000000
7 -0.724183 0 0.000000
8 -0.714830 0 0.000000
9 -0.705476 0 0.000000
10 -0.696123 0 0.000000
11 -0.686770 0 0.000000
12 -0.677416 0 0.000000
13 -0.668063 0 0.000000
14 -0.658710 0 0.000000
15 -0.649357 1 0.000010
16 -0.640003 0 0.000000
17 -0.630650 0 0.000000
18 -0.621297 0 0.000000
19 -0.611944 0 0.000000
20 -0.602590 0 0.000000
21 -0.593237 0 0.000000
22 -0.583884 0 0.000000
23 -0.574530 0 0.000000
24 -0.565177 0 0.000000
25 -0.555824 0 0.000000
26 -0.546471 0 0.000000
27 -0.537117 0 0.000000
28 -0.527764 1 0.000010
29 -0.518411 0 0.000000
30 -0.509058 0 0.000000
31 -0.499704 0 0.000000
32 -0.490351 0 0.000000
33 -0.480998 0 0.000000
34 -0.471644 0 0.000000
35 -0.462291 1 0.000010
36 -0.452938 0 0.000000
37 -0.443585 2 0.000020
38 -0.434231 0 0.000000
39 -0.424878 1 0.000010
40 -0.415525 1 0.000010
41 -0.406171 3 0.000030
42 -0.396818 2 0.000020
43 -0.387465 0 0.000000
44 -0.378112 0 0.000000
45 -0.368758 0 0.000000
46 -0.359405 0 0.000000
47 -0.350052 0 0.000000
48 -0.340698 0 0.000000
49 -0.331345 0 0.000000
50 -0.321992 0 0.000000
51 -0.312639 0 0.000000
52 -0.303285 0 0.000000
53 -0.293932 0 0.000000
54 -0.284579 0 0.000000
55 -0.275226 0 0.000000
56 -0.265872 0 0.000000
57 -0.256519 0 0.000000
58 -0.247166 0 0.000000
59 -0.237812 0 0.000000
60 -0.228459 0 0.000000
61 -0.219106 0 0.000000
62 -0.209753 0 0.000000
63 -0.200399 0 0.000000
64 -0.191046 3 0.000030
65 -0.181693 4 0.000040
66 -0.172339 3 0.000030
67 -0.162986 10 0.000100
68 -0.153633 16 0.000160
69 -0.144280 26 0.000260
70 -0.134926 40 0.000400
71 -0.125573 52 0.000520
72 -0.116220 79 0.000790
73 -0.106867 98 0.000980
74 -0.097513 133 0.001330
75 -0.088160 152 0.001520
76 -0.078807 226 0.002260
77 -0.069453 428 0.004280
78 -0.060100 882 0.008820
79 -0.050747 1941 0.019410
80 -0.041394 3732 0.037320
81 -0.032040 6862 0.068620
82 -0.022687 13369 0.133690
83 -0.013334 19215 0.192150
84 -0.003981 21263 0.212630
85 0.005373 14998 0.149980
86 0.014726 7624 0.076240
87 0.024079 4148 0.041480
88 0.033433 2164 0.021640
89 0.042786 1134 0.011340
90 0.052139 647 0.006470
91 0.061492 403 0.004030
92 0.070846 173 0.001730
93 0.080199 129 0.001290
94 0.089552 15 0.000150
95 0.098906 3 0.000030
96 0.108259 11 0.000110
97 0.117612 2 0.000020
98 0.126965 1 0.000010
99 0.136319 1 0.000010
