0 -0.483615 1 0.000010
1 -0.474312 0 0.000000
2 -0.465009 0 0.000000
3 -0.455707 0 0.000000
4 -0.446404 0 0.000000
5 -0.437101 0 0.000000
6 -0.427799 0 0.000000
7 -0.418496 0 0.000000
8 -0.409193 1 0.000010
9 -0.399891 2 0.000020
10 -0.390588 1 0.000010
11 -0.381285 0 0.000000
12 -0.371983 1 0.000010
13 -0.362680 3 0.000030
14 -0.353377 2 0.000020
15 -0.344075 3 0.000030
16 -0.334772 5 0.000050
17 -0.325469 1 0.000010
18 -0.316167 4 0.000040
19 -0.306864 8 0.000080
20 -0.297561 14 0.000140
21 -0.288259 14 0.000140
22 -0.278956 14 0.000140
23 -0.269653 26 0.000260
24 -0.260351 45 0.000450
25 -0.251048 49 0.000490
26 -0.241745 50 0.000500
27 -0.232443 47 0.000470
28 -0.223140 81 0.000810
29 -0.213837 101 0.001010
30 -0.204535 138 0.001380
31 -0.195232 153 0.001530
32 -0.185929 193 0.001930
33 -0.176627 246 0.002460
34 -0.167324 314 0.003140
35 -0.158021 368 0.003680
36 -0.148718 394 0.003940
37 -0.139416 541 0.005410
38 -0.130113 710 0.007100
39 -0.120810 691 0.006910
40 -0.111508 849 0.008490
41 -0.102205 997 0.009970
42 -0.092902 1252 0.012520
43 -0.083600 1450 0.014500
44 -0.074297 1811 0.018110
45 -0.064994 2030 0.020300
46 -0.055692 2427 0.024270
47 -0.046389 3017 0.030170
48 -0.037086 4032 0.040320
49 -0.027784 4823 0.048230
50 -0.018481 6546 0.065460
51 -0.009178 16367 0.163670
52 0.000124 19276 0.192760
53 0.009427 5571 0.055710
54 0.018730 4202 0.042020
55 0.028032 3470 0.034700
56 0.037335 2881 0.028810
57 0.046638 2613 0.026130
58 0.055940 1939 0.019390
59 0.065243 1727 0.017270
60 0.074546 1433 0.014330
61 0.083848 1241 0.012410
62 0.093151 998 0.009980
63 0.102454 965 0.009650
64 0.111756 762 0.007620
65 0.121059 606 0.006060
66 0.130362 493 0.004930
67 0.139664 393 0.003930
68 0.148967 370 0.003700
69 0.158270 249 0.002490
70 0.167572 192 0.001920
71 0.176875 173 0.001730
72 0.186178 150 0.001500
73 0.195480 110 0.001100
74 0.204783 82 0.000820
75 0.214086 68 0.000680
76 0.223389 56 0.000560
77 0.232691 41 0.000410
78 0.241994 28 0.000280
79 0.251297 21 0.000210
80 0.260599 17 0.000170
81 0.269902 13 0.000130
82 0.279205 13 0.000130
83 0.288507 7 0.000070
84 0.297810 6 0.000060
85 0.307113 3 0.000030
86 0.316415 1 0.000010
87 0.325718 2 0.000020
88 0.335021 2 0.000020
89 0.344323 2 0.000020
90 0.353626 1 0.000010
91 0.362929 0 0.000000
92 0.372231 0 0.000000
93 0.381534 0 0.000000
94 0.390837 0 0.000000
95 0.400139 0 0.000000
96 0.409442 0 0.000000
97 0.418745 0 0.000000
98 0.428047 0 0.000000
99 0.437350 1 0.000010
