0 0.000000 2 0.000010
1 0.009959 0 0.000000
2 0.019918 0 0.000000
3 0.029877 1 0.000005
4 0.039836 1 0.000005
5 0.049795 1 0.000005
6 0.059755 0 0.000000
7 0.069714 0 0.000000
8 0.079673 0 0.000000
9 0.089632 3 0.000014
10 0.099591 7 0.000034
11 0.109550 2 0.000010
12 0.119509 28 0.000135
13 0.129468 6 0.000029
14 0.139427 0 0.000000
15 0.149386 2 0.000010
16 0.159346 0 0.000000
17 0.169305 1 0.000005
18 0.179264 0 0.000000
19 0.189223 4 0.000019
20 0.199182 43 0.000207
21 0.209141 76 0.000366
22 0.219100 128 0.000617
23 0.229059 28 0.000135
24 0.239018 23 0.000111
25 0.248977 7 0.000034
26 0.258937 5 0.000024
27 0.268896 5 0.000024
28 0.278855 8 0.000039
29 0.288814 61 0.000294
30 0.298773 202 0.000973
31 0.308732 439 0.002115
32 0.318691 683 0.003291
33 0.328650 909 0.004380
34 0.338609 553 0.002664
35 0.348568 575 0.002770
36 0.358528 1363 0.006567
37 0.368487 2791 0.013447
38 0.378446 1298 0.006254
39 0.388405 1660 0.007998
40 0.398364 1645 0.007926
41 0.408323 2520 0.012141
42 0.418282 5103 0.024586
43 0.428241 7018 0.033813
44 0.438200 3216 0.015495
45 0.448159 2692 0.012970
46 0.458118 4459 0.021483
47 0.468078 6353 0.030609
48 0.478037 4998 0.024080
49 0.487996 7318 0.035258
50 0.497955 94724 0.456378
51 0.507914 7161 0.034502
52 0.517873 5874 0.028301
53 0.527832 7110 0.034256
54 0.537791 3921 0.018891
55 0.547750 3067 0.014777
56 0.557709 3919 0.018882
57 0.567669 5427 0.026147
58 0.577628 2664 0.012835
59 0.587587 2421 0.011664
60 0.597546 1964 0.009463
61 0.607505 2001 0.009641
62 0.617464 2531 0.012194
63 0.627423 3362 0.016198
64 0.637382 1019 0.004910
65 0.647341 520 0.002505
66 0.657300 953 0.004592
67 0.667260 1088 0.005242
68 0.677219 517 0.002491
69 0.687178 326 0.001571
70 0.697137 261 0.001257
71 0.707096 216 0.001041
72 0.717055 13 0.000063
73 0.727014 6 0.000029
74 0.736973 4 0.000019
75 0.746932 5 0.000024
76 0.756891 2 0.000010
77 0.766851 24 0.000116
78 0.776810 20 0.000096
79 0.786769 41 0.000198
80 0.796728 90 0.000434
81 0.806687 24 0.000116
82 0.816646 0 0.000000
83 0.826605 0 0.000000
84 0.836564 0 0.000000
85 0.846523 0 0.000000
86 0.856482 3 0.000014
87 0.866442 12 0.000058
88 0.876401 10 0.000048
89 0.886360 6 0.000029
90 0.896319 9 0.000043
91 0.906278 1 0.000005
92 0.916237 0 0.000000
93 0.926196 0 0.000000
94 0.936155 0 0.000000
95 0.946114 0 0.000000
96 0.956073 0 0.000000
97 0.966033 0 0.000000
98 0.975992 1 0.000005
99 0.985951 2 0.000010
