0 0.000000 8 0.000039
1 0.010101 49 0.000236
2 0.020202 80 0.000385
3 0.030303 85 0.000410
4 0.040404 98 0.000472
5 0.050505 56 0.000270
6 0.060606 35 0.000169
7 0.070707 48 0.000231
8 0.080808 87 0.000419
9 0.090909 73 0.000352
10 0.101010 58 0.000279
11 0.111111 53 0.000255
12 0.121212 52 0.000251
13 0.131313 47 0.000226
14 0.141414 42 0.000202
15 0.151515 43 0.000207
16 0.161616 36 0.000173
17 0.171717 34 0.000164
18 0.181818 42 0.000202
19 0.191919 44 0.000212
20 0.202020 38 0.000183
21 0.212121 53 0.000255
22 0.222222 51 0.000246
23 0.232323 61 0.000294
24 0.242424 215 0.001036
25 0.252525 376 0.001812
26 0.262626 228 0.001098
27 0.272727 321 0.001547
28 0.282828 351 0.001691
29 0.292929 290 0.001397
30 0.303030 500 0.002409
31 0.313131 1720 0.008287
32 0.323232 1808 0.008711
33 0.333333 2109 0.010161
34 0.343434 953 0.004592
35 0.353535 243 0.001171
36 0.363636 286 0.001378
37 0.373737 212 0.001021
38 0.383838 238 0.001147
39 0.393939 226 0.001089
40 0.404040 205 0.000988
41 0.414141 259 0.001248
42 0.424242 302 0.001455
43 0.434343 385 0.001855
44 0.444444 455 0.002192
45 0.454545 475 0.002289
46 0.464646 620 0.002987
47 0.474748 560 0.002698
48 0.484849 979 0.004717
49 0.494950 875 0.004216
50 0.505050 882 0.004249
51 0.515152 1310 0.006312
52 0.525253 1479 0.007126
53 0.535354 1535 0.007396
54 0.545455 2860 0.013779
55 0.555556 3777 0.018197
56 0.565657 5214 0.025121
57 0.575758 13306 0.064108
58 0.585859 21475 0.103466
59 0.595960 19749 0.095150
60 0.606061 15274 0.073590
61 0.616162 16791 0.080899
62 0.626263 13168 0.063443
63 0.636364 5903 0.028441
64 0.646465 3722 0.017933
65 0.656566 2928 0.014107
66 0.666667 2335 0.011250
67 0.676768 2264 0.010908
68 0.686869 1905 0.009178
69 0.696970 1615 0.007781
70 0.707071 1593 0.007675
71 0.717172 1524 0.007343
72 0.727273 1488 0.007169
73 0.737374 1517 0.007309
74 0.747475 1471 0.007087
75 0.757576 1611 0.007762
76 0.767677 2011 0.009689
77 0.777778 1373 0.006615
78 0.787879 1255 0.006047
79 0.797980 1522 0.007333
80 0.808081 1667 0.008032
81 0.818182 1636 0.007882
82 0.828283 1428 0.006880
83 0.838384 1480 0.007131
84 0.848485 2197 0.010585
85 0.858586 2084 0.010041
86 0.868687 2015 0.009708
87 0.878788 3050 0.014695
88 0.888889 2309 0.011125
89 0.898990 3170 0.015273
90 0.909091 4013 0.019335
91 0.919192 4706 0.022673
92 0.929293 3285 0.015827
93 0.939394 2279 0.010980
94 0.949495 994 0.004789
95 0.959596 662 0.003190
96 0.969697 701 0.003377
97 0.979798 413 0.001990
98 0.989899 145 0.000699
99 1.000000 1 0.000005
