0 0.152112 45 0.000450
1 0.160048 87 0.000870
2 0.167984 23 0.000230
3 0.175920 16 0.000160
4 0.183855 11 0.000110
5 0.191791 11 0.000110
6 0.199727 39 0.000390
7 0.207663 30 0.000300
8 0.215599 38 0.000380
9 0.223535 50 0.000500
10 0.231470 51 0.000510
11 0.239406 98 0.000980
12 0.247342 122 0.001220
13 0.255278 73 0.000730
14 0.263214 42 0.000420
15 0.271150 44 0.000440
16 0.279085 50 0.000500
17 0.287021 46 0.000460
18 0.294957 40 0.000400
19 0.302893 64 0.000640
20 0.310829 106 0.001060
21 0.318765 183 0.001830
22 0.326700 260 0.002600
23 0.334636 293 0.002930
24 0.342572 357 0.003570
25 0.350508 671 0.006710
26 0.358444 932 0.009320
27 0.366380 1164 0.011640
28 0.374315 1400 0.014000
29 0.382251 1845 0.018450
30 0.390187 3014 0.030140
31 0.398123 3455 0.034550
32 0.406059 3505 0.035050
33 0.413995 3528 0.035280
34 0.421930 4297 0.042970
35 0.429866 4703 0.047030
36 0.437802 5035 0.050350
37 0.445738 4983 0.049830
38 0.453674 3909 0.039090
39 0.461610 3975 0.039750
40 0.469545 3134 0.031340
41 0.477481 2704 0.027040
42 0.485417 3359 0.033590
43 0.493353 3262 0.032620
44 0.501289 3296 0.032960
45 0.509225 3895 0.038950
46 0.517160 3665 0.036650
47 0.525096 2297 0.022970
48 0.533032 1803 0.018030
49 0.540968 1523 0.015230
50 0.548904 1566 0.015660
51 0.556840 1303 0.013030
52 0.564775 974 0.009740
53 0.572711 899 0.008990
54 0.580647 981 0.009810
55 0.588583 858 0.008580
56 0.596519 626 0.006260
57 0.604455 667 0.006670
58 0.612391 737 0.007370
59 0.620326 594 0.005940
60 0.628262 595 0.005950
61 0.636198 386 0.003860
62 0.644134 477 0.004770
63 0.652070 487 0.004870
64 0.660006 363 0.003630
65 0.667941 454 0.004540
66 0.675877 422 0.004220
67 0.683813 429 0.004290
68 0.691749 501 0.005010
69 0.699685 411 0.004110
70 0.707621 297 0.002970
71 0.715556 432 0.004320
72 0.723492 430 0.004300
73 0.731428 384 0.003840
74 0.739364 447 0.004470
75 0.747300 400 0.004000
76 0.755236 457 0.004570
77 0.763171 360 0.003600
78 0.771107 254 0.002540
79 0.779043 328 0.003280
80 0.786979 201 0.002010
81 0.794915 208 0.002080
82 0.802851 172 0.001720
83 0.810786 90 0.000900
84 0.818722 152 0.001520
85 0.826658 126 0.001260
86 0.834594 258 0.002580
87 0.842530 275 0.002750
88 0.850466 266 0.002660
89 0.858401 343 0.003430
90 0.866337 330 0.003300
91 0.874273 296 0.002960
92 0.882209 372 0.003720
93 0.890145 314 0.003140
94 0.898081 189 0.001890
95 0.906016 248 0.002480
96 0.913952 417 0.004170
97 0.921888 463 0.004630
98 0.929824 228 0.002280
99 0.937760 0 0.000000
