0 0.108212 168 0.000270
1 0.117260 63 0.000101
2 0.126308 33 0.000053
3 0.135357 57 0.000092
4 0.144405 125 0.000201
5 0.153453 166 0.000267
6 0.162502 125 0.000201
7 0.171550 220 0.000353
8 0.180598 156 0.000251
9 0.189647 203 0.000326
10 0.198695 213 0.000342
11 0.207743 210 0.000337
12 0.216792 253 0.000406
13 0.225840 286 0.000459
14 0.234888 462 0.000742
15 0.243937 836 0.001343
16 0.252985 872 0.001400
17 0.262033 784 0.001259
18 0.271082 645 0.001036
19 0.280130 720 0.001156
20 0.289178 981 0.001575
21 0.298227 1713 0.002751
22 0.307275 2772 0.004452
23 0.316323 2581 0.004145
24 0.325372 2332 0.003745
25 0.334420 1366 0.002194
26 0.343468 1613 0.002590
27 0.352517 1854 0.002978
28 0.361565 1511 0.002427
29 0.370613 1457 0.002340
30 0.379662 2181 0.003503
31 0.388710 2314 0.003716
32 0.397758 2507 0.004026
33 0.406807 2356 0.003784
34 0.415855 2486 0.003992
35 0.424903 3377 0.005423
36 0.433952 3971 0.006377
37 0.443000 4544 0.007298
38 0.452048 5718 0.009183
39 0.461097 6766 0.010866
40 0.470145 10623 0.017060
41 0.479194 17862 0.028686
42 0.488242 29366 0.047162
43 0.497290 166538 0.267459
44 0.506338 64229 0.103151
45 0.515387 25957 0.041687
46 0.524435 10976 0.017627
47 0.533484 9165 0.014719
48 0.542532 7974 0.012806
49 0.551580 7267 0.011671
50 0.560629 7349 0.011802
51 0.569677 9225 0.014815
52 0.578725 12595 0.020227
53 0.587774 18381 0.029520
54 0.596822 21424 0.034407
55 0.605870 20334 0.032656
56 0.614919 15018 0.024119
57 0.623967 11760 0.018886
58 0.633015 9482 0.015228
59 0.642064 7358 0.011817
60 0.651112 4458 0.007160
61 0.660160 3614 0.005804
62 0.669209 3237 0.005199
63 0.678257 2661 0.004274
64 0.687305 2517 0.004042
65 0.696354 2305 0.003702
66 0.705402 2333 0.003747
67 0.714450 2039 0.003275
68 0.723499 2103 0.003377
69 0.732547 1996 0.003206
70 0.741595 2054 0.003299
71 0.750644 2105 0.003381
72 0.759692 2009 0.003226
73 0.768740 1869 0.003002
74 0.777789 1829 0.002937
75 0.786837 1947 0.003127
76 0.795885 1539 0.002472
77 0.804934 1618 0.002598
78 0.813982 1499 0.002407
79 0.823030 1907 0.003063
80 0.832079 1582 0.002541
81 0.841127 1721 0.002764
82 0.850175 1953 0.003137
83 0.859224 2102 0.003376
84 0.868272 2446 0.003928
85 0.877320 2493 0.004004
86 0.886369 2635 0.004232
87 0.895417 2248 0.003610
88 0.904465 2144 0.003443
89 0.913514 2457 0.003946
90 0.922562 2137 0.003432
91 0.931610 2248 0.003610
92 0.940659 1844 0.002961
93 0.949707 1445 0.002321
94 0.958755 1355 0.002176
95 0.967804 817 0.001312
96 0.976852 491 0.000789
97 0.985900 574 0.000922
98 0.994949 456 0.000732
99 1.003997 1 0.000002
