0 0.147426 92 0.000443
1 0.154042 49 0.000236
2 0.160659 31 0.000149
3 0.167275 23 0.000111
4 0.173891 122 0.000588
5 0.180508 31 0.000149
6 0.187124 133 0.000641
7 0.193741 106 0.000511
8 0.200357 109 0.000525
9 0.206973 85 0.000410
10 0.213590 77 0.000371
11 0.220206 87 0.000419
12 0.226822 142 0.000684
13 0.233439 239 0.001151
14 0.240055 379 0.001826
15 0.246671 414 0.001995
16 0.253288 349 0.001681
17 0.259904 235 0.001132
18 0.266521 459 0.002211
19 0.273137 356 0.001715
20 0.279753 396 0.001908
21 0.286370 445 0.002144
22 0.292986 426 0.002052
23 0.299602 481 0.002317
24 0.306219 634 0.003055
25 0.312835 647 0.003117
26 0.319451 723 0.003483
27 0.326068 688 0.003315
28 0.332684 712 0.003430
29 0.339300 715 0.003445
30 0.345917 919 0.004428
31 0.352533 1178 0.005676
32 0.359150 969 0.004669
33 0.365766 953 0.004592
34 0.372382 911 0.004389
35 0.378999 1278 0.006157
36 0.385615 1594 0.007680
37 0.392231 1670 0.008046
38 0.398848 1721 0.008292
39 0.405464 1626 0.007834
40 0.412080 1581 0.007617
41 0.418697 1780 0.008576
42 0.425313 2103 0.010132
43 0.431929 2835 0.013659
44 0.438546 2649 0.012763
45 0.445162 3218 0.015504
46 0.451779 3921 0.018891
47 0.458395 4207 0.020269
48 0.465011 5228 0.025188
49 0.471628 6907 0.033278
50 0.478244 9593 0.046219
51 0.484860 11641 0.056086
52 0.491477 14863 0.071610
53 0.498093 20667 0.099573
54 0.504709 17157 0.082662
55 0.511326 11175 0.053841
56 0.517942 9397 0.045275
57 0.524558 6175 0.029751
58 0.531175 5289 0.025482
59 0.537791 4979 0.023989
60 0.544408 3916 0.018867
61 0.551024 3146 0.015157
62 0.557640 3316 0.015976
63 0.564257 2784 0.013413
64 0.570873 2381 0.011472
65 0.577489 2175 0.010479
66 0.584106 1763 0.008494
67 0.590722 1628 0.007844
68 0.597338 1555 0.007492
69 0.603955 1614 0.007776
70 0.610571 1202 0.005791
71 0.617188 1397 0.006731
72 0.623804 1116 0.005377
73 0.630420 1266 0.006100
74 0.637037 996 0.004799
75 0.643653 768 0.003700
76 0.650269 680 0.003276
77 0.656886 685 0.003300
78 0.663502 579 0.002790
79 0.670118 521 0.002510
80 0.676735 465 0.002240
81 0.683351 527 0.002539
82 0.689967 417 0.002009
83 0.696584 445 0.002144
84 0.703200 514 0.002476
85 0.709817 409 0.001971
86 0.716433 308 0.001484
87 0.723049 364 0.001754
88 0.729666 294 0.001416
89 0.736282 282 0.001359
90 0.742898 313 0.001508
91 0.749515 320 0.001542
92 0.756131 439 0.002115
93 0.762747 316 0.001522
94 0.769364 249 0.001200
95 0.775980 253 0.001219
96 0.782596 196 0.000944
97 0.789213 264 0.001272
98 0.795829 123 0.000593
99 0.802446 1 0.000005
