0 0.000000 54 0.000260
1 0.010100 61 0.000294
2 0.020200 79 0.000381
3 0.030300 60 0.000289
4 0.040400 70 0.000337
5 0.050499 103 0.000496
6 0.060599 71 0.000342
7 0.070699 64 0.000308
8 0.080799 55 0.000265
9 0.090899 52 0.000251
10 0.100999 60 0.000289
11 0.111099 48 0.000231
12 0.121199 91 0.000438
13 0.131299 99 0.000477
14 0.141398 104 0.000501
15 0.151498 172 0.000829
16 0.161598 215 0.001036
17 0.171698 260 0.001253
18 0.181798 323 0.001556
19 0.191898 273 0.001315
20 0.201998 255 0.001229
21 0.212098 329 0.001585
22 0.222198 336 0.001619
23 0.232297 305 0.001469
24 0.242397 269 0.001296
25 0.252497 427 0.002057
26 0.262597 509 0.002452
27 0.272697 533 0.002568
28 0.282797 719 0.003464
29 0.292897 700 0.003373
30 0.302997 728 0.003507
31 0.313097 666 0.003209
32 0.323196 783 0.003772
33 0.333296 843 0.004062
34 0.343396 831 0.004004
35 0.353496 938 0.004519
36 0.363596 1336 0.006437
37 0.373696 1220 0.005878
38 0.383796 1648 0.007940
39 0.393896 1807 0.008706
40 0.403996 2436 0.011737
41 0.414095 2494 0.012016
42 0.424195 2963 0.014276
43 0.434295 3320 0.015996
44 0.444395 4170 0.020091
45 0.454495 5584 0.026904
46 0.464595 8354 0.040249
47 0.474695 12833 0.061829
48 0.484795 25899 0.124781
49 0.494895 37423 0.180303
50 0.504994 25344 0.122107
51 0.515094 12738 0.061371
52 0.525194 7717 0.037180
53 0.535294 5267 0.025376
54 0.545394 4163 0.020057
55 0.555494 3797 0.018294
56 0.565594 3752 0.018077
57 0.575694 2987 0.014391
58 0.585793 2060 0.009925
59 0.595893 1638 0.007892
60 0.605993 1495 0.007203
61 0.616093 1651 0.007954
62 0.626193 1220 0.005878
63 0.636293 992 0.004779
64 0.646393 1080 0.005203
65 0.656493 956 0.004606
66 0.666593 921 0.004437
67 0.676692 964 0.004645
68 0.686792 616 0.002968
69 0.696892 532 0.002563
70 0.706992 336 0.001619
71 0.717092 279 0.001344
72 0.727192 260 0.001253
73 0.737292 305 0.001469
74 0.747392 270 0.001301
75 0.757492 274 0.001320
76 0.767591 326 0.001571
77 0.777691 179 0.000862
78 0.787791 221 0.001065
79 0.797891 153 0.000737
80 0.807991 200 0.000964
81 0.818091 161 0.000776
82 0.828191 140 0.000675
83 0.838291 167 0.000805
84 0.848391 217 0.001046
85 0.858490 107 0.000516
86 0.868590 82 0.000395
87 0.878690 108 0.000520
88 0.888790 78 0.000376
89 0.898890 76 0.000366
90 0.908990 108 0.000520
91 0.919090 114 0.000549
92 0.929190 98 0.000472
93 0.939290 53 0.000255
94 0.949389 65 0.000313
95 0.959489 92 0.000443
96 0.969589 137 0.000660
97 0.979689 40 0.000193
98 0.989789 46 0.000222
99 0.999889 2 0.000010
