0 0.000000 64 0.000103
1 0.010101 110 0.000177
2 0.020202 159 0.000255
3 0.030303 146 0.000234
4 0.040404 169 0.000271
5 0.050505 160 0.000257
6 0.060606 106 0.000170
7 0.070707 112 0.000180
8 0.080808 142 0.000228
9 0.090909 130 0.000209
10 0.101010 123 0.000198
11 0.111111 107 0.000172
12 0.121212 172 0.000276
13 0.131313 147 0.000236
14 0.141414 146 0.000234
15 0.151515 222 0.000357
16 0.161616 249 0.000400
17 0.171717 292 0.000469
18 0.181818 365 0.000586
19 0.191919 330 0.000530
20 0.202020 340 0.000546
21 0.212121 482 0.000774
22 0.222222 491 0.000789
23 0.232323 393 0.000631
24 0.242424 499 0.000801
25 0.252525 809 0.001299
26 0.262626 743 0.001193
27 0.272727 858 0.001378
28 0.282828 1085 0.001743
29 0.292929 1098 0.001763
30 0.303030 1542 0.002476
31 0.313131 2963 0.004759
32 0.323232 3436 0.005518
33 0.333333 3686 0.005920
34 0.343434 2267 0.003641
35 0.353535 2442 0.003922
36 0.363636 3290 0.005284
37 0.373737 3551 0.005703
38 0.383838 3663 0.005883
39 0.393939 3518 0.005650
40 0.404040 4741 0.007614
41 0.414141 6187 0.009936
42 0.424242 11514 0.018491
43 0.434343 7378 0.011849
44 0.444444 7309 0.011738
45 0.454545 10111 0.016238
46 0.464646 14961 0.024027
47 0.474747 18911 0.030371
48 0.484848 33346 0.053553
49 0.494949 131865 0.211774
50 0.505050 35345 0.056764
51 0.515152 19628 0.031522
52 0.525253 16985 0.027278
53 0.535354 10803 0.017350
54 0.545455 10467 0.016810
55 0.555556 11498 0.018466
56 0.565657 14259 0.022900
57 0.575758 19189 0.030817
58 0.585859 26210 0.042093
59 0.595960 23422 0.037616
60 0.606061 18820 0.030225
61 0.616162 20588 0.033064
62 0.626263 18182 0.029200
63 0.636364 8019 0.012878
64 0.646465 5317 0.008539
65 0.656566 4845 0.007781
66 0.666667 4333 0.006959
67 0.676768 3787 0.006082
68 0.686869 2854 0.004584
69 0.696970 2409 0.003869
70 0.707071 2142 0.003440
71 0.717172 1815 0.002915
72 0.727273 1755 0.002819
73 0.737374 1827 0.002934
74 0.747475 1749 0.002809
75 0.757576 1881 0.003021
76 0.767677 2367 0.003801
77 0.777778 1574 0.002528
78 0.787879 1527 0.002452
79 0.797980 1756 0.002820
80 0.808081 1884 0.003026
81 0.818182 1795 0.002883
82 0.828283 1568 0.002518
83 0.838384 1647 0.002645
84 0.848485 2414 0.003877
85 0.858586 2194 0.003524
86 0.868687 2112 0.003392
87 0.878788 3167 0.005086
88 0.888889 2393 0.003843
89 0.898990 3256 0.005229
90 0.909091 4121 0.006618
91 0.919192 4818 0.007738
92 0.929293 3383 0.005433
93 0.939394 2333 0.003747
94 0.949495 1058 0.001699
95 0.959596 754 0.001211
96 0.969697 838 0.001346
97 0.979798 456 0.000732
98 0.989899 193 0.000310
99 1.000000 1 0.000002
