0 0.444946 7 0.000070
1 0.446254 5 0.000050
2 0.447561 6 0.000060
3 0.448868 12 0.000120
4 0.450175 19 0.000190
5 0.451482 12 0.000120
6 0.452790 6 0.000060
7 0.454097 39 0.000390
8 0.455404 36 0.000360
9 0.456711 28 0.000280
10 0.458018 40 0.000400
11 0.459326 69 0.000690
12 0.460633 68 0.000680
13 0.461940 68 0.000680
14 0.463247 76 0.000760
15 0.464554 100 0.001000
16 0.465862 121 0.001210
17 0.467169 151 0.001510
18 0.468476 98 0.000980
19 0.469783 114 0.001140
20 0.471090 170 0.001700
21 0.472398 218 0.002180
22 0.473705 289 0.002890
23 0.475012 303 0.003030
24 0.476319 278 0.002780
25 0.477626 382 0.003820
26 0.478934 437 0.004370
27 0.480241 377 0.003770
28 0.481548 463 0.004630
29 0.482855 546 0.005460
30 0.484162 582 0.005820
31 0.485470 569 0.005690
32 0.486777 660 0.006600
33 0.488084 845 0.008450
34 0.489391 1012 0.010120
35 0.490698 926 0.009260
36 0.492006 1072 0.010720
37 0.493313 1080 0.010800
38 0.494620 1063 0.010630
39 0.495927 1247 0.012470
40 0.497234 1430 0.014300
41 0.498542 1549 0.015490
42 0.499849 2061 0.020610
43 0.501156 2322 0.023220
44 0.502463 2977 0.029770
45 0.503770 3610 0.036100
46 0.505077 5266 0.052660
47 0.506385 6915 0.069150
48 0.507692 6119 0.061190
49 0.508999 5535 0.055350
50 0.510306 5512 0.055120
51 0.511613 4538 0.045380
52 0.512921 3096 0.030960
53 0.514228 2836 0.028360
54 0.515535 2884 0.028840
55 0.516842 2690 0.026900
56 0.518149 2512 0.025120
57 0.519457 2312 0.023120
58 0.520764 2044 0.020440
59 0.522071 1955 0.019550
60 0.523378 1782 0.017820
61 0.524685 1696 0.016960
62 0.525993 1359 0.013590
63 0.527300 1316 0.013160
64 0.528607 1168 0.011680
65 0.529914 1259 0.012590
66 0.531221 1090 0.010900
67 0.532529 945 0.009450
68 0.533836 789 0.007890
69 0.535143 669 0.006690
70 0.536450 687 0.006870
71 0.537757 696 0.006960
72 0.539065 628 0.006280
73 0.540372 584 0.005840
74 0.541679 550 0.005500
75 0.542986 349 0.003490
76 0.544293 360 0.003600
77 0.545601 358 0.003580
78 0.546908 328 0.003280
79 0.548215 282 0.002820
80 0.549522 222 0.002220
81 0.550829 197 0.001970
82 0.552137 150 0.001500
83 0.553444 111 0.001110
84 0.554751 122 0.001220
85 0.556058 102 0.001020
86 0.557365 87 0.000870
87 0.558673 102 0.001020
88 0.559980 58 0.000580
89 0.561287 37 0.000370
90 0.562594 25 0.000250
91 0.563901 15 0.000150
92 0.565208 21 0.000210
93 0.566516 16 0.000160
94 0.567823 23 0.000230
95 0.569130 15 0.000150
96 0.570437 16 0.000160
97 0.571745 10 0.000100
98 0.573052 18 0.000180
99 0.574359 1 0.000010
