initializing
training size    : 800000
testing size     : 100000
epoch count      : 10
sub epoch size   : 5

epoch_learning_rate_decay   : 8
learning_rate_decay         : 0.250000

training



epoch [0 0] from [10 5]
training time per iterations 0.415575[ms]
testing on 100000 items
testing done
average error 0.007329
min error     0.000000
max error     0.321715
saving best net
best net saved to experiment_0/trained/, with error 0.007329



epoch [0 1] from [10 5]
training time per iterations 0.414194[ms]
testing on 100000 items
testing done
average error 0.005630
min error     0.000000
max error     0.310836
saving best net
best net saved to experiment_0/trained/, with error 0.005630



epoch [0 2] from [10 5]
training time per iterations 0.415950[ms]
testing on 100000 items
testing done
average error 0.004580
min error     0.000000
max error     0.296495
saving best net
best net saved to experiment_0/trained/, with error 0.004580



epoch [0 3] from [10 5]
training time per iterations 0.414975[ms]
testing on 100000 items
testing done
average error 0.003725
min error     0.000000
max error     0.287365
saving best net
best net saved to experiment_0/trained/, with error 0.003725



epoch [0 4] from [10 5]
training time per iterations 0.414925[ms]
testing on 100000 items
testing done
average error 0.003385
min error     0.000000
max error     0.276383
saving best net
best net saved to experiment_0/trained/, with error 0.003385



epoch [1 0] from [10 5]
training time per iterations 0.415388[ms]
testing on 100000 items
testing done
average error 0.003108
min error     0.000000
max error     0.286947
saving best net
best net saved to experiment_0/trained/, with error 0.003108



epoch [1 1] from [10 5]
training time per iterations 0.414544[ms]
testing on 100000 items
testing done
average error 0.002845
min error     0.000000
max error     0.273383
saving best net
best net saved to experiment_0/trained/, with error 0.002845



epoch [1 2] from [10 5]
training time per iterations 0.416631[ms]
testing on 100000 items
testing done
average error 0.002624
min error     0.000000
max error     0.285202
saving best net
best net saved to experiment_0/trained/, with error 0.002624



epoch [1 3] from [10 5]
training time per iterations 0.414519[ms]
testing on 100000 items
testing done
average error 0.002477
min error     0.000000
max error     0.279652
saving best net
best net saved to experiment_0/trained/, with error 0.002477



epoch [1 4] from [10 5]
training time per iterations 0.415269[ms]
testing on 100000 items
testing done
average error 0.002296
min error     0.000000
max error     0.279705
saving best net
best net saved to experiment_0/trained/, with error 0.002296



epoch [2 0] from [10 5]
training time per iterations 0.415475[ms]
testing on 100000 items
testing done
average error 0.002176
min error     0.000000
max error     0.281509
saving best net
best net saved to experiment_0/trained/, with error 0.002176



epoch [2 1] from [10 5]
training time per iterations 0.415744[ms]
testing on 100000 items
testing done
average error 0.002174
min error     0.000000
max error     0.316545
saving best net
best net saved to experiment_0/trained/, with error 0.002174



epoch [2 2] from [10 5]
training time per iterations 0.415331[ms]
testing on 100000 items
testing done
average error 0.002009
min error     0.000000
max error     0.289322
saving best net
best net saved to experiment_0/trained/, with error 0.002009



epoch [2 3] from [10 5]
training time per iterations 0.415287[ms]
testing on 100000 items
testing done
average error 0.001968
min error     0.000000
max error     0.291970
saving best net
best net saved to experiment_0/trained/, with error 0.001968



epoch [2 4] from [10 5]
training time per iterations 0.415438[ms]
testing on 100000 items
testing done
average error 0.002005
min error     0.000000
max error     0.317960



epoch [3 0] from [10 5]
training time per iterations 0.415250[ms]
testing on 100000 items
testing done
average error 0.001911
min error     0.000000
max error     0.298262
saving best net
best net saved to experiment_0/trained/, with error 0.001911



epoch [3 1] from [10 5]
training time per iterations 0.415294[ms]
testing on 100000 items
testing done
average error 0.001926
min error     0.000000
max error     0.306488



epoch [3 2] from [10 5]
training time per iterations 0.414425[ms]
testing on 100000 items
testing done
average error 0.001818
min error     0.000000
max error     0.310516
saving best net
best net saved to experiment_0/trained/, with error 0.001818



epoch [3 3] from [10 5]
training time per iterations 0.415394[ms]
testing on 100000 items
testing done
average error 0.001801
min error     0.000000
max error     0.301243
saving best net
best net saved to experiment_0/trained/, with error 0.001801



epoch [3 4] from [10 5]
training time per iterations 0.415319[ms]
testing on 100000 items
testing done
average error 0.001749
min error     0.000000
max error     0.280617
saving best net
best net saved to experiment_0/trained/, with error 0.001749



epoch [4 0] from [10 5]
training time per iterations 0.416194[ms]
testing on 100000 items
testing done
average error 0.001759
min error     0.000000
max error     0.318237



epoch [4 1] from [10 5]
training time per iterations 0.415294[ms]
testing on 100000 items
testing done
average error 0.001800
min error     0.000000
max error     0.314657



epoch [4 2] from [10 5]
training time per iterations 0.414025[ms]
testing on 100000 items
testing done
average error 0.001734
min error     0.000000
max error     0.319845
saving best net
best net saved to experiment_0/trained/, with error 0.001734



epoch [4 3] from [10 5]
training time per iterations 0.415231[ms]
testing on 100000 items
testing done
average error 0.001733
min error     0.000000
max error     0.300150
saving best net
best net saved to experiment_0/trained/, with error 0.001733



epoch [4 4] from [10 5]
training time per iterations 0.414869[ms]
testing on 100000 items
testing done
average error 0.001679
min error     0.000000
max error     0.312290
saving best net
best net saved to experiment_0/trained/, with error 0.001679



epoch [5 0] from [10 5]
training time per iterations 0.415606[ms]
testing on 100000 items
testing done
average error 0.001639
min error     0.000000
max error     0.304338
saving best net
best net saved to experiment_0/trained/, with error 0.001639



epoch [5 1] from [10 5]
training time per iterations 0.414525[ms]
testing on 100000 items
testing done
average error 0.001770
min error     0.000000
max error     0.313194



epoch [5 2] from [10 5]
training time per iterations 0.414519[ms]
testing on 100000 items
testing done
average error 0.001614
min error     0.000000
max error     0.318172
saving best net
best net saved to experiment_0/trained/, with error 0.001614



epoch [5 3] from [10 5]
training time per iterations 0.414306[ms]
testing on 100000 items
testing done
average error 0.001606
min error     0.000000
max error     0.323405
saving best net
best net saved to experiment_0/trained/, with error 0.001606



epoch [5 4] from [10 5]
training time per iterations 0.416325[ms]
testing on 100000 items
testing done
average error 0.001623
min error     0.000000
max error     0.306477



epoch [6 0] from [10 5]
training time per iterations 0.415906[ms]
testing on 100000 items
testing done
average error 0.001615
min error     0.000000
max error     0.315988



epoch [6 1] from [10 5]
training time per iterations 0.415906[ms]
testing on 100000 items
testing done
average error 0.001649
min error     0.000000
max error     0.320543



epoch [6 2] from [10 5]
training time per iterations 0.413719[ms]
testing on 100000 items
testing done
average error 0.001572
min error     0.000000
max error     0.318314
saving best net
best net saved to experiment_0/trained/, with error 0.001572



epoch [6 3] from [10 5]
training time per iterations 0.418712[ms]
testing on 100000 items
testing done
average error 0.001596
min error     0.000000
max error     0.336129



epoch [6 4] from [10 5]
training time per iterations 0.415919[ms]
testing on 100000 items
testing done
average error 0.001566
min error     0.000000
max error     0.327106
saving best net
best net saved to experiment_0/trained/, with error 0.001566



epoch [7 0] from [10 5]
training time per iterations 0.413819[ms]
testing on 100000 items
testing done
average error 0.001741
min error     0.000000
max error     0.331209



epoch [7 1] from [10 5]
training time per iterations 0.419812[ms]
testing on 100000 items
testing done
average error 0.001552
min error     0.000000
max error     0.299259
saving best net
best net saved to experiment_0/trained/, with error 0.001552



epoch [7 2] from [10 5]
training time per iterations 0.415744[ms]
testing on 100000 items
testing done
average error 0.001532
min error     0.000000
max error     0.311989
saving best net
best net saved to experiment_0/trained/, with error 0.001532



epoch [7 3] from [10 5]
training time per iterations 0.415975[ms]
testing on 100000 items
testing done
average error 0.001550
min error     0.000000
max error     0.309664



epoch [7 4] from [10 5]
training time per iterations 0.415587[ms]
testing on 100000 items
testing done
average error 0.001534
min error     0.000000
max error     0.296126
setting learning rate to 0.000050



epoch [8 0] from [10 5]
training time per iterations 0.416988[ms]
testing on 100000 items
testing done
average error 0.001511
min error     0.000000
max error     0.311467
saving best net
best net saved to experiment_0/trained/, with error 0.001511



epoch [8 1] from [10 5]
training time per iterations 0.416513[ms]
testing on 100000 items
testing done
average error 0.001496
min error     0.000000
max error     0.310739
saving best net
best net saved to experiment_0/trained/, with error 0.001496



epoch [8 2] from [10 5]
training time per iterations 0.414006[ms]
testing on 100000 items
testing done
average error 0.001497
min error     0.000000
max error     0.311512



epoch [8 3] from [10 5]
training time per iterations 0.408531[ms]
testing on 100000 items
testing done
average error 0.001508
min error     0.000000
max error     0.321508



epoch [8 4] from [10 5]
training time per iterations 0.415794[ms]
testing on 100000 items
testing done
average error 0.001533
min error     0.000000
max error     0.322403



epoch [9 0] from [10 5]
training time per iterations 0.415413[ms]
testing on 100000 items
testing done
average error 0.001485
min error     0.000000
max error     0.310106
saving best net
best net saved to experiment_0/trained/, with error 0.001485



epoch [9 1] from [10 5]
training time per iterations 0.416006[ms]
testing on 100000 items
testing done
average error 0.001530
min error     0.000000
max error     0.319022



epoch [9 2] from [10 5]
training time per iterations 0.417237[ms]
testing on 100000 items
testing done
average error 0.001505
min error     0.000000
max error     0.313261



epoch [9 3] from [10 5]
training time per iterations 0.415175[ms]
testing on 100000 items
testing done
average error 0.001483
min error     0.000000
max error     0.320550
saving best net
best net saved to experiment_0/trained/, with error 0.001483



epoch [9 4] from [10 5]
training time per iterations 0.415988[ms]
testing on 100000 items
testing done
average error 0.001475
min error     0.000000
max error     0.313104
saving best net
best net saved to experiment_0/trained/, with error 0.001475
training done
