0.000000 0 0 0.013731 0.000000 0.312929 0.013816 0.000000 0.312929
0.200000 0 1 0.011642 0.000000 0.322214 0.011671 0.000000 0.322214
0.400000 0 2 0.010675 0.000000 0.319692 0.010708 0.000000 0.311817
0.600000 0 3 0.009989 0.000000 0.294454 0.009973 0.000000 0.294454
0.800000 0 4 0.009533 0.000000 0.276591 0.009495 0.000000 0.276591
1.000000 1 0 0.009182 0.000000 0.266172 0.009155 0.000000 0.258377
1.200000 1 1 0.008663 0.000000 0.253421 0.008650 0.000000 0.253421
1.400000 1 2 0.008059 0.000000 0.251959 0.008088 0.000000 0.251959
1.600000 1 3 0.007395 0.000000 0.250827 0.007379 0.000000 0.247501
1.800000 1 4 0.006697 0.000000 0.252342 0.006706 0.000000 0.252342
2.000000 2 0 0.006163 0.000000 0.259044 0.006153 0.000000 0.259044
2.200000 2 1 0.005457 0.000000 0.262565 0.005464 0.000000 0.262565
2.400000 2 2 0.004808 0.000000 0.249939 0.004824 0.000000 0.249906
2.600000 2 3 0.004181 0.000000 0.249851 0.004186 0.000000 0.249399
2.800000 2 4 0.003756 0.000000 0.250507 0.003741 0.000000 0.248689
3.000000 3 0 0.003457 0.000000 0.250010 0.003453 0.000000 0.250010
3.200000 3 1 0.003226 0.000000 0.250281 0.003227 0.000000 0.248789
3.400000 3 2 0.003055 0.000000 0.252256 0.003052 0.000000 0.252256
3.600000 3 3 0.002980 0.000000 0.252393 0.002988 0.000000 0.252393
3.800000 3 4 0.002927 0.000000 0.252812 0.002922 0.000000 0.252812
4.000000 4 0 0.002827 0.000000 0.255040 0.002830 0.000000 0.255040
4.200000 4 1 0.002634 0.000000 0.254259 0.002636 0.000000 0.254259
4.400000 4 2 0.002584 0.000000 0.253313 0.002559 0.000000 0.253313
4.600000 4 3 0.002526 0.000000 0.254308 0.002522 0.000000 0.254308
4.800000 4 4 0.002447 0.000000 0.256221 0.002443 0.000000 0.256221
5.000000 5 0 0.002387 0.000000 0.254967 0.002387 0.000000 0.254967
5.200000 5 1 0.002344 0.000000 0.255327 0.002346 0.000000 0.244388
5.400000 5 2 0.002319 0.000000 0.256816 0.002326 0.000000 0.256816
5.600000 5 3 0.002245 0.000000 0.256567 0.002245 0.000000 0.256567
5.800000 5 4 0.002219 0.000000 0.254366 0.002208 0.000000 0.254366
6.000000 6 0 0.002224 0.000000 0.257583 0.002232 0.000000 0.255972
6.200000 6 1 0.002292 0.000000 0.255836 0.002286 0.000000 0.255836
6.400000 6 2 0.002170 0.000000 0.257055 0.002169 0.000000 0.257055
6.600000 6 3 0.002096 0.000000 0.255534 0.002087 0.000000 0.250454
6.800000 6 4 0.002133 0.000000 0.258023 0.002129 0.000000 0.258023
7.000000 7 0 0.002122 0.000000 0.257584 0.002120 0.000000 0.252660
7.200000 7 1 0.002069 0.000000 0.257488 0.002054 0.000000 0.257488
7.400000 7 2 0.002065 0.000000 0.258618 0.002062 0.000000 0.253681
7.600000 7 3 0.002002 0.000000 0.259735 0.002009 0.000000 0.259735
7.800000 7 4 0.001983 0.000000 0.258632 0.001986 0.000000 0.258632
8.000000 8 0 0.001940 0.000000 0.258472 0.001959 0.000000 0.258472
8.200000 8 1 0.001940 0.000000 0.259155 0.001946 0.000000 0.254222
8.400000 8 2 0.001948 0.000000 0.259247 0.001951 0.000000 0.257762
8.600000 8 3 0.001933 0.000000 0.260237 0.001932 0.000000 0.255289
8.800000 8 4 0.001952 0.000000 0.258950 0.001952 0.000000 0.258950
9.000000 9 0 0.001916 0.000000 0.259538 0.001922 0.000000 0.258078
9.200000 9 1 0.001940 0.000000 0.259028 0.001930 0.000000 0.259028
9.400000 9 2 0.001894 0.000000 0.259305 0.001902 0.000000 0.257851
9.600000 9 3 0.001947 0.000000 0.258194 0.001952 0.000000 0.253276
9.800000 9 4 0.001900 0.000000 0.258452 0.001897 0.000000 0.258452
