0.000000 0 0 0.012193 0.000000 0.325259 0.012178 0.000000 0.325259
0.200000 0 1 0.010410 0.000000 0.357073 0.010446 0.000000 0.357073
0.400000 0 2 0.009872 0.000000 0.350501 0.009910 0.000000 0.350501
0.600000 0 3 0.009421 0.000000 0.340581 0.009423 0.000000 0.330043
0.800000 0 4 0.008646 0.000000 0.319082 0.008624 0.000000 0.319082
1.000000 1 0 0.008018 0.000000 0.289308 0.008006 0.000000 0.289308
1.200000 1 1 0.007523 0.000000 0.268798 0.007555 0.000000 0.259981
1.400000 1 2 0.006924 0.000000 0.251763 0.006931 0.000000 0.251763
1.600000 1 3 0.005807 0.000000 0.254549 0.005811 0.000000 0.253214
1.800000 1 4 0.005104 0.000000 0.253665 0.005116 0.000000 0.252602
2.000000 2 0 0.004484 0.000000 0.251121 0.004488 0.000000 0.247876
2.200000 2 1 0.003969 0.000000 0.250334 0.003976 0.000000 0.250334
2.400000 2 2 0.003671 0.000000 0.254128 0.003660 0.000000 0.249243
2.600000 2 3 0.003397 0.000000 0.255659 0.003391 0.000000 0.255659
2.800000 2 4 0.003184 0.000000 0.256735 0.003176 0.000000 0.251255
3.000000 3 0 0.003019 0.000000 0.258924 0.003027 0.000000 0.258924
3.200000 3 1 0.002896 0.000000 0.257209 0.002888 0.000000 0.257209
3.400000 3 2 0.002727 0.000000 0.256009 0.002717 0.000000 0.256009
3.600000 3 3 0.002540 0.000000 0.255581 0.002540 0.000000 0.255581
3.800000 3 4 0.002504 0.000000 0.256773 0.002510 0.000000 0.256773
4.000000 4 0 0.002336 0.000000 0.255939 0.002333 0.000000 0.255939
4.200000 4 1 0.002302 0.000000 0.256157 0.002301 0.000000 0.256157
4.400000 4 2 0.002274 0.000000 0.256300 0.002265 0.000000 0.256300
4.600000 4 3 0.002259 0.000000 0.256503 0.002263 0.000000 0.256503
